[ 2018-12-18T09:35:44+08:00 ] 127.0.0.1 /admin.php/Index/index.html
INFO: [ app_init ] --START--
INFO: Run Behavior\BuildLiteBehavior [ RunTime:0.000013s ]
INFO: [ app_init ] --END-- [ RunTime:0.002046s ]
INFO: [ app_begin ] --START--
INFO: Run Behavior\ReadHtmlCacheBehavior [ RunTime:0.002045s ]
INFO: [ app_begin ] --END-- [ RunTime:0.002143s ]
NOTIC: [8] Undefined index: id H:\www\project\Application\Admin\Controller\BaseController.class.php 第 11 行.
INFO: [ view_parse ] --START--
INFO: [ template_filter ] --START--
INFO: Run Behavior\ContentReplaceBehavior [ RunTime:0.001043s ]
INFO: [ template_filter ] --END-- [ RunTime:0.001126s ]
INFO: Run Behavior\ParseTemplateBehavior [ RunTime:0.012246s ]
INFO: [ view_parse ] --END-- [ RunTime:0.012302s ]
INFO: [ view_filter ] --START--
INFO: Run Behavior\WriteHtmlCacheBehavior [ RunTime:0.000856s ]
INFO: [ view_filter ] --END-- [ RunTime:0.000899s ]

[ 2018-12-18T09:35:47+08:00 ] 127.0.0.1 /admin.php/Login/login.html
INFO: [ app_init ] --START--
INFO: Run Behavior\BuildLiteBehavior [ RunTime:0.000012s ]
INFO: [ app_init ] --END-- [ RunTime:0.000472s ]
INFO: [ app_begin ] --START--
INFO: Run Behavior\ReadHtmlCacheBehavior [ RunTime:0.001411s ]
INFO: [ app_begin ] --END-- [ RunTime:0.001484s ]
NOTIC: [8] A session had already been started - ignoring session_start() H:\www\project\ThinkPHP\Common\functions.php 第 1272 行.
INFO: [ view_parse ] --START--
INFO: [ template_filter ] --START--
INFO: Run Behavior\ContentReplaceBehavior [ RunTime:0.000043s ]
INFO: [ template_filter ] --END-- [ RunTime:0.000084s ]
INFO: Run Behavior\ParseTemplateBehavior [ RunTime:0.006824s ]
INFO: [ view_parse ] --END-- [ RunTime:0.006875s ]
INFO: [ view_filter ] --START--
INFO: Run Behavior\WriteHtmlCacheBehavior [ RunTime:0.000432s ]
INFO: [ view_filter ] --END-- [ RunTime:0.000462s ]
INFO: [ app_end ] --START--
INFO: Run Behavior\ShowPageTraceBehavior [ RunTime:0.000952s ]
INFO: [ app_end ] --END-- [ RunTime:0.000994s ]

[ 2018-12-18T09:35:57+08:00 ] 127.0.0.1 /admin.php/Login/ajax_login.html
INFO: [ app_init ] --START--
INFO: Run Behavior\BuildLiteBehavior [ RunTime:0.000009s ]
INFO: [ app_init ] --END-- [ RunTime:0.000382s ]
INFO: [ app_begin ] --START--
INFO: Run Behavior\ReadHtmlCacheBehavior [ RunTime:0.000679s ]
INFO: [ app_begin ] --END-- [ RunTime:0.000730s ]
SQL: SHOW COLUMNS FROM `admin` [ RunTime:0.0207s ]
SQL: SELECT * FROM `admin` WHERE `password_md5` = 'a8f283efb0a7639652c9f09012f43cbb' LIMIT 1   [ RunTime:0.0024s ]
SQL: UPDATE `admin` SET `this_login_time`='1545096957',`this_login_ip`='127.0.0.1',`last_login_time`='1545008198',`last_login_ip`='127.0.0.1' WHERE `id` = 1 [ RunTime:0.0020s ]

[ 2018-12-18T09:35:57+08:00 ] 127.0.0.1 /admin.php/Index/index.html
INFO: [ app_init ] --START--
INFO: Run Behavior\BuildLiteBehavior [ RunTime:0.000012s ]
INFO: [ app_init ] --END-- [ RunTime:0.000604s ]
INFO: [ app_begin ] --START--
INFO: Run Behavior\ReadHtmlCacheBehavior [ RunTime:0.000846s ]
INFO: [ app_begin ] --END-- [ RunTime:0.000904s ]
NOTIC: [2048] Declaration of Admin\Model\AdminModel::add() should be compatible with Think\Model::add($data = '', $options = Array, $replace = false) H:\www\project\Application\Admin\Model\AdminModel.class.php 第 6 行.
NOTIC: [2048] Declaration of Admin\Model\AdminModel::delete() should be compatible with Think\Model::delete($options = Array) H:\www\project\Application\Admin\Model\AdminModel.class.php 第 6 行.
SQL: SHOW COLUMNS FROM `admin` [ RunTime:0.0203s ]
SQL: SHOW COLUMNS FROM `admin` [ RunTime:0.0787s ]
SQL: SELECT * FROM `admin` WHERE `id` = 1 LIMIT 1   [ RunTime:0.0005s ]
SQL: SELECT * FROM `admin` WHERE `id` = 1 LIMIT 1   [ RunTime:0.0005s ]
INFO: [ view_parse ] --START--
INFO: [ template_filter ] --START--
INFO: Run Behavior\ContentReplaceBehavior [ RunTime:0.000040s ]
INFO: [ template_filter ] --END-- [ RunTime:0.000080s ]
NOTIC: [8] Use of undefined constant Poetry - assumed 'Poetry' H:\www\project\Application\Runtime\Cache\Admin\b595b808c2ebeeeb0478ffc30bb4e87a.php 第 56 行.
NOTIC: [8] Use of undefined constant Poetry - assumed 'Poetry' H:\www\project\Application\Runtime\Cache\Admin\b595b808c2ebeeeb0478ffc30bb4e87a.php 第 61 行.
NOTIC: [8] Undefined variable: url H:\www\project\Application\Runtime\Cache\Admin\b595b808c2ebeeeb0478ffc30bb4e87a.php 第 63 行.
NOTIC: [8] Undefined variable: url H:\www\project\Application\Runtime\Cache\Admin\b595b808c2ebeeeb0478ffc30bb4e87a.php 第 66 行.
NOTIC: [8] Use of undefined constant Auth - assumed 'Auth' H:\www\project\Application\Runtime\Cache\Admin\b595b808c2ebeeeb0478ffc30bb4e87a.php 第 72 行.
NOTIC: [8] Use of undefined constant Auth - assumed 'Auth' H:\www\project\Application\Runtime\Cache\Admin\b595b808c2ebeeeb0478ffc30bb4e87a.php 第 77 行.
NOTIC: [8] Undefined variable: url H:\www\project\Application\Runtime\Cache\Admin\b595b808c2ebeeeb0478ffc30bb4e87a.php 第 79 行.
NOTIC: [8] Undefined variable: url H:\www\project\Application\Runtime\Cache\Admin\b595b808c2ebeeeb0478ffc30bb4e87a.php 第 82 行.
NOTIC: [8] Undefined variable: url H:\www\project\Application\Runtime\Cache\Admin\b595b808c2ebeeeb0478ffc30bb4e87a.php 第 85 行.
NOTIC: [8] Undefined variable: url H:\www\project\Application\Runtime\Cache\Admin\b595b808c2ebeeeb0478ffc30bb4e87a.php 第 88 行.
NOTIC: [8] Undefined variable: url H:\www\project\Application\Runtime\Cache\Admin\b595b808c2ebeeeb0478ffc30bb4e87a.php 第 91 行.
NOTIC: [8] Undefined variable: url H:\www\project\Application\Runtime\Cache\Admin\b595b808c2ebeeeb0478ffc30bb4e87a.php 第 94 行.
NOTIC: [8] Use of undefined constant System - assumed 'System' H:\www\project\Application\Runtime\Cache\Admin\b595b808c2ebeeeb0478ffc30bb4e87a.php 第 100 行.
NOTIC: [8] Use of undefined constant System - assumed 'System' H:\www\project\Application\Runtime\Cache\Admin\b595b808c2ebeeeb0478ffc30bb4e87a.php 第 105 行.
NOTIC: [8] Undefined variable: url H:\www\project\Application\Runtime\Cache\Admin\b595b808c2ebeeeb0478ffc30bb4e87a.php 第 107 行.
NOTIC: [8] Undefined variable: url H:\www\project\Application\Runtime\Cache\Admin\b595b808c2ebeeeb0478ffc30bb4e87a.php 第 110 行.
NOTIC: [8] Undefined variable: two H:\www\project\Application\Runtime\Cache\Admin\b595b808c2ebeeeb0478ffc30bb4e87a.php 第 130 行.
NOTIC: [8] Undefined variable: three H:\www\project\Application\Runtime\Cache\Admin\b595b808c2ebeeeb0478ffc30bb4e87a.php 第 133 行.
NOTIC: [8] Undefined variable: four H:\www\project\Application\Runtime\Cache\Admin\b595b808c2ebeeeb0478ffc30bb4e87a.php 第 136 行.
INFO: Run Behavior\ParseTemplateBehavior [ RunTime:0.016913s ]
INFO: [ view_parse ] --END-- [ RunTime:0.016957s ]
INFO: [ view_filter ] --START--
INFO: Run Behavior\WriteHtmlCacheBehavior [ RunTime:0.000786s ]
INFO: [ view_filter ] --END-- [ RunTime:0.000822s ]
INFO: [ app_end ] --START--
INFO: Run Behavior\ShowPageTraceBehavior [ RunTime:0.001868s ]
INFO: [ app_end ] --END-- [ RunTime:0.001909s ]

[ 2018-12-18T09:36:01+08:00 ] 127.0.0.1 /admin.php/Auth/myAuth.html
INFO: [ app_init ] --START--
INFO: Run Behavior\BuildLiteBehavior [ RunTime:0.000010s ]
INFO: [ app_init ] --END-- [ RunTime:0.000456s ]
INFO: [ app_begin ] --START--
INFO: Run Behavior\ReadHtmlCacheBehavior [ RunTime:0.000771s ]
INFO: [ app_begin ] --END-- [ RunTime:0.000830s ]
NOTIC: [2048] Declaration of Admin\Model\AdminModel::add() should be compatible with Think\Model::add($data = '', $options = Array, $replace = false) H:\www\project\Application\Admin\Model\AdminModel.class.php 第 6 行.
NOTIC: [2048] Declaration of Admin\Model\AdminModel::delete() should be compatible with Think\Model::delete($options = Array) H:\www\project\Application\Admin\Model\AdminModel.class.php 第 6 行.
SQL: SHOW COLUMNS FROM `admin` [ RunTime:0.0207s ]
SQL: SHOW COLUMNS FROM `admin` [ RunTime:0.0305s ]
SQL: SELECT * FROM `admin` WHERE `id` = 1 LIMIT 1   [ RunTime:0.0005s ]
NOTIC: [2048] Declaration of Admin\Model\AdminModuleModel::add() should be compatible with Think\Model::add($data = '', $options = Array, $replace = false) H:\www\project\Application\Admin\Model\AdminModuleModel.class.php 第 54 行.
NOTIC: [2048] Declaration of Admin\Model\AdminModuleModel::delete() should be compatible with Think\Model::delete($options = Array) H:\www\project\Application\Admin\Model\AdminModuleModel.class.php 第 54 行.
SQL: SHOW COLUMNS FROM `admin_module` [ RunTime:0.0153s ]
NOTIC: [2048] Declaration of Admin\Model\AdminRuleModel::add() should be compatible with Think\Model::add($data = '', $options = Array, $replace = false) H:\www\project\Application\Admin\Model\AdminRuleModel.class.php 第 54 行.
NOTIC: [2048] Declaration of Admin\Model\AdminRuleModel::delete() should be compatible with Think\Model::delete($options = Array) H:\www\project\Application\Admin\Model\AdminRuleModel.class.php 第 54 行.
SQL: SHOW COLUMNS FROM `admin_rule` [ RunTime:0.0155s ]
NOTIC: [2048] Declaration of Admin\Model\AdminGroupModel::add() should be compatible with Think\Model::add($data = '', $options = Array, $replace = false) H:\www\project\Application\Admin\Model\AdminGroupModel.class.php 第 42 行.
SQL: SHOW COLUMNS FROM `admin_group` [ RunTime:0.0201s ]
SQL: SHOW COLUMNS FROM `admin_group` [ RunTime:0.0082s ]
SQL: SELECT * FROM `admin_group` WHERE `id` = 1 LIMIT 1   [ RunTime:0.0006s ]
SQL: SHOW COLUMNS FROM `admin_module` [ RunTime:0.0053s ]
SQL: SELECT * FROM `admin_module` ORDER BY id asc  [ RunTime:0.0004s ]
SQL: SHOW COLUMNS FROM `admin_rule` [ RunTime:0.0052s ]
SQL: SELECT * FROM `admin_rule` WHERE `module` = '1' ORDER BY id asc  [ RunTime:0.0010s ]
INFO: [ view_parse ] --START--
INFO: [ template_filter ] --START--
INFO: Run Behavior\ContentReplaceBehavior [ RunTime:0.000122s ]
INFO: [ template_filter ] --END-- [ RunTime:0.000298s ]
NOTIC: [8] Use of undefined constant Poetry - assumed 'Poetry' H:\www\project\Application\Runtime\Cache\Admin\f9f73cc06cc725206f36ca99ed0973a4.php 第 56 行.
NOTIC: [8] Use of undefined constant Poetry - assumed 'Poetry' H:\www\project\Application\Runtime\Cache\Admin\f9f73cc06cc725206f36ca99ed0973a4.php 第 61 行.
NOTIC: [8] Undefined variable: url H:\www\project\Application\Runtime\Cache\Admin\f9f73cc06cc725206f36ca99ed0973a4.php 第 63 行.
NOTIC: [8] Undefined variable: url H:\www\project\Application\Runtime\Cache\Admin\f9f73cc06cc725206f36ca99ed0973a4.php 第 66 行.
NOTIC: [8] Use of undefined constant Auth - assumed 'Auth' H:\www\project\Application\Runtime\Cache\Admin\f9f73cc06cc725206f36ca99ed0973a4.php 第 72 行.
NOTIC: [8] Use of undefined constant Auth - assumed 'Auth' H:\www\project\Application\Runtime\Cache\Admin\f9f73cc06cc725206f36ca99ed0973a4.php 第 77 行.
NOTIC: [8] Undefined variable: url H:\www\project\Application\Runtime\Cache\Admin\f9f73cc06cc725206f36ca99ed0973a4.php 第 79 行.
NOTIC: [8] Undefined variable: url H:\www\project\Application\Runtime\Cache\Admin\f9f73cc06cc725206f36ca99ed0973a4.php 第 82 行.
NOTIC: [8] Undefined variable: url H:\www\project\Application\Runtime\Cache\Admin\f9f73cc06cc725206f36ca99ed0973a4.php 第 85 行.
NOTIC: [8] Undefined variable: url H:\www\project\Application\Runtime\Cache\Admin\f9f73cc06cc725206f36ca99ed0973a4.php 第 88 行.
NOTIC: [8] Undefined variable: url H:\www\project\Application\Runtime\Cache\Admin\f9f73cc06cc725206f36ca99ed0973a4.php 第 91 行.
NOTIC: [8] Undefined variable: url H:\www\project\Application\Runtime\Cache\Admin\f9f73cc06cc725206f36ca99ed0973a4.php 第 94 行.
NOTIC: [8] Use of undefined constant System - assumed 'System' H:\www\project\Application\Runtime\Cache\Admin\f9f73cc06cc725206f36ca99ed0973a4.php 第 100 行.
NOTIC: [8] Use of undefined constant System - assumed 'System' H:\www\project\Application\Runtime\Cache\Admin\f9f73cc06cc725206f36ca99ed0973a4.php 第 105 行.
NOTIC: [8] Undefined variable: url H:\www\project\Application\Runtime\Cache\Admin\f9f73cc06cc725206f36ca99ed0973a4.php 第 107 行.
NOTIC: [8] Undefined variable: url H:\www\project\Application\Runtime\Cache\Admin\f9f73cc06cc725206f36ca99ed0973a4.php 第 110 行.
NOTIC: [8] Undefined variable: one H:\www\project\Application\Runtime\Cache\Admin\f9f73cc06cc725206f36ca99ed0973a4.php 第 127 行.
NOTIC: [8] Undefined variable: two H:\www\project\Application\Runtime\Cache\Admin\f9f73cc06cc725206f36ca99ed0973a4.php 第 130 行.
NOTIC: [8] Undefined variable: three H:\www\project\Application\Runtime\Cache\Admin\f9f73cc06cc725206f36ca99ed0973a4.php 第 133 行.
NOTIC: [8] Undefined variable: four H:\www\project\Application\Runtime\Cache\Admin\f9f73cc06cc725206f36ca99ed0973a4.php 第 136 行.
NOTIC: [8] Undefined index: check H:\www\project\Application\Runtime\Cache\Admin\f9f73cc06cc725206f36ca99ed0973a4.php 第 181 行.
NOTIC: [8] Undefined index: check H:\www\project\Application\Runtime\Cache\Admin\f9f73cc06cc725206f36ca99ed0973a4.php 第 181 行.
NOTIC: [8] Undefined index: check H:\www\project\Application\Runtime\Cache\Admin\f9f73cc06cc725206f36ca99ed0973a4.php 第 181 行.
INFO: Run Behavior\ParseTemplateBehavior [ RunTime:0.012208s ]
INFO: [ view_parse ] --END-- [ RunTime:0.012248s ]
INFO: [ view_filter ] --START--
INFO: Run Behavior\WriteHtmlCacheBehavior [ RunTime:0.000494s ]
INFO: [ view_filter ] --END-- [ RunTime:0.000526s ]
INFO: [ app_end ] --START--
INFO: Run Behavior\ShowPageTraceBehavior [ RunTime:0.000754s ]
INFO: [ app_end ] --END-- [ RunTime:0.000796s ]

[ 2018-12-18T09:39:17+08:00 ] 127.0.0.1 /admin.php/Auth/myAuth.html
INFO: [ app_init ] --START--
INFO: Run Behavior\BuildLiteBehavior [ RunTime:0.000013s ]
INFO: [ app_init ] --END-- [ RunTime:0.000609s ]
INFO: [ app_begin ] --START--
INFO: Run Behavior\ReadHtmlCacheBehavior [ RunTime:0.000776s ]
INFO: [ app_begin ] --END-- [ RunTime:0.000833s ]
NOTIC: [2048] Declaration of Admin\Model\AdminModel::add() should be compatible with Think\Model::add($data = '', $options = Array, $replace = false) H:\www\project\Application\Admin\Model\AdminModel.class.php 第 6 行.
NOTIC: [2048] Declaration of Admin\Model\AdminModel::delete() should be compatible with Think\Model::delete($options = Array) H:\www\project\Application\Admin\Model\AdminModel.class.php 第 6 行.
SQL: SHOW COLUMNS FROM `admin` [ RunTime:0.0145s ]
SQL: SHOW COLUMNS FROM `admin` [ RunTime:0.0211s ]
SQL: SELECT * FROM `admin` WHERE `id` = 1 LIMIT 1   [ RunTime:0.0005s ]
NOTIC: [2048] Declaration of Admin\Model\AdminModuleModel::add() should be compatible with Think\Model::add($data = '', $options = Array, $replace = false) H:\www\project\Application\Admin\Model\AdminModuleModel.class.php 第 54 行.
NOTIC: [2048] Declaration of Admin\Model\AdminModuleModel::delete() should be compatible with Think\Model::delete($options = Array) H:\www\project\Application\Admin\Model\AdminModuleModel.class.php 第 54 行.
SQL: SHOW COLUMNS FROM `admin_module` [ RunTime:0.0140s ]
NOTIC: [2048] Declaration of Admin\Model\AdminRuleModel::add() should be compatible with Think\Model::add($data = '', $options = Array, $replace = false) H:\www\project\Application\Admin\Model\AdminRuleModel.class.php 第 54 行.
NOTIC: [2048] Declaration of Admin\Model\AdminRuleModel::delete() should be compatible with Think\Model::delete($options = Array) H:\www\project\Application\Admin\Model\AdminRuleModel.class.php 第 54 行.
SQL: SHOW COLUMNS FROM `admin_rule` [ RunTime:0.0192s ]
NOTIC: [2048] Declaration of Admin\Model\AdminGroupModel::add() should be compatible with Think\Model::add($data = '', $options = Array, $replace = false) H:\www\project\Application\Admin\Model\AdminGroupModel.class.php 第 42 行.
SQL: SHOW COLUMNS FROM `admin_group` [ RunTime:0.0124s ]
SQL: SHOW COLUMNS FROM `admin_group` [ RunTime:0.0203s ]
SQL: SELECT * FROM `admin_group` WHERE `id` = 1 LIMIT 1   [ RunTime:0.0006s ]
SQL: SHOW COLUMNS FROM `admin_module` [ RunTime:0.0130s ]
SQL: SELECT * FROM `admin_module` ORDER BY id asc  [ RunTime:0.0002s ]
SQL: SHOW COLUMNS FROM `admin_rule` [ RunTime:0.0091s ]
SQL: SELECT * FROM `admin_rule` WHERE `module` = '1' ORDER BY id asc  [ RunTime:0.0004s ]

[ 2018-12-18T09:39:27+08:00 ] 127.0.0.1 /admin.php/Index/index.html
INFO: [ app_init ] --START--
INFO: Run Behavior\BuildLiteBehavior [ RunTime:0.000013s ]
INFO: [ app_init ] --END-- [ RunTime:0.000461s ]
INFO: [ app_begin ] --START--
INFO: Run Behavior\ReadHtmlCacheBehavior [ RunTime:0.000572s ]
INFO: [ app_begin ] --END-- [ RunTime:0.000629s ]
NOTIC: [2048] Declaration of Admin\Model\AdminModel::add() should be compatible with Think\Model::add($data = '', $options = Array, $replace = false) H:\www\project\Application\Admin\Model\AdminModel.class.php 第 6 行.
NOTIC: [2048] Declaration of Admin\Model\AdminModel::delete() should be compatible with Think\Model::delete($options = Array) H:\www\project\Application\Admin\Model\AdminModel.class.php 第 6 行.
SQL: SHOW COLUMNS FROM `admin` [ RunTime:0.0112s ]
SQL: SHOW COLUMNS FROM `admin` [ RunTime:0.0168s ]
SQL: SELECT * FROM `admin` WHERE `id` = 1 LIMIT 1   [ RunTime:0.0006s ]
SQL: SELECT * FROM `admin` WHERE `id` = 1 LIMIT 1   [ RunTime:0.0015s ]
INFO: [ view_parse ] --START--
INFO: [ template_filter ] --START--
INFO: Run Behavior\ContentReplaceBehavior [ RunTime:0.000040s ]
INFO: [ template_filter ] --END-- [ RunTime:0.000082s ]
NOTIC: [8] Use of undefined constant Poetry - assumed 'Poetry' H:\www\project\Application\Runtime\Cache\Admin\b595b808c2ebeeeb0478ffc30bb4e87a.php 第 56 行.
NOTIC: [8] Use of undefined constant Poetry - assumed 'Poetry' H:\www\project\Application\Runtime\Cache\Admin\b595b808c2ebeeeb0478ffc30bb4e87a.php 第 61 行.
NOTIC: [8] Undefined variable: url H:\www\project\Application\Runtime\Cache\Admin\b595b808c2ebeeeb0478ffc30bb4e87a.php 第 63 行.
NOTIC: [8] Undefined variable: url H:\www\project\Application\Runtime\Cache\Admin\b595b808c2ebeeeb0478ffc30bb4e87a.php 第 66 行.
NOTIC: [8] Use of undefined constant Auth - assumed 'Auth' H:\www\project\Application\Runtime\Cache\Admin\b595b808c2ebeeeb0478ffc30bb4e87a.php 第 72 行.
NOTIC: [8] Use of undefined constant Auth - assumed 'Auth' H:\www\project\Application\Runtime\Cache\Admin\b595b808c2ebeeeb0478ffc30bb4e87a.php 第 77 行.
NOTIC: [8] Undefined variable: url H:\www\project\Application\Runtime\Cache\Admin\b595b808c2ebeeeb0478ffc30bb4e87a.php 第 79 行.
NOTIC: [8] Undefined variable: url H:\www\project\Application\Runtime\Cache\Admin\b595b808c2ebeeeb0478ffc30bb4e87a.php 第 82 行.
NOTIC: [8] Undefined variable: url H:\www\project\Application\Runtime\Cache\Admin\b595b808c2ebeeeb0478ffc30bb4e87a.php 第 85 行.
NOTIC: [8] Undefined variable: url H:\www\project\Application\Runtime\Cache\Admin\b595b808c2ebeeeb0478ffc30bb4e87a.php 第 88 行.
NOTIC: [8] Undefined variable: url H:\www\project\Application\Runtime\Cache\Admin\b595b808c2ebeeeb0478ffc30bb4e87a.php 第 91 行.
NOTIC: [8] Undefined variable: url H:\www\project\Application\Runtime\Cache\Admin\b595b808c2ebeeeb0478ffc30bb4e87a.php 第 94 行.
NOTIC: [8] Use of undefined constant System - assumed 'System' H:\www\project\Application\Runtime\Cache\Admin\b595b808c2ebeeeb0478ffc30bb4e87a.php 第 100 行.
NOTIC: [8] Use of undefined constant System - assumed 'System' H:\www\project\Application\Runtime\Cache\Admin\b595b808c2ebeeeb0478ffc30bb4e87a.php 第 105 行.
NOTIC: [8] Undefined variable: url H:\www\project\Application\Runtime\Cache\Admin\b595b808c2ebeeeb0478ffc30bb4e87a.php 第 107 行.
NOTIC: [8] Undefined variable: url H:\www\project\Application\Runtime\Cache\Admin\b595b808c2ebeeeb0478ffc30bb4e87a.php 第 110 行.
NOTIC: [8] Undefined variable: two H:\www\project\Application\Runtime\Cache\Admin\b595b808c2ebeeeb0478ffc30bb4e87a.php 第 130 行.
NOTIC: [8] Undefined variable: three H:\www\project\Application\Runtime\Cache\Admin\b595b808c2ebeeeb0478ffc30bb4e87a.php 第 133 行.
NOTIC: [8] Undefined variable: four H:\www\project\Application\Runtime\Cache\Admin\b595b808c2ebeeeb0478ffc30bb4e87a.php 第 136 行.
INFO: Run Behavior\ParseTemplateBehavior [ RunTime:0.012398s ]
INFO: [ view_parse ] --END-- [ RunTime:0.012452s ]
INFO: [ view_filter ] --START--
INFO: Run Behavior\WriteHtmlCacheBehavior [ RunTime:0.000525s ]
INFO: [ view_filter ] --END-- [ RunTime:0.000560s ]
INFO: [ app_end ] --START--
INFO: Run Behavior\ShowPageTraceBehavior [ RunTime:0.000638s ]
INFO: [ app_end ] --END-- [ RunTime:0.000672s ]

[ 2018-12-18T09:39:31+08:00 ] 127.0.0.1 /admin.php/Auth/auth.html
INFO: [ app_init ] --START--
INFO: Run Behavior\BuildLiteBehavior [ RunTime:0.000014s ]
INFO: [ app_init ] --END-- [ RunTime:0.000578s ]
INFO: [ app_begin ] --START--
INFO: Run Behavior\ReadHtmlCacheBehavior [ RunTime:0.000806s ]
INFO: [ app_begin ] --END-- [ RunTime:0.000883s ]
NOTIC: [2048] Declaration of Admin\Model\AdminModel::add() should be compatible with Think\Model::add($data = '', $options = Array, $replace = false) H:\www\project\Application\Admin\Model\AdminModel.class.php 第 6 行.
NOTIC: [2048] Declaration of Admin\Model\AdminModel::delete() should be compatible with Think\Model::delete($options = Array) H:\www\project\Application\Admin\Model\AdminModel.class.php 第 6 行.
SQL: SHOW COLUMNS FROM `admin` [ RunTime:0.0298s ]
SQL: SHOW COLUMNS FROM `admin` [ RunTime:0.0197s ]
SQL: SELECT * FROM `admin` WHERE `id` = 1 LIMIT 1   [ RunTime:0.0004s ]
NOTIC: [2048] Declaration of Admin\Model\AdminGroupModel::add() should be compatible with Think\Model::add($data = '', $options = Array, $replace = false) H:\www\project\Application\Admin\Model\AdminGroupModel.class.php 第 42 行.
SQL: SHOW COLUMNS FROM `admin_group` [ RunTime:0.0166s ]
NOTIC: [2048] Declaration of Admin\Model\AdminRuleModel::add() should be compatible with Think\Model::add($data = '', $options = Array, $replace = false) H:\www\project\Application\Admin\Model\AdminRuleModel.class.php 第 54 行.
NOTIC: [2048] Declaration of Admin\Model\AdminRuleModel::delete() should be compatible with Think\Model::delete($options = Array) H:\www\project\Application\Admin\Model\AdminRuleModel.class.php 第 54 行.
SQL: SHOW COLUMNS FROM `admin_rule` [ RunTime:0.0215s ]
SQL: SHOW COLUMNS FROM `admin_group` [ RunTime:0.0116s ]
SQL: SELECT COUNT(*) AS tp_count FROM `admin_group` WHERE `status` > 0 LIMIT 1   [ RunTime:0.0017s ]
SQL: SELECT * FROM `admin_group` WHERE `status` > 0 ORDER BY id asc LIMIT 0,1   [ RunTime:0.0003s ]
SQL: SHOW COLUMNS FROM `admin_rule` [ RunTime:0.0183s ]
SQL: SELECT * FROM `admin_rule` WHERE `status` > 0 AND `id` = 0 LIMIT 1   [ RunTime:0.0005s ]
INFO: [ view_parse ] --START--
INFO: [ template_filter ] --START--
INFO: Run Behavior\ContentReplaceBehavior [ RunTime:0.000041s ]
INFO: [ template_filter ] --END-- [ RunTime:0.000076s ]
NOTIC: [8] Use of undefined constant Poetry - assumed 'Poetry' H:\www\project\Application\Runtime\Cache\Admin\f9522b46b13d8dc4dfb2f77f6d1bd29e.php 第 53 行.
NOTIC: [8] Use of undefined constant Poetry - assumed 'Poetry' H:\www\project\Application\Runtime\Cache\Admin\f9522b46b13d8dc4dfb2f77f6d1bd29e.php 第 58 行.
NOTIC: [8] Use of undefined constant Auth - assumed 'Auth' H:\www\project\Application\Runtime\Cache\Admin\f9522b46b13d8dc4dfb2f77f6d1bd29e.php 第 69 行.
NOTIC: [8] Use of undefined constant Auth - assumed 'Auth' H:\www\project\Application\Runtime\Cache\Admin\f9522b46b13d8dc4dfb2f77f6d1bd29e.php 第 74 行.
NOTIC: [8] Use of undefined constant System - assumed 'System' H:\www\project\Application\Runtime\Cache\Admin\f9522b46b13d8dc4dfb2f77f6d1bd29e.php 第 97 行.
NOTIC: [8] Use of undefined constant System - assumed 'System' H:\www\project\Application\Runtime\Cache\Admin\f9522b46b13d8dc4dfb2f77f6d1bd29e.php 第 102 行.
NOTIC: [8] Undefined variable: three H:\www\project\Application\Runtime\Cache\Admin\f9522b46b13d8dc4dfb2f77f6d1bd29e.php 第 130 行.
NOTIC: [8] Undefined variable: four H:\www\project\Application\Runtime\Cache\Admin\f9522b46b13d8dc4dfb2f77f6d1bd29e.php 第 133 行.
INFO: Run Behavior\ParseTemplateBehavior [ RunTime:0.012513s ]
INFO: [ view_parse ] --END-- [ RunTime:0.012564s ]
INFO: [ view_filter ] --START--
INFO: Run Behavior\WriteHtmlCacheBehavior [ RunTime:0.000563s ]
INFO: [ view_filter ] --END-- [ RunTime:0.000599s ]
INFO: [ app_end ] --START--
INFO: Run Behavior\ShowPageTraceBehavior [ RunTime:0.000529s ]
INFO: [ app_end ] --END-- [ RunTime:0.000559s ]

[ 2018-12-18T09:39:33+08:00 ] 127.0.0.1 /admin.php/Auth/authAddEdit/id/1.html
INFO: [ app_init ] --START--
INFO: Run Behavior\BuildLiteBehavior [ RunTime:0.000011s ]
INFO: [ app_init ] --END-- [ RunTime:0.000439s ]
INFO: [ app_begin ] --START--
INFO: Run Behavior\ReadHtmlCacheBehavior [ RunTime:0.000539s ]
INFO: [ app_begin ] --END-- [ RunTime:0.000584s ]
NOTIC: [2048] Declaration of Admin\Model\AdminModel::add() should be compatible with Think\Model::add($data = '', $options = Array, $replace = false) H:\www\project\Application\Admin\Model\AdminModel.class.php 第 6 行.
NOTIC: [2048] Declaration of Admin\Model\AdminModel::delete() should be compatible with Think\Model::delete($options = Array) H:\www\project\Application\Admin\Model\AdminModel.class.php 第 6 行.
SQL: SHOW COLUMNS FROM `admin` [ RunTime:0.0149s ]
SQL: SHOW COLUMNS FROM `admin` [ RunTime:0.0186s ]
SQL: SELECT * FROM `admin` WHERE `id` = 1 LIMIT 1   [ RunTime:0.0014s ]
NOTIC: [2048] Declaration of Admin\Model\AdminModuleModel::add() should be compatible with Think\Model::add($data = '', $options = Array, $replace = false) H:\www\project\Application\Admin\Model\AdminModuleModel.class.php 第 54 行.
NOTIC: [2048] Declaration of Admin\Model\AdminModuleModel::delete() should be compatible with Think\Model::delete($options = Array) H:\www\project\Application\Admin\Model\AdminModuleModel.class.php 第 54 行.
SQL: SHOW COLUMNS FROM `admin_module` [ RunTime:0.0115s ]
NOTIC: [2048] Declaration of Admin\Model\AdminRuleModel::add() should be compatible with Think\Model::add($data = '', $options = Array, $replace = false) H:\www\project\Application\Admin\Model\AdminRuleModel.class.php 第 54 行.
NOTIC: [2048] Declaration of Admin\Model\AdminRuleModel::delete() should be compatible with Think\Model::delete($options = Array) H:\www\project\Application\Admin\Model\AdminRuleModel.class.php 第 54 行.
SQL: SHOW COLUMNS FROM `admin_rule` [ RunTime:0.0216s ]
NOTIC: [2048] Declaration of Admin\Model\AdminGroupModel::add() should be compatible with Think\Model::add($data = '', $options = Array, $replace = false) H:\www\project\Application\Admin\Model\AdminGroupModel.class.php 第 42 行.
SQL: SHOW COLUMNS FROM `admin_group` [ RunTime:0.0117s ]
SQL: SELECT * FROM `admin` WHERE `id` = 1 LIMIT 1   [ RunTime:0.0003s ]
SQL: SHOW COLUMNS FROM `admin_group` [ RunTime:0.0197s ]
SQL: SELECT * FROM `admin_group` WHERE `id` = 1 LIMIT 1   [ RunTime:0.0003s ]
SQL: SHOW COLUMNS FROM `admin_module` [ RunTime:0.0112s ]
SQL: SELECT * FROM `admin_module` ORDER BY id asc  [ RunTime:0.0002s ]
SQL: SHOW COLUMNS FROM `admin_rule` [ RunTime:0.0200s ]
SQL: SELECT * FROM `admin_rule` WHERE `module` = '1' ORDER BY id asc  [ RunTime:0.0004s ]
INFO: [ view_parse ] --START--
INFO: [ template_filter ] --START--
INFO: Run Behavior\ContentReplaceBehavior [ RunTime:0.000052s ]
INFO: [ template_filter ] --END-- [ RunTime:0.000089s ]
NOTIC: [8] Use of undefined constant Poetry - assumed 'Poetry' H:\www\project\Application\Runtime\Cache\Admin\f699e214aae4ed3475877b8425f345c3.php 第 56 行.
NOTIC: [8] Use of undefined constant Poetry - assumed 'Poetry' H:\www\project\Application\Runtime\Cache\Admin\f699e214aae4ed3475877b8425f345c3.php 第 61 行.
NOTIC: [8] Use of undefined constant Auth - assumed 'Auth' H:\www\project\Application\Runtime\Cache\Admin\f699e214aae4ed3475877b8425f345c3.php 第 72 行.
NOTIC: [8] Use of undefined constant Auth - assumed 'Auth' H:\www\project\Application\Runtime\Cache\Admin\f699e214aae4ed3475877b8425f345c3.php 第 77 行.
NOTIC: [8] Use of undefined constant System - assumed 'System' H:\www\project\Application\Runtime\Cache\Admin\f699e214aae4ed3475877b8425f345c3.php 第 100 行.
NOTIC: [8] Use of undefined constant System - assumed 'System' H:\www\project\Application\Runtime\Cache\Admin\f699e214aae4ed3475877b8425f345c3.php 第 105 行.
NOTIC: [8] Undefined variable: four H:\www\project\Application\Runtime\Cache\Admin\f699e214aae4ed3475877b8425f345c3.php 第 136 行.
NOTIC: [8] Undefined index: check H:\www\project\Application\Runtime\Cache\Admin\f699e214aae4ed3475877b8425f345c3.php 第 185 行.
NOTIC: [8] Undefined index: check H:\www\project\Application\Runtime\Cache\Admin\f699e214aae4ed3475877b8425f345c3.php 第 185 行.
NOTIC: [8] Undefined index: check H:\www\project\Application\Runtime\Cache\Admin\f699e214aae4ed3475877b8425f345c3.php 第 185 行.
INFO: Run Behavior\ParseTemplateBehavior [ RunTime:0.011573s ]
INFO: [ view_parse ] --END-- [ RunTime:0.011612s ]
INFO: [ view_filter ] --START--
INFO: Run Behavior\WriteHtmlCacheBehavior [ RunTime:0.000412s ]
INFO: [ view_filter ] --END-- [ RunTime:0.000441s ]
INFO: [ app_end ] --START--
INFO: Run Behavior\ShowPageTraceBehavior [ RunTime:0.001214s ]
INFO: [ app_end ] --END-- [ RunTime:0.001265s ]

[ 2018-12-18T09:39:35+08:00 ] 127.0.0.1 /admin.php/Auth/authAddEdit/id/1.html
INFO: [ app_init ] --START--
INFO: Run Behavior\BuildLiteBehavior [ RunTime:0.000013s ]
INFO: [ app_init ] --END-- [ RunTime:0.000526s ]
INFO: [ app_begin ] --START--
INFO: Run Behavior\ReadHtmlCacheBehavior [ RunTime:0.001191s ]
INFO: [ app_begin ] --END-- [ RunTime:0.001336s ]
NOTIC: [2048] Declaration of Admin\Model\AdminModel::add() should be compatible with Think\Model::add($data = '', $options = Array, $replace = false) H:\www\project\Application\Admin\Model\AdminModel.class.php 第 6 行.
NOTIC: [2048] Declaration of Admin\Model\AdminModel::delete() should be compatible with Think\Model::delete($options = Array) H:\www\project\Application\Admin\Model\AdminModel.class.php 第 6 行.
SQL: SHOW COLUMNS FROM `admin` [ RunTime:0.0143s ]
SQL: SHOW COLUMNS FROM `admin` [ RunTime:0.0136s ]
SQL: SELECT * FROM `admin` WHERE `id` = 1 LIMIT 1   [ RunTime:0.0004s ]
NOTIC: [2048] Declaration of Admin\Model\AdminModuleModel::add() should be compatible with Think\Model::add($data = '', $options = Array, $replace = false) H:\www\project\Application\Admin\Model\AdminModuleModel.class.php 第 54 行.
NOTIC: [2048] Declaration of Admin\Model\AdminModuleModel::delete() should be compatible with Think\Model::delete($options = Array) H:\www\project\Application\Admin\Model\AdminModuleModel.class.php 第 54 行.
SQL: SHOW COLUMNS FROM `admin_module` [ RunTime:0.0117s ]
NOTIC: [2048] Declaration of Admin\Model\AdminRuleModel::add() should be compatible with Think\Model::add($data = '', $options = Array, $replace = false) H:\www\project\Application\Admin\Model\AdminRuleModel.class.php 第 54 行.
NOTIC: [2048] Declaration of Admin\Model\AdminRuleModel::delete() should be compatible with Think\Model::delete($options = Array) H:\www\project\Application\Admin\Model\AdminRuleModel.class.php 第 54 行.
SQL: SHOW COLUMNS FROM `admin_rule` [ RunTime:0.0198s ]
NOTIC: [2048] Declaration of Admin\Model\AdminGroupModel::add() should be compatible with Think\Model::add($data = '', $options = Array, $replace = false) H:\www\project\Application\Admin\Model\AdminGroupModel.class.php 第 42 行.
SQL: SHOW COLUMNS FROM `admin_group` [ RunTime:0.0136s ]
SQL: SELECT * FROM `admin` WHERE `id` = 1 LIMIT 1   [ RunTime:0.0037s ]
SQL: SHOW COLUMNS FROM `admin_group` [ RunTime:0.0126s ]
SQL: SELECT * FROM `admin_group` WHERE `id` = 1 LIMIT 1   [ RunTime:0.0005s ]
SQL: SHOW COLUMNS FROM `admin_module` [ RunTime:0.0134s ]
SQL: SELECT * FROM `admin_module` ORDER BY id asc  [ RunTime:0.0003s ]
SQL: SHOW COLUMNS FROM `admin_rule` [ RunTime:0.0126s ]
SQL: SELECT * FROM `admin_rule` WHERE `module` = '1' ORDER BY id asc  [ RunTime:0.0004s ]
SQL: UPDATE `admin_group` SET `rules`='1',`name`='超级管理员',`description`='超级管理员',`status`='1' WHERE `id` = 1 [ RunTime:0.0004s ]
INFO: [ view_parse ] --START--
INFO: [ template_filter ] --START--
INFO: Run Behavior\ContentReplaceBehavior [ RunTime:0.000029s ]
INFO: [ template_filter ] --END-- [ RunTime:0.000072s ]
INFO: Run Behavior\ParseTemplateBehavior [ RunTime:0.008939s ]
INFO: [ view_parse ] --END-- [ RunTime:0.008989s ]
INFO: [ view_filter ] --START--
INFO: Run Behavior\WriteHtmlCacheBehavior [ RunTime:0.000518s ]
INFO: [ view_filter ] --END-- [ RunTime:0.000552s ]

[ 2018-12-18T09:39:36+08:00 ] 127.0.0.1 /admin.php/Auth/auth.html
INFO: [ app_init ] --START--
INFO: Run Behavior\BuildLiteBehavior [ RunTime:0.000011s ]
INFO: [ app_init ] --END-- [ RunTime:0.000442s ]
INFO: [ app_begin ] --START--
INFO: Run Behavior\ReadHtmlCacheBehavior [ RunTime:0.000618s ]
INFO: [ app_begin ] --END-- [ RunTime:0.000676s ]
NOTIC: [2048] Declaration of Admin\Model\AdminModel::add() should be compatible with Think\Model::add($data = '', $options = Array, $replace = false) H:\www\project\Application\Admin\Model\AdminModel.class.php 第 6 行.
NOTIC: [2048] Declaration of Admin\Model\AdminModel::delete() should be compatible with Think\Model::delete($options = Array) H:\www\project\Application\Admin\Model\AdminModel.class.php 第 6 行.
SQL: SHOW COLUMNS FROM `admin` [ RunTime:0.0137s ]
SQL: SHOW COLUMNS FROM `admin` [ RunTime:0.0195s ]
SQL: SELECT * FROM `admin` WHERE `id` = 1 LIMIT 1   [ RunTime:0.0013s ]
NOTIC: [2048] Declaration of Admin\Model\AdminGroupModel::add() should be compatible with Think\Model::add($data = '', $options = Array, $replace = false) H:\www\project\Application\Admin\Model\AdminGroupModel.class.php 第 42 行.
SQL: SHOW COLUMNS FROM `admin_group` [ RunTime:0.0116s ]
NOTIC: [2048] Declaration of Admin\Model\AdminRuleModel::add() should be compatible with Think\Model::add($data = '', $options = Array, $replace = false) H:\www\project\Application\Admin\Model\AdminRuleModel.class.php 第 54 行.
NOTIC: [2048] Declaration of Admin\Model\AdminRuleModel::delete() should be compatible with Think\Model::delete($options = Array) H:\www\project\Application\Admin\Model\AdminRuleModel.class.php 第 54 行.
SQL: SHOW COLUMNS FROM `admin_rule` [ RunTime:0.0118s ]
SQL: SHOW COLUMNS FROM `admin_group` [ RunTime:0.0126s ]
SQL: SELECT COUNT(*) AS tp_count FROM `admin_group` WHERE `status` > 0 LIMIT 1   [ RunTime:0.0003s ]
SQL: SELECT * FROM `admin_group` WHERE `status` > 0 ORDER BY id asc LIMIT 0,1   [ RunTime:0.0003s ]
SQL: SHOW COLUMNS FROM `admin_rule` [ RunTime:0.0170s ]
SQL: SELECT * FROM `admin_rule` WHERE `status` > 0 AND `id` = 1 LIMIT 1   [ RunTime:0.0003s ]
INFO: [ view_parse ] --START--
INFO: [ template_filter ] --START--
INFO: Run Behavior\ContentReplaceBehavior [ RunTime:0.000045s ]
INFO: [ template_filter ] --END-- [ RunTime:0.000086s ]
NOTIC: [8] Use of undefined constant Poetry - assumed 'Poetry' H:\www\project\Application\Runtime\Cache\Admin\f9522b46b13d8dc4dfb2f77f6d1bd29e.php 第 53 行.
NOTIC: [8] Use of undefined constant Poetry - assumed 'Poetry' H:\www\project\Application\Runtime\Cache\Admin\f9522b46b13d8dc4dfb2f77f6d1bd29e.php 第 58 行.
NOTIC: [8] Use of undefined constant Auth - assumed 'Auth' H:\www\project\Application\Runtime\Cache\Admin\f9522b46b13d8dc4dfb2f77f6d1bd29e.php 第 69 行.
NOTIC: [8] Use of undefined constant Auth - assumed 'Auth' H:\www\project\Application\Runtime\Cache\Admin\f9522b46b13d8dc4dfb2f77f6d1bd29e.php 第 74 行.
NOTIC: [8] Use of undefined constant System - assumed 'System' H:\www\project\Application\Runtime\Cache\Admin\f9522b46b13d8dc4dfb2f77f6d1bd29e.php 第 97 行.
NOTIC: [8] Use of undefined constant System - assumed 'System' H:\www\project\Application\Runtime\Cache\Admin\f9522b46b13d8dc4dfb2f77f6d1bd29e.php 第 102 行.
NOTIC: [8] Undefined variable: three H:\www\project\Application\Runtime\Cache\Admin\f9522b46b13d8dc4dfb2f77f6d1bd29e.php 第 130 行.
NOTIC: [8] Undefined variable: four H:\www\project\Application\Runtime\Cache\Admin\f9522b46b13d8dc4dfb2f77f6d1bd29e.php 第 133 行.
INFO: Run Behavior\ParseTemplateBehavior [ RunTime:0.011682s ]
INFO: [ view_parse ] --END-- [ RunTime:0.011720s ]
INFO: [ view_filter ] --START--
INFO: Run Behavior\WriteHtmlCacheBehavior [ RunTime:0.000547s ]
INFO: [ view_filter ] --END-- [ RunTime:0.000584s ]
INFO: [ app_end ] --START--
INFO: Run Behavior\ShowPageTraceBehavior [ RunTime:0.001969s ]
INFO: [ app_end ] --END-- [ RunTime:0.002012s ]

[ 2018-12-18T09:39:40+08:00 ] 127.0.0.1 /admin.php/Auth/myAuth.html
INFO: [ app_init ] --START--
INFO: Run Behavior\BuildLiteBehavior [ RunTime:0.000013s ]
INFO: [ app_init ] --END-- [ RunTime:0.000523s ]
INFO: [ app_begin ] --START--
INFO: Run Behavior\ReadHtmlCacheBehavior [ RunTime:0.001537s ]
INFO: [ app_begin ] --END-- [ RunTime:0.001648s ]
NOTIC: [2048] Declaration of Admin\Model\AdminModel::add() should be compatible with Think\Model::add($data = '', $options = Array, $replace = false) H:\www\project\Application\Admin\Model\AdminModel.class.php 第 6 行.
NOTIC: [2048] Declaration of Admin\Model\AdminModel::delete() should be compatible with Think\Model::delete($options = Array) H:\www\project\Application\Admin\Model\AdminModel.class.php 第 6 行.
SQL: SHOW COLUMNS FROM `admin` [ RunTime:0.0188s ]
SQL: SHOW COLUMNS FROM `admin` [ RunTime:0.0230s ]
SQL: SELECT * FROM `admin` WHERE `id` = 1 LIMIT 1   [ RunTime:0.0004s ]
NOTIC: [2048] Declaration of Admin\Model\AdminModuleModel::add() should be compatible with Think\Model::add($data = '', $options = Array, $replace = false) H:\www\project\Application\Admin\Model\AdminModuleModel.class.php 第 54 行.
NOTIC: [2048] Declaration of Admin\Model\AdminModuleModel::delete() should be compatible with Think\Model::delete($options = Array) H:\www\project\Application\Admin\Model\AdminModuleModel.class.php 第 54 行.
SQL: SHOW COLUMNS FROM `admin_module` [ RunTime:0.0142s ]
NOTIC: [2048] Declaration of Admin\Model\AdminRuleModel::add() should be compatible with Think\Model::add($data = '', $options = Array, $replace = false) H:\www\project\Application\Admin\Model\AdminRuleModel.class.php 第 54 行.
NOTIC: [2048] Declaration of Admin\Model\AdminRuleModel::delete() should be compatible with Think\Model::delete($options = Array) H:\www\project\Application\Admin\Model\AdminRuleModel.class.php 第 54 行.
SQL: SHOW COLUMNS FROM `admin_rule` [ RunTime:0.0124s ]
NOTIC: [2048] Declaration of Admin\Model\AdminGroupModel::add() should be compatible with Think\Model::add($data = '', $options = Array, $replace = false) H:\www\project\Application\Admin\Model\AdminGroupModel.class.php 第 42 行.
SQL: SHOW COLUMNS FROM `admin_group` [ RunTime:0.0294s ]
SQL: SHOW COLUMNS FROM `admin_group` [ RunTime:0.0281s ]
SQL: SELECT * FROM `admin_group` WHERE `id` = 1 LIMIT 1   [ RunTime:0.0003s ]
SQL: SHOW COLUMNS FROM `admin_module` [ RunTime:0.0227s ]
SQL: SELECT * FROM `admin_module` ORDER BY id asc  [ RunTime:0.0003s ]
SQL: SHOW COLUMNS FROM `admin_rule` [ RunTime:0.0164s ]
SQL: SELECT * FROM `admin_rule` WHERE `module` = '1' ORDER BY id asc  [ RunTime:0.0003s ]

[ 2018-12-18T09:39:51+08:00 ] 127.0.0.1 /admin.php/Auth/authAddEdit/id/1.html
INFO: [ app_init ] --START--
INFO: Run Behavior\BuildLiteBehavior [ RunTime:0.000012s ]
INFO: [ app_init ] --END-- [ RunTime:0.000440s ]
INFO: [ app_begin ] --START--
INFO: Run Behavior\ReadHtmlCacheBehavior [ RunTime:0.000825s ]
INFO: [ app_begin ] --END-- [ RunTime:0.000908s ]
NOTIC: [2048] Declaration of Admin\Model\AdminModel::add() should be compatible with Think\Model::add($data = '', $options = Array, $replace = false) H:\www\project\Application\Admin\Model\AdminModel.class.php 第 6 行.
NOTIC: [2048] Declaration of Admin\Model\AdminModel::delete() should be compatible with Think\Model::delete($options = Array) H:\www\project\Application\Admin\Model\AdminModel.class.php 第 6 行.
SQL: SHOW COLUMNS FROM `admin` [ RunTime:0.0230s ]
SQL: SHOW COLUMNS FROM `admin` [ RunTime:0.0203s ]
SQL: SELECT * FROM `admin` WHERE `id` = 1 LIMIT 1   [ RunTime:0.0004s ]
NOTIC: [2048] Declaration of Admin\Model\AdminModuleModel::add() should be compatible with Think\Model::add($data = '', $options = Array, $replace = false) H:\www\project\Application\Admin\Model\AdminModuleModel.class.php 第 54 行.
NOTIC: [2048] Declaration of Admin\Model\AdminModuleModel::delete() should be compatible with Think\Model::delete($options = Array) H:\www\project\Application\Admin\Model\AdminModuleModel.class.php 第 54 行.
SQL: SHOW COLUMNS FROM `admin_module` [ RunTime:0.0130s ]
NOTIC: [2048] Declaration of Admin\Model\AdminRuleModel::add() should be compatible with Think\Model::add($data = '', $options = Array, $replace = false) H:\www\project\Application\Admin\Model\AdminRuleModel.class.php 第 54 行.
NOTIC: [2048] Declaration of Admin\Model\AdminRuleModel::delete() should be compatible with Think\Model::delete($options = Array) H:\www\project\Application\Admin\Model\AdminRuleModel.class.php 第 54 行.
SQL: SHOW COLUMNS FROM `admin_rule` [ RunTime:0.0165s ]
NOTIC: [2048] Declaration of Admin\Model\AdminGroupModel::add() should be compatible with Think\Model::add($data = '', $options = Array, $replace = false) H:\www\project\Application\Admin\Model\AdminGroupModel.class.php 第 42 行.
SQL: SHOW COLUMNS FROM `admin_group` [ RunTime:0.0154s ]
SQL: SELECT * FROM `admin` WHERE `id` = 1 LIMIT 1   [ RunTime:0.0003s ]
SQL: SHOW COLUMNS FROM `admin_group` [ RunTime:0.0149s ]
SQL: SELECT * FROM `admin_group` WHERE `id` = 1 LIMIT 1   [ RunTime:0.0004s ]
SQL: SHOW COLUMNS FROM `admin_module` [ RunTime:0.0133s ]
SQL: SELECT * FROM `admin_module` ORDER BY id asc  [ RunTime:0.0003s ]
SQL: SHOW COLUMNS FROM `admin_rule` [ RunTime:0.0111s ]
SQL: SELECT * FROM `admin_rule` WHERE `module` = '1' ORDER BY id asc  [ RunTime:0.0010s ]
INFO: [ view_parse ] --START--
INFO: [ template_filter ] --START--
INFO: Run Behavior\ContentReplaceBehavior [ RunTime:0.000052s ]
INFO: [ template_filter ] --END-- [ RunTime:0.000088s ]
NOTIC: [8] Use of undefined constant Poetry - assumed 'Poetry' H:\www\project\Application\Runtime\Cache\Admin\f699e214aae4ed3475877b8425f345c3.php 第 56 行.
NOTIC: [8] Use of undefined constant Poetry - assumed 'Poetry' H:\www\project\Application\Runtime\Cache\Admin\f699e214aae4ed3475877b8425f345c3.php 第 61 行.
NOTIC: [8] Use of undefined constant Auth - assumed 'Auth' H:\www\project\Application\Runtime\Cache\Admin\f699e214aae4ed3475877b8425f345c3.php 第 72 行.
NOTIC: [8] Use of undefined constant Auth - assumed 'Auth' H:\www\project\Application\Runtime\Cache\Admin\f699e214aae4ed3475877b8425f345c3.php 第 77 行.
NOTIC: [8] Use of undefined constant System - assumed 'System' H:\www\project\Application\Runtime\Cache\Admin\f699e214aae4ed3475877b8425f345c3.php 第 100 行.
NOTIC: [8] Use of undefined constant System - assumed 'System' H:\www\project\Application\Runtime\Cache\Admin\f699e214aae4ed3475877b8425f345c3.php 第 105 行.
NOTIC: [8] Undefined variable: four H:\www\project\Application\Runtime\Cache\Admin\f699e214aae4ed3475877b8425f345c3.php 第 136 行.
NOTIC: [8] Undefined index: check H:\www\project\Application\Runtime\Cache\Admin\f699e214aae4ed3475877b8425f345c3.php 第 185 行.
NOTIC: [8] Undefined index: check H:\www\project\Application\Runtime\Cache\Admin\f699e214aae4ed3475877b8425f345c3.php 第 185 行.
INFO: Run Behavior\ParseTemplateBehavior [ RunTime:0.012954s ]
INFO: [ view_parse ] --END-- [ RunTime:0.013043s ]
INFO: [ view_filter ] --START--
INFO: Run Behavior\WriteHtmlCacheBehavior [ RunTime:0.000420s ]
INFO: [ view_filter ] --END-- [ RunTime:0.000450s ]
INFO: [ app_end ] --START--
INFO: Run Behavior\ShowPageTraceBehavior [ RunTime:0.003870s ]
INFO: [ app_end ] --END-- [ RunTime:0.003958s ]

[ 2018-12-18T09:39:53+08:00 ] 127.0.0.1 /admin.php/Auth/authAddEdit/id/1.html
INFO: [ app_init ] --START--
INFO: Run Behavior\BuildLiteBehavior [ RunTime:0.000012s ]
INFO: [ app_init ] --END-- [ RunTime:0.000441s ]
INFO: [ app_begin ] --START--
INFO: Run Behavior\ReadHtmlCacheBehavior [ RunTime:0.000654s ]
INFO: [ app_begin ] --END-- [ RunTime:0.000716s ]
NOTIC: [2048] Declaration of Admin\Model\AdminModel::add() should be compatible with Think\Model::add($data = '', $options = Array, $replace = false) H:\www\project\Application\Admin\Model\AdminModel.class.php 第 6 行.
NOTIC: [2048] Declaration of Admin\Model\AdminModel::delete() should be compatible with Think\Model::delete($options = Array) H:\www\project\Application\Admin\Model\AdminModel.class.php 第 6 行.
SQL: SHOW COLUMNS FROM `admin` [ RunTime:0.0128s ]
SQL: SHOW COLUMNS FROM `admin` [ RunTime:0.0201s ]
SQL: SELECT * FROM `admin` WHERE `id` = 1 LIMIT 1   [ RunTime:0.0045s ]
NOTIC: [2048] Declaration of Admin\Model\AdminModuleModel::add() should be compatible with Think\Model::add($data = '', $options = Array, $replace = false) H:\www\project\Application\Admin\Model\AdminModuleModel.class.php 第 54 行.
NOTIC: [2048] Declaration of Admin\Model\AdminModuleModel::delete() should be compatible with Think\Model::delete($options = Array) H:\www\project\Application\Admin\Model\AdminModuleModel.class.php 第 54 行.
SQL: SHOW COLUMNS FROM `admin_module` [ RunTime:0.0132s ]
NOTIC: [2048] Declaration of Admin\Model\AdminRuleModel::add() should be compatible with Think\Model::add($data = '', $options = Array, $replace = false) H:\www\project\Application\Admin\Model\AdminRuleModel.class.php 第 54 行.
NOTIC: [2048] Declaration of Admin\Model\AdminRuleModel::delete() should be compatible with Think\Model::delete($options = Array) H:\www\project\Application\Admin\Model\AdminRuleModel.class.php 第 54 行.
SQL: SHOW COLUMNS FROM `admin_rule` [ RunTime:0.0197s ]
NOTIC: [2048] Declaration of Admin\Model\AdminGroupModel::add() should be compatible with Think\Model::add($data = '', $options = Array, $replace = false) H:\www\project\Application\Admin\Model\AdminGroupModel.class.php 第 42 行.
SQL: SHOW COLUMNS FROM `admin_group` [ RunTime:0.0185s ]
SQL: SELECT * FROM `admin` WHERE `id` = 1 LIMIT 1   [ RunTime:0.0003s ]
SQL: SHOW COLUMNS FROM `admin_group` [ RunTime:0.0133s ]
SQL: SELECT * FROM `admin_group` WHERE `id` = 1 LIMIT 1   [ RunTime:0.0003s ]
SQL: SHOW COLUMNS FROM `admin_module` [ RunTime:0.0152s ]
SQL: SELECT * FROM `admin_module` ORDER BY id asc  [ RunTime:0.0003s ]
SQL: SHOW COLUMNS FROM `admin_rule` [ RunTime:0.0153s ]
SQL: SELECT * FROM `admin_rule` WHERE `module` = '1' ORDER BY id asc  [ RunTime:0.0003s ]
SQL: UPDATE `admin_group` SET `rules`='1,3',`name`='超级管理员',`description`='超级管理员',`status`='1' WHERE `id` = 1 [ RunTime:0.0002s ]
INFO: [ view_parse ] --START--
INFO: [ template_filter ] --START--
INFO: Run Behavior\ContentReplaceBehavior [ RunTime:0.000028s ]
INFO: [ template_filter ] --END-- [ RunTime:0.000068s ]
INFO: Run Behavior\ParseTemplateBehavior [ RunTime:0.005435s ]
INFO: [ view_parse ] --END-- [ RunTime:0.005481s ]
INFO: [ view_filter ] --START--
INFO: Run Behavior\WriteHtmlCacheBehavior [ RunTime:0.000376s ]
INFO: [ view_filter ] --END-- [ RunTime:0.000403s ]

[ 2018-12-18T09:39:54+08:00 ] 127.0.0.1 /admin.php/Auth/auth.html
INFO: [ app_init ] --START--
INFO: Run Behavior\BuildLiteBehavior [ RunTime:0.000016s ]
INFO: [ app_init ] --END-- [ RunTime:0.000735s ]
INFO: [ app_begin ] --START--
INFO: Run Behavior\ReadHtmlCacheBehavior [ RunTime:0.001399s ]
INFO: [ app_begin ] --END-- [ RunTime:0.002716s ]
NOTIC: [2048] Declaration of Admin\Model\AdminModel::add() should be compatible with Think\Model::add($data = '', $options = Array, $replace = false) H:\www\project\Application\Admin\Model\AdminModel.class.php 第 6 行.
NOTIC: [2048] Declaration of Admin\Model\AdminModel::delete() should be compatible with Think\Model::delete($options = Array) H:\www\project\Application\Admin\Model\AdminModel.class.php 第 6 行.
SQL: SHOW COLUMNS FROM `admin` [ RunTime:0.0166s ]
SQL: SHOW COLUMNS FROM `admin` [ RunTime:0.0201s ]
SQL: SELECT * FROM `admin` WHERE `id` = 1 LIMIT 1   [ RunTime:0.0004s ]
NOTIC: [2048] Declaration of Admin\Model\AdminGroupModel::add() should be compatible with Think\Model::add($data = '', $options = Array, $replace = false) H:\www\project\Application\Admin\Model\AdminGroupModel.class.php 第 42 行.
SQL: SHOW COLUMNS FROM `admin_group` [ RunTime:0.0150s ]
NOTIC: [2048] Declaration of Admin\Model\AdminRuleModel::add() should be compatible with Think\Model::add($data = '', $options = Array, $replace = false) H:\www\project\Application\Admin\Model\AdminRuleModel.class.php 第 54 行.
NOTIC: [2048] Declaration of Admin\Model\AdminRuleModel::delete() should be compatible with Think\Model::delete($options = Array) H:\www\project\Application\Admin\Model\AdminRuleModel.class.php 第 54 行.
SQL: SHOW COLUMNS FROM `admin_rule` [ RunTime:0.0185s ]
SQL: SHOW COLUMNS FROM `admin_group` [ RunTime:0.0153s ]
SQL: SELECT COUNT(*) AS tp_count FROM `admin_group` WHERE `status` > 0 LIMIT 1   [ RunTime:0.0012s ]
SQL: SELECT * FROM `admin_group` WHERE `status` > 0 ORDER BY id asc LIMIT 0,1   [ RunTime:0.0014s ]
SQL: SHOW COLUMNS FROM `admin_rule` [ RunTime:0.0186s ]
SQL: SELECT * FROM `admin_rule` WHERE `status` > 0 AND `id` = 1 LIMIT 1   [ RunTime:0.0004s ]
SQL: SELECT * FROM `admin_rule` WHERE `status` > 0 AND `id` = 3 LIMIT 1   [ RunTime:0.0004s ]
INFO: [ view_parse ] --START--
INFO: [ template_filter ] --START--
INFO: Run Behavior\ContentReplaceBehavior [ RunTime:0.000166s ]
INFO: [ template_filter ] --END-- [ RunTime:0.000281s ]
NOTIC: [8] Use of undefined constant Poetry - assumed 'Poetry' H:\www\project\Application\Runtime\Cache\Admin\f9522b46b13d8dc4dfb2f77f6d1bd29e.php 第 53 行.
NOTIC: [8] Use of undefined constant Poetry - assumed 'Poetry' H:\www\project\Application\Runtime\Cache\Admin\f9522b46b13d8dc4dfb2f77f6d1bd29e.php 第 58 行.
NOTIC: [8] Use of undefined constant Auth - assumed 'Auth' H:\www\project\Application\Runtime\Cache\Admin\f9522b46b13d8dc4dfb2f77f6d1bd29e.php 第 69 行.
NOTIC: [8] Use of undefined constant Auth - assumed 'Auth' H:\www\project\Application\Runtime\Cache\Admin\f9522b46b13d8dc4dfb2f77f6d1bd29e.php 第 74 行.
NOTIC: [8] Use of undefined constant System - assumed 'System' H:\www\project\Application\Runtime\Cache\Admin\f9522b46b13d8dc4dfb2f77f6d1bd29e.php 第 97 行.
NOTIC: [8] Use of undefined constant System - assumed 'System' H:\www\project\Application\Runtime\Cache\Admin\f9522b46b13d8dc4dfb2f77f6d1bd29e.php 第 102 行.
NOTIC: [8] Undefined variable: three H:\www\project\Application\Runtime\Cache\Admin\f9522b46b13d8dc4dfb2f77f6d1bd29e.php 第 130 行.
NOTIC: [8] Undefined variable: four H:\www\project\Application\Runtime\Cache\Admin\f9522b46b13d8dc4dfb2f77f6d1bd29e.php 第 133 行.
INFO: Run Behavior\ParseTemplateBehavior [ RunTime:0.018720s ]
INFO: [ view_parse ] --END-- [ RunTime:0.018791s ]
INFO: [ view_filter ] --START--
INFO: Run Behavior\WriteHtmlCacheBehavior [ RunTime:0.001203s ]
INFO: [ view_filter ] --END-- [ RunTime:0.001240s ]
INFO: [ app_end ] --START--
INFO: Run Behavior\ShowPageTraceBehavior [ RunTime:0.000623s ]
INFO: [ app_end ] --END-- [ RunTime:0.000654s ]

[ 2018-12-18T09:39:56+08:00 ] 127.0.0.1 /admin.php/Auth/myAuth.html
INFO: [ app_init ] --START--
INFO: Run Behavior\BuildLiteBehavior [ RunTime:0.000010s ]
INFO: [ app_init ] --END-- [ RunTime:0.000364s ]
INFO: [ app_begin ] --START--
INFO: Run Behavior\ReadHtmlCacheBehavior [ RunTime:0.001101s ]
INFO: [ app_begin ] --END-- [ RunTime:0.001232s ]
NOTIC: [2048] Declaration of Admin\Model\AdminModel::add() should be compatible with Think\Model::add($data = '', $options = Array, $replace = false) H:\www\project\Application\Admin\Model\AdminModel.class.php 第 6 行.
NOTIC: [2048] Declaration of Admin\Model\AdminModel::delete() should be compatible with Think\Model::delete($options = Array) H:\www\project\Application\Admin\Model\AdminModel.class.php 第 6 行.
SQL: SHOW COLUMNS FROM `admin` [ RunTime:0.0182s ]
SQL: SHOW COLUMNS FROM `admin` [ RunTime:0.0217s ]
SQL: SELECT * FROM `admin` WHERE `id` = 1 LIMIT 1   [ RunTime:0.0019s ]
NOTIC: [2048] Declaration of Admin\Model\AdminModuleModel::add() should be compatible with Think\Model::add($data = '', $options = Array, $replace = false) H:\www\project\Application\Admin\Model\AdminModuleModel.class.php 第 54 行.
NOTIC: [2048] Declaration of Admin\Model\AdminModuleModel::delete() should be compatible with Think\Model::delete($options = Array) H:\www\project\Application\Admin\Model\AdminModuleModel.class.php 第 54 行.
SQL: SHOW COLUMNS FROM `admin_module` [ RunTime:0.0164s ]
NOTIC: [2048] Declaration of Admin\Model\AdminRuleModel::add() should be compatible with Think\Model::add($data = '', $options = Array, $replace = false) H:\www\project\Application\Admin\Model\AdminRuleModel.class.php 第 54 行.
NOTIC: [2048] Declaration of Admin\Model\AdminRuleModel::delete() should be compatible with Think\Model::delete($options = Array) H:\www\project\Application\Admin\Model\AdminRuleModel.class.php 第 54 行.
SQL: SHOW COLUMNS FROM `admin_rule` [ RunTime:0.0216s ]
NOTIC: [2048] Declaration of Admin\Model\AdminGroupModel::add() should be compatible with Think\Model::add($data = '', $options = Array, $replace = false) H:\www\project\Application\Admin\Model\AdminGroupModel.class.php 第 42 行.
SQL: SHOW COLUMNS FROM `admin_group` [ RunTime:0.0173s ]
SQL: SHOW COLUMNS FROM `admin_group` [ RunTime:0.0166s ]
SQL: SELECT * FROM `admin_group` WHERE `id` = 1 LIMIT 1   [ RunTime:0.0003s ]
SQL: SHOW COLUMNS FROM `admin_module` [ RunTime:0.0196s ]
SQL: SELECT * FROM `admin_module` ORDER BY id asc  [ RunTime:0.0004s ]
SQL: SHOW COLUMNS FROM `admin_rule` [ RunTime:0.0146s ]
SQL: SELECT * FROM `admin_rule` WHERE `module` = '1' ORDER BY id asc  [ RunTime:0.0004s ]

[ 2018-12-18T09:40:58+08:00 ] 127.0.0.1 /admin.php/Auth/myAuth.html
INFO: [ app_init ] --START--
INFO: Run Behavior\BuildLiteBehavior [ RunTime:0.000015s ]
INFO: [ app_init ] --END-- [ RunTime:0.000664s ]
INFO: [ app_begin ] --START--
INFO: Run Behavior\ReadHtmlCacheBehavior [ RunTime:0.000966s ]
INFO: [ app_begin ] --END-- [ RunTime:0.001057s ]
NOTIC: [2048] Declaration of Admin\Model\AdminModel::add() should be compatible with Think\Model::add($data = '', $options = Array, $replace = false) H:\www\project\Application\Admin\Model\AdminModel.class.php 第 6 行.
NOTIC: [2048] Declaration of Admin\Model\AdminModel::delete() should be compatible with Think\Model::delete($options = Array) H:\www\project\Application\Admin\Model\AdminModel.class.php 第 6 行.
SQL: SHOW COLUMNS FROM `admin` [ RunTime:0.0216s ]
SQL: SHOW COLUMNS FROM `admin` [ RunTime:0.0258s ]
SQL: SELECT * FROM `admin` WHERE `id` = 1 LIMIT 1   [ RunTime:0.0004s ]
NOTIC: [2048] Declaration of Admin\Model\AdminModuleModel::add() should be compatible with Think\Model::add($data = '', $options = Array, $replace = false) H:\www\project\Application\Admin\Model\AdminModuleModel.class.php 第 54 行.
NOTIC: [2048] Declaration of Admin\Model\AdminModuleModel::delete() should be compatible with Think\Model::delete($options = Array) H:\www\project\Application\Admin\Model\AdminModuleModel.class.php 第 54 行.
SQL: SHOW COLUMNS FROM `admin_module` [ RunTime:0.0132s ]
NOTIC: [2048] Declaration of Admin\Model\AdminRuleModel::add() should be compatible with Think\Model::add($data = '', $options = Array, $replace = false) H:\www\project\Application\Admin\Model\AdminRuleModel.class.php 第 54 行.
NOTIC: [2048] Declaration of Admin\Model\AdminRuleModel::delete() should be compatible with Think\Model::delete($options = Array) H:\www\project\Application\Admin\Model\AdminRuleModel.class.php 第 54 行.
SQL: SHOW COLUMNS FROM `admin_rule` [ RunTime:0.0197s ]
NOTIC: [2048] Declaration of Admin\Model\AdminGroupModel::add() should be compatible with Think\Model::add($data = '', $options = Array, $replace = false) H:\www\project\Application\Admin\Model\AdminGroupModel.class.php 第 42 行.
SQL: SHOW COLUMNS FROM `admin_group` [ RunTime:0.0174s ]
SQL: SHOW COLUMNS FROM `admin_group` [ RunTime:0.0151s ]
SQL: SELECT * FROM `admin_group` WHERE `id` = 1 LIMIT 1   [ RunTime:0.0003s ]
SQL: SHOW COLUMNS FROM `admin_module` [ RunTime:0.0176s ]
SQL: SELECT * FROM `admin_module` ORDER BY id asc  [ RunTime:0.0007s ]
SQL: SHOW COLUMNS FROM `admin_rule` [ RunTime:0.0139s ]
SQL: SELECT * FROM `admin_rule` WHERE `module` = '1' ORDER BY id asc  [ RunTime:0.0004s ]
INFO: [ view_parse ] --START--
INFO: [ template_filter ] --START--
INFO: Run Behavior\ContentReplaceBehavior [ RunTime:0.000088s ]
INFO: [ template_filter ] --END-- [ RunTime:0.000131s ]
NOTIC: [8] Use of undefined constant Poetry - assumed 'Poetry' H:\www\project\Application\Runtime\Cache\Admin\f9f73cc06cc725206f36ca99ed0973a4.php 第 56 行.
NOTIC: [8] Use of undefined constant Poetry - assumed 'Poetry' H:\www\project\Application\Runtime\Cache\Admin\f9f73cc06cc725206f36ca99ed0973a4.php 第 61 行.
NOTIC: [8] Undefined variable: url H:\www\project\Application\Runtime\Cache\Admin\f9f73cc06cc725206f36ca99ed0973a4.php 第 63 行.
NOTIC: [8] Undefined variable: url H:\www\project\Application\Runtime\Cache\Admin\f9f73cc06cc725206f36ca99ed0973a4.php 第 66 行.
NOTIC: [8] Use of undefined constant Auth - assumed 'Auth' H:\www\project\Application\Runtime\Cache\Admin\f9f73cc06cc725206f36ca99ed0973a4.php 第 72 行.
NOTIC: [8] Use of undefined constant Auth - assumed 'Auth' H:\www\project\Application\Runtime\Cache\Admin\f9f73cc06cc725206f36ca99ed0973a4.php 第 77 行.
NOTIC: [8] Undefined variable: url H:\www\project\Application\Runtime\Cache\Admin\f9f73cc06cc725206f36ca99ed0973a4.php 第 79 行.
NOTIC: [8] Undefined variable: url H:\www\project\Application\Runtime\Cache\Admin\f9f73cc06cc725206f36ca99ed0973a4.php 第 82 行.
NOTIC: [8] Undefined variable: url H:\www\project\Application\Runtime\Cache\Admin\f9f73cc06cc725206f36ca99ed0973a4.php 第 85 行.
NOTIC: [8] Undefined variable: url H:\www\project\Application\Runtime\Cache\Admin\f9f73cc06cc725206f36ca99ed0973a4.php 第 88 行.
NOTIC: [8] Undefined variable: url H:\www\project\Application\Runtime\Cache\Admin\f9f73cc06cc725206f36ca99ed0973a4.php 第 91 行.
NOTIC: [8] Undefined variable: url H:\www\project\Application\Runtime\Cache\Admin\f9f73cc06cc725206f36ca99ed0973a4.php 第 94 行.
NOTIC: [8] Use of undefined constant System - assumed 'System' H:\www\project\Application\Runtime\Cache\Admin\f9f73cc06cc725206f36ca99ed0973a4.php 第 100 行.
NOTIC: [8] Use of undefined constant System - assumed 'System' H:\www\project\Application\Runtime\Cache\Admin\f9f73cc06cc725206f36ca99ed0973a4.php 第 105 行.
NOTIC: [8] Undefined variable: url H:\www\project\Application\Runtime\Cache\Admin\f9f73cc06cc725206f36ca99ed0973a4.php 第 107 行.
NOTIC: [8] Undefined variable: url H:\www\project\Application\Runtime\Cache\Admin\f9f73cc06cc725206f36ca99ed0973a4.php 第 110 行.
NOTIC: [8] Undefined variable: one H:\www\project\Application\Runtime\Cache\Admin\f9f73cc06cc725206f36ca99ed0973a4.php 第 127 行.
NOTIC: [8] Undefined variable: two H:\www\project\Application\Runtime\Cache\Admin\f9f73cc06cc725206f36ca99ed0973a4.php 第 130 行.
NOTIC: [8] Undefined variable: three H:\www\project\Application\Runtime\Cache\Admin\f9f73cc06cc725206f36ca99ed0973a4.php 第 133 行.
NOTIC: [8] Undefined variable: four H:\www\project\Application\Runtime\Cache\Admin\f9f73cc06cc725206f36ca99ed0973a4.php 第 136 行.
NOTIC: [8] Undefined index: check H:\www\project\Application\Runtime\Cache\Admin\f9f73cc06cc725206f36ca99ed0973a4.php 第 181 行.
INFO: Run Behavior\ParseTemplateBehavior [ RunTime:0.018264s ]
INFO: [ view_parse ] --END-- [ RunTime:0.018303s ]
INFO: [ view_filter ] --START--
INFO: Run Behavior\WriteHtmlCacheBehavior [ RunTime:0.000578s ]
INFO: [ view_filter ] --END-- [ RunTime:0.000612s ]
INFO: [ app_end ] --START--
INFO: Run Behavior\ShowPageTraceBehavior [ RunTime:0.000960s ]
INFO: [ app_end ] --END-- [ RunTime:0.001001s ]

[ 2018-12-18T09:41:02+08:00 ] 127.0.0.1 /admin.php/Auth/authAddEdit/id/1.html
INFO: [ app_init ] --START--
INFO: Run Behavior\BuildLiteBehavior [ RunTime:0.000024s ]
INFO: [ app_init ] --END-- [ RunTime:0.000606s ]
INFO: [ app_begin ] --START--
INFO: Run Behavior\ReadHtmlCacheBehavior [ RunTime:0.000739s ]
INFO: [ app_begin ] --END-- [ RunTime:0.000823s ]
NOTIC: [2048] Declaration of Admin\Model\AdminModel::add() should be compatible with Think\Model::add($data = '', $options = Array, $replace = false) H:\www\project\Application\Admin\Model\AdminModel.class.php 第 6 行.
NOTIC: [2048] Declaration of Admin\Model\AdminModel::delete() should be compatible with Think\Model::delete($options = Array) H:\www\project\Application\Admin\Model\AdminModel.class.php 第 6 行.
SQL: SHOW COLUMNS FROM `admin` [ RunTime:0.0231s ]
SQL: SHOW COLUMNS FROM `admin` [ RunTime:0.0155s ]
SQL: SELECT * FROM `admin` WHERE `id` = 1 LIMIT 1   [ RunTime:0.0005s ]
NOTIC: [2048] Declaration of Admin\Model\AdminModuleModel::add() should be compatible with Think\Model::add($data = '', $options = Array, $replace = false) H:\www\project\Application\Admin\Model\AdminModuleModel.class.php 第 54 行.
NOTIC: [2048] Declaration of Admin\Model\AdminModuleModel::delete() should be compatible with Think\Model::delete($options = Array) H:\www\project\Application\Admin\Model\AdminModuleModel.class.php 第 54 行.
SQL: SHOW COLUMNS FROM `admin_module` [ RunTime:0.0159s ]
NOTIC: [2048] Declaration of Admin\Model\AdminRuleModel::add() should be compatible with Think\Model::add($data = '', $options = Array, $replace = false) H:\www\project\Application\Admin\Model\AdminRuleModel.class.php 第 54 行.
NOTIC: [2048] Declaration of Admin\Model\AdminRuleModel::delete() should be compatible with Think\Model::delete($options = Array) H:\www\project\Application\Admin\Model\AdminRuleModel.class.php 第 54 行.
SQL: SHOW COLUMNS FROM `admin_rule` [ RunTime:0.0187s ]
NOTIC: [2048] Declaration of Admin\Model\AdminGroupModel::add() should be compatible with Think\Model::add($data = '', $options = Array, $replace = false) H:\www\project\Application\Admin\Model\AdminGroupModel.class.php 第 42 行.
SQL: SHOW COLUMNS FROM `admin_group` [ RunTime:0.0168s ]
SQL: SELECT * FROM `admin` WHERE `id` = 1 LIMIT 1   [ RunTime:0.0004s ]
SQL: SHOW COLUMNS FROM `admin_group` [ RunTime:0.0260s ]
SQL: SELECT * FROM `admin_group` WHERE `id` = 1 LIMIT 1   [ RunTime:0.0003s ]
SQL: SHOW COLUMNS FROM `admin_module` [ RunTime:0.0226s ]
SQL: SELECT * FROM `admin_module` ORDER BY id asc  [ RunTime:0.0003s ]
SQL: SHOW COLUMNS FROM `admin_rule` [ RunTime:0.0135s ]
SQL: SELECT * FROM `admin_rule` WHERE `module` = '1' ORDER BY id asc  [ RunTime:0.0004s ]
INFO: [ view_parse ] --START--
INFO: [ template_filter ] --START--
INFO: Run Behavior\ContentReplaceBehavior [ RunTime:0.000202s ]
INFO: [ template_filter ] --END-- [ RunTime:0.000260s ]
NOTIC: [8] Use of undefined constant Poetry - assumed 'Poetry' H:\www\project\Application\Runtime\Cache\Admin\f699e214aae4ed3475877b8425f345c3.php 第 56 行.
NOTIC: [8] Use of undefined constant Poetry - assumed 'Poetry' H:\www\project\Application\Runtime\Cache\Admin\f699e214aae4ed3475877b8425f345c3.php 第 61 行.
NOTIC: [8] Use of undefined constant Auth - assumed 'Auth' H:\www\project\Application\Runtime\Cache\Admin\f699e214aae4ed3475877b8425f345c3.php 第 72 行.
NOTIC: [8] Use of undefined constant Auth - assumed 'Auth' H:\www\project\Application\Runtime\Cache\Admin\f699e214aae4ed3475877b8425f345c3.php 第 77 行.
NOTIC: [8] Use of undefined constant System - assumed 'System' H:\www\project\Application\Runtime\Cache\Admin\f699e214aae4ed3475877b8425f345c3.php 第 100 行.
NOTIC: [8] Use of undefined constant System - assumed 'System' H:\www\project\Application\Runtime\Cache\Admin\f699e214aae4ed3475877b8425f345c3.php 第 105 行.
NOTIC: [8] Undefined variable: four H:\www\project\Application\Runtime\Cache\Admin\f699e214aae4ed3475877b8425f345c3.php 第 136 行.
NOTIC: [8] Undefined index: check H:\www\project\Application\Runtime\Cache\Admin\f699e214aae4ed3475877b8425f345c3.php 第 185 行.
INFO: Run Behavior\ParseTemplateBehavior [ RunTime:0.018477s ]
INFO: [ view_parse ] --END-- [ RunTime:0.018532s ]
INFO: [ view_filter ] --START--
INFO: Run Behavior\WriteHtmlCacheBehavior [ RunTime:0.000407s ]
INFO: [ view_filter ] --END-- [ RunTime:0.000436s ]
INFO: [ app_end ] --START--
INFO: Run Behavior\ShowPageTraceBehavior [ RunTime:0.000824s ]
INFO: [ app_end ] --END-- [ RunTime:0.000896s ]

[ 2018-12-18T09:41:04+08:00 ] 127.0.0.1 /admin.php/Auth/authAddEdit/id/1.html
INFO: [ app_init ] --START--
INFO: Run Behavior\BuildLiteBehavior [ RunTime:0.000013s ]
INFO: [ app_init ] --END-- [ RunTime:0.000448s ]
INFO: [ app_begin ] --START--
INFO: Run Behavior\ReadHtmlCacheBehavior [ RunTime:0.000680s ]
INFO: [ app_begin ] --END-- [ RunTime:0.000741s ]
NOTIC: [2048] Declaration of Admin\Model\AdminModel::add() should be compatible with Think\Model::add($data = '', $options = Array, $replace = false) H:\www\project\Application\Admin\Model\AdminModel.class.php 第 6 行.
NOTIC: [2048] Declaration of Admin\Model\AdminModel::delete() should be compatible with Think\Model::delete($options = Array) H:\www\project\Application\Admin\Model\AdminModel.class.php 第 6 行.
SQL: SHOW COLUMNS FROM `admin` [ RunTime:0.0228s ]
SQL: SHOW COLUMNS FROM `admin` [ RunTime:0.0134s ]
SQL: SELECT * FROM `admin` WHERE `id` = 1 LIMIT 1   [ RunTime:0.0005s ]
NOTIC: [2048] Declaration of Admin\Model\AdminModuleModel::add() should be compatible with Think\Model::add($data = '', $options = Array, $replace = false) H:\www\project\Application\Admin\Model\AdminModuleModel.class.php 第 54 行.
NOTIC: [2048] Declaration of Admin\Model\AdminModuleModel::delete() should be compatible with Think\Model::delete($options = Array) H:\www\project\Application\Admin\Model\AdminModuleModel.class.php 第 54 行.
SQL: SHOW COLUMNS FROM `admin_module` [ RunTime:0.0146s ]
NOTIC: [2048] Declaration of Admin\Model\AdminRuleModel::add() should be compatible with Think\Model::add($data = '', $options = Array, $replace = false) H:\www\project\Application\Admin\Model\AdminRuleModel.class.php 第 54 行.
NOTIC: [2048] Declaration of Admin\Model\AdminRuleModel::delete() should be compatible with Think\Model::delete($options = Array) H:\www\project\Application\Admin\Model\AdminRuleModel.class.php 第 54 行.
SQL: SHOW COLUMNS FROM `admin_rule` [ RunTime:0.0124s ]
NOTIC: [2048] Declaration of Admin\Model\AdminGroupModel::add() should be compatible with Think\Model::add($data = '', $options = Array, $replace = false) H:\www\project\Application\Admin\Model\AdminGroupModel.class.php 第 42 行.
SQL: SHOW COLUMNS FROM `admin_group` [ RunTime:0.0211s ]
SQL: SELECT * FROM `admin` WHERE `id` = 1 LIMIT 1   [ RunTime:0.0003s ]
SQL: SHOW COLUMNS FROM `admin_group` [ RunTime:0.0174s ]
SQL: SELECT * FROM `admin_group` WHERE `id` = 1 LIMIT 1   [ RunTime:0.0004s ]
SQL: SHOW COLUMNS FROM `admin_module` [ RunTime:0.0166s ]
SQL: SELECT * FROM `admin_module` ORDER BY id asc  [ RunTime:0.0003s ]
SQL: SHOW COLUMNS FROM `admin_rule` [ RunTime:0.0195s ]
SQL: SELECT * FROM `admin_rule` WHERE `module` = '1' ORDER BY id asc  [ RunTime:0.0003s ]
NOTIC: [2] implode(): Invalid arguments passed H:\www\project\Application\Admin\Controller\AuthController.class.php 第 332 行.
SQL: UPDATE `admin_group` SET `rules`='',`name`='超级管理员',`description`='超级管理员',`status`='1' WHERE `id` = 1 [ RunTime:0.0017s ]
INFO: [ view_parse ] --START--
INFO: [ template_filter ] --START--
INFO: Run Behavior\ContentReplaceBehavior [ RunTime:0.000064s ]
INFO: [ template_filter ] --END-- [ RunTime:0.000204s ]
INFO: Run Behavior\ParseTemplateBehavior [ RunTime:0.007681s ]
INFO: [ view_parse ] --END-- [ RunTime:0.007749s ]
INFO: [ view_filter ] --START--
INFO: Run Behavior\WriteHtmlCacheBehavior [ RunTime:0.000464s ]
INFO: [ view_filter ] --END-- [ RunTime:0.000497s ]

[ 2018-12-18T09:41:06+08:00 ] 127.0.0.1 /admin.php/Auth/auth.html
INFO: [ app_init ] --START--
INFO: Run Behavior\BuildLiteBehavior [ RunTime:0.000012s ]
INFO: [ app_init ] --END-- [ RunTime:0.000504s ]
INFO: [ app_begin ] --START--
INFO: Run Behavior\ReadHtmlCacheBehavior [ RunTime:0.000885s ]
INFO: [ app_begin ] --END-- [ RunTime:0.000993s ]
NOTIC: [2048] Declaration of Admin\Model\AdminModel::add() should be compatible with Think\Model::add($data = '', $options = Array, $replace = false) H:\www\project\Application\Admin\Model\AdminModel.class.php 第 6 行.
NOTIC: [2048] Declaration of Admin\Model\AdminModel::delete() should be compatible with Think\Model::delete($options = Array) H:\www\project\Application\Admin\Model\AdminModel.class.php 第 6 行.
SQL: SHOW COLUMNS FROM `admin` [ RunTime:0.0256s ]
SQL: SHOW COLUMNS FROM `admin` [ RunTime:0.0203s ]
SQL: SELECT * FROM `admin` WHERE `id` = 1 LIMIT 1   [ RunTime:0.0005s ]
NOTIC: [2048] Declaration of Admin\Model\AdminGroupModel::add() should be compatible with Think\Model::add($data = '', $options = Array, $replace = false) H:\www\project\Application\Admin\Model\AdminGroupModel.class.php 第 42 行.
SQL: SHOW COLUMNS FROM `admin_group` [ RunTime:0.0142s ]
NOTIC: [2048] Declaration of Admin\Model\AdminRuleModel::add() should be compatible with Think\Model::add($data = '', $options = Array, $replace = false) H:\www\project\Application\Admin\Model\AdminRuleModel.class.php 第 54 行.
NOTIC: [2048] Declaration of Admin\Model\AdminRuleModel::delete() should be compatible with Think\Model::delete($options = Array) H:\www\project\Application\Admin\Model\AdminRuleModel.class.php 第 54 行.
SQL: SHOW COLUMNS FROM `admin_rule` [ RunTime:0.0187s ]
SQL: SHOW COLUMNS FROM `admin_group` [ RunTime:0.0138s ]
SQL: SELECT COUNT(*) AS tp_count FROM `admin_group` WHERE `status` > 0 LIMIT 1   [ RunTime:0.0002s ]
SQL: SELECT * FROM `admin_group` WHERE `status` > 0 ORDER BY id asc LIMIT 0,1   [ RunTime:0.0003s ]
SQL: SHOW COLUMNS FROM `admin_rule` [ RunTime:0.0187s ]
SQL: SELECT * FROM `admin_rule` WHERE `status` > 0 AND `id` = 0 LIMIT 1   [ RunTime:0.0002s ]
INFO: [ view_parse ] --START--
INFO: [ template_filter ] --START--
INFO: Run Behavior\ContentReplaceBehavior [ RunTime:0.000044s ]
INFO: [ template_filter ] --END-- [ RunTime:0.000083s ]
NOTIC: [8] Use of undefined constant Poetry - assumed 'Poetry' H:\www\project\Application\Runtime\Cache\Admin\f9522b46b13d8dc4dfb2f77f6d1bd29e.php 第 53 行.
NOTIC: [8] Use of undefined constant Poetry - assumed 'Poetry' H:\www\project\Application\Runtime\Cache\Admin\f9522b46b13d8dc4dfb2f77f6d1bd29e.php 第 58 行.
NOTIC: [8] Use of undefined constant Auth - assumed 'Auth' H:\www\project\Application\Runtime\Cache\Admin\f9522b46b13d8dc4dfb2f77f6d1bd29e.php 第 69 行.
NOTIC: [8] Use of undefined constant Auth - assumed 'Auth' H:\www\project\Application\Runtime\Cache\Admin\f9522b46b13d8dc4dfb2f77f6d1bd29e.php 第 74 行.
NOTIC: [8] Use of undefined constant System - assumed 'System' H:\www\project\Application\Runtime\Cache\Admin\f9522b46b13d8dc4dfb2f77f6d1bd29e.php 第 97 行.
NOTIC: [8] Use of undefined constant System - assumed 'System' H:\www\project\Application\Runtime\Cache\Admin\f9522b46b13d8dc4dfb2f77f6d1bd29e.php 第 102 行.
NOTIC: [8] Undefined variable: three H:\www\project\Application\Runtime\Cache\Admin\f9522b46b13d8dc4dfb2f77f6d1bd29e.php 第 130 行.
NOTIC: [8] Undefined variable: four H:\www\project\Application\Runtime\Cache\Admin\f9522b46b13d8dc4dfb2f77f6d1bd29e.php 第 133 行.
INFO: Run Behavior\ParseTemplateBehavior [ RunTime:0.013783s ]
INFO: [ view_parse ] --END-- [ RunTime:0.013819s ]
INFO: [ view_filter ] --START--
INFO: Run Behavior\WriteHtmlCacheBehavior [ RunTime:0.000402s ]
INFO: [ view_filter ] --END-- [ RunTime:0.000431s ]
INFO: [ app_end ] --START--
INFO: Run Behavior\ShowPageTraceBehavior [ RunTime:0.000535s ]
INFO: [ app_end ] --END-- [ RunTime:0.000565s ]

[ 2018-12-18T09:41:10+08:00 ] 127.0.0.1 /admin.php/Auth/myAuth.html
INFO: [ app_init ] --START--
INFO: Run Behavior\BuildLiteBehavior [ RunTime:0.000012s ]
INFO: [ app_init ] --END-- [ RunTime:0.000462s ]
INFO: [ app_begin ] --START--
INFO: Run Behavior\ReadHtmlCacheBehavior [ RunTime:0.000622s ]
INFO: [ app_begin ] --END-- [ RunTime:0.000680s ]
NOTIC: [2048] Declaration of Admin\Model\AdminModel::add() should be compatible with Think\Model::add($data = '', $options = Array, $replace = false) H:\www\project\Application\Admin\Model\AdminModel.class.php 第 6 行.
NOTIC: [2048] Declaration of Admin\Model\AdminModel::delete() should be compatible with Think\Model::delete($options = Array) H:\www\project\Application\Admin\Model\AdminModel.class.php 第 6 行.
SQL: SHOW COLUMNS FROM `admin` [ RunTime:0.0170s ]
SQL: SHOW COLUMNS FROM `admin` [ RunTime:0.0190s ]
SQL: SELECT * FROM `admin` WHERE `id` = 1 LIMIT 1   [ RunTime:0.0004s ]
NOTIC: [2048] Declaration of Admin\Model\AdminModuleModel::add() should be compatible with Think\Model::add($data = '', $options = Array, $replace = false) H:\www\project\Application\Admin\Model\AdminModuleModel.class.php 第 54 行.
NOTIC: [2048] Declaration of Admin\Model\AdminModuleModel::delete() should be compatible with Think\Model::delete($options = Array) H:\www\project\Application\Admin\Model\AdminModuleModel.class.php 第 54 行.
SQL: SHOW COLUMNS FROM `admin_module` [ RunTime:0.0133s ]
NOTIC: [2048] Declaration of Admin\Model\AdminRuleModel::add() should be compatible with Think\Model::add($data = '', $options = Array, $replace = false) H:\www\project\Application\Admin\Model\AdminRuleModel.class.php 第 54 行.
NOTIC: [2048] Declaration of Admin\Model\AdminRuleModel::delete() should be compatible with Think\Model::delete($options = Array) H:\www\project\Application\Admin\Model\AdminRuleModel.class.php 第 54 行.
SQL: SHOW COLUMNS FROM `admin_rule` [ RunTime:0.0224s ]
NOTIC: [2048] Declaration of Admin\Model\AdminGroupModel::add() should be compatible with Think\Model::add($data = '', $options = Array, $replace = false) H:\www\project\Application\Admin\Model\AdminGroupModel.class.php 第 42 行.
SQL: SHOW COLUMNS FROM `admin_group` [ RunTime:0.0207s ]
SQL: SHOW COLUMNS FROM `admin_group` [ RunTime:0.0133s ]
SQL: SELECT * FROM `admin_group` WHERE `id` = 1 LIMIT 1   [ RunTime:0.0003s ]
SQL: SHOW COLUMNS FROM `admin_module` [ RunTime:0.0194s ]
SQL: SELECT * FROM `admin_module` ORDER BY id asc  [ RunTime:0.0002s ]
SQL: SHOW COLUMNS FROM `admin_rule` [ RunTime:0.0142s ]
SQL: SELECT * FROM `admin_rule` WHERE `module` = '1' ORDER BY id asc  [ RunTime:0.0003s ]
INFO: [ view_parse ] --START--
INFO: [ template_filter ] --START--
INFO: Run Behavior\ContentReplaceBehavior [ RunTime:0.000052s ]
INFO: [ template_filter ] --END-- [ RunTime:0.000099s ]
NOTIC: [8] Use of undefined constant Poetry - assumed 'Poetry' H:\www\project\Application\Runtime\Cache\Admin\f9f73cc06cc725206f36ca99ed0973a4.php 第 56 行.
NOTIC: [8] Use of undefined constant Poetry - assumed 'Poetry' H:\www\project\Application\Runtime\Cache\Admin\f9f73cc06cc725206f36ca99ed0973a4.php 第 61 行.
NOTIC: [8] Undefined variable: url H:\www\project\Application\Runtime\Cache\Admin\f9f73cc06cc725206f36ca99ed0973a4.php 第 63 行.
NOTIC: [8] Undefined variable: url H:\www\project\Application\Runtime\Cache\Admin\f9f73cc06cc725206f36ca99ed0973a4.php 第 66 行.
NOTIC: [8] Use of undefined constant Auth - assumed 'Auth' H:\www\project\Application\Runtime\Cache\Admin\f9f73cc06cc725206f36ca99ed0973a4.php 第 72 行.
NOTIC: [8] Use of undefined constant Auth - assumed 'Auth' H:\www\project\Application\Runtime\Cache\Admin\f9f73cc06cc725206f36ca99ed0973a4.php 第 77 行.
NOTIC: [8] Undefined variable: url H:\www\project\Application\Runtime\Cache\Admin\f9f73cc06cc725206f36ca99ed0973a4.php 第 79 行.
NOTIC: [8] Undefined variable: url H:\www\project\Application\Runtime\Cache\Admin\f9f73cc06cc725206f36ca99ed0973a4.php 第 82 行.
NOTIC: [8] Undefined variable: url H:\www\project\Application\Runtime\Cache\Admin\f9f73cc06cc725206f36ca99ed0973a4.php 第 85 行.
NOTIC: [8] Undefined variable: url H:\www\project\Application\Runtime\Cache\Admin\f9f73cc06cc725206f36ca99ed0973a4.php 第 88 行.
NOTIC: [8] Undefined variable: url H:\www\project\Application\Runtime\Cache\Admin\f9f73cc06cc725206f36ca99ed0973a4.php 第 91 行.
NOTIC: [8] Undefined variable: url H:\www\project\Application\Runtime\Cache\Admin\f9f73cc06cc725206f36ca99ed0973a4.php 第 94 行.
NOTIC: [8] Use of undefined constant System - assumed 'System' H:\www\project\Application\Runtime\Cache\Admin\f9f73cc06cc725206f36ca99ed0973a4.php 第 100 行.
NOTIC: [8] Use of undefined constant System - assumed 'System' H:\www\project\Application\Runtime\Cache\Admin\f9f73cc06cc725206f36ca99ed0973a4.php 第 105 行.
NOTIC: [8] Undefined variable: url H:\www\project\Application\Runtime\Cache\Admin\f9f73cc06cc725206f36ca99ed0973a4.php 第 107 行.
NOTIC: [8] Undefined variable: url H:\www\project\Application\Runtime\Cache\Admin\f9f73cc06cc725206f36ca99ed0973a4.php 第 110 行.
NOTIC: [8] Undefined variable: one H:\www\project\Application\Runtime\Cache\Admin\f9f73cc06cc725206f36ca99ed0973a4.php 第 127 行.
NOTIC: [8] Undefined variable: two H:\www\project\Application\Runtime\Cache\Admin\f9f73cc06cc725206f36ca99ed0973a4.php 第 130 行.
NOTIC: [8] Undefined variable: three H:\www\project\Application\Runtime\Cache\Admin\f9f73cc06cc725206f36ca99ed0973a4.php 第 133 行.
NOTIC: [8] Undefined variable: four H:\www\project\Application\Runtime\Cache\Admin\f9f73cc06cc725206f36ca99ed0973a4.php 第 136 行.
NOTIC: [8] Undefined index: check H:\www\project\Application\Runtime\Cache\Admin\f9f73cc06cc725206f36ca99ed0973a4.php 第 180 行.
NOTIC: [8] Undefined index: check H:\www\project\Application\Runtime\Cache\Admin\f9f73cc06cc725206f36ca99ed0973a4.php 第 181 行.
NOTIC: [8] Undefined index: check H:\www\project\Application\Runtime\Cache\Admin\f9f73cc06cc725206f36ca99ed0973a4.php 第 181 行.
NOTIC: [8] Undefined index: check H:\www\project\Application\Runtime\Cache\Admin\f9f73cc06cc725206f36ca99ed0973a4.php 第 181 行.
INFO: Run Behavior\ParseTemplateBehavior [ RunTime:0.017454s ]
INFO: [ view_parse ] --END-- [ RunTime:0.017495s ]
INFO: [ view_filter ] --START--
INFO: Run Behavior\WriteHtmlCacheBehavior [ RunTime:0.000465s ]
INFO: [ view_filter ] --END-- [ RunTime:0.000493s ]
INFO: [ app_end ] --START--
INFO: Run Behavior\ShowPageTraceBehavior [ RunTime:0.000572s ]
INFO: [ app_end ] --END-- [ RunTime:0.000630s ]

[ 2018-12-18T09:41:17+08:00 ] 127.0.0.1 /admin.php/Auth/admin.html
INFO: [ app_init ] --START--
INFO: Run Behavior\BuildLiteBehavior [ RunTime:0.001004s ]
INFO: [ app_init ] --END-- [ RunTime:0.001628s ]
INFO: [ app_begin ] --START--
INFO: Run Behavior\ReadHtmlCacheBehavior [ RunTime:0.001000s ]
INFO: [ app_begin ] --END-- [ RunTime:0.001068s ]
NOTIC: [2048] Declaration of Admin\Model\AdminModel::add() should be compatible with Think\Model::add($data = '', $options = Array, $replace = false) H:\www\project\Application\Admin\Model\AdminModel.class.php 第 6 行.
NOTIC: [2048] Declaration of Admin\Model\AdminModel::delete() should be compatible with Think\Model::delete($options = Array) H:\www\project\Application\Admin\Model\AdminModel.class.php 第 6 行.
SQL: SHOW COLUMNS FROM `admin` [ RunTime:0.0119s ]
SQL: SHOW COLUMNS FROM `admin` [ RunTime:0.0182s ]
SQL: SELECT * FROM `admin` WHERE `id` = 1 LIMIT 1   [ RunTime:0.0004s ]
NOTIC: [2048] Declaration of Admin\Model\AdminGroupModel::add() should be compatible with Think\Model::add($data = '', $options = Array, $replace = false) H:\www\project\Application\Admin\Model\AdminGroupModel.class.php 第 42 行.
SQL: SHOW COLUMNS FROM `admin_group` [ RunTime:0.0131s ]
SQL: SELECT COUNT(*) AS tp_count FROM `admin` LIMIT 1   [ RunTime:0.0002s ]
NOTIC: [8] Undefined variable: Admin H:\www\project\Application\Admin\Controller\AuthController.class.php 第 33 行.

[ 2018-12-18T09:41:35+08:00 ] 127.0.0.1 /admin.php/Auth/admin.html
INFO: [ app_init ] --START--
INFO: Run Behavior\BuildLiteBehavior [ RunTime:0.000011s ]
INFO: [ app_init ] --END-- [ RunTime:0.000462s ]
INFO: [ app_begin ] --START--
INFO: Run Behavior\ReadHtmlCacheBehavior [ RunTime:0.000604s ]
INFO: [ app_begin ] --END-- [ RunTime:0.000653s ]
NOTIC: [2048] Declaration of Admin\Model\AdminModel::add() should be compatible with Think\Model::add($data = '', $options = Array, $replace = false) H:\www\project\Application\Admin\Model\AdminModel.class.php 第 6 行.
NOTIC: [2048] Declaration of Admin\Model\AdminModel::delete() should be compatible with Think\Model::delete($options = Array) H:\www\project\Application\Admin\Model\AdminModel.class.php 第 6 行.
SQL: SHOW COLUMNS FROM `admin` [ RunTime:0.0132s ]
SQL: SHOW COLUMNS FROM `admin` [ RunTime:0.0123s ]
SQL: SELECT * FROM `admin` WHERE `id` = 1 LIMIT 1   [ RunTime:0.0004s ]
NOTIC: [2048] Declaration of Admin\Model\AdminGroupModel::add() should be compatible with Think\Model::add($data = '', $options = Array, $replace = false) H:\www\project\Application\Admin\Model\AdminGroupModel.class.php 第 42 行.
SQL: SHOW COLUMNS FROM `admin_group` [ RunTime:0.0126s ]
SQL: SELECT COUNT(*) AS tp_count FROM `admin` LIMIT 1   [ RunTime:0.0002s ]
SQL: SELECT * FROM `admin` ORDER BY id asc  [ RunTime:0.0004s ]
SQL: SHOW COLUMNS FROM `admin_group` [ RunTime:0.0122s ]
SQL: SELECT * FROM `admin_group` WHERE `id` = 1 LIMIT 1   [ RunTime:0.0003s ]
INFO: [ view_parse ] --START--
INFO: [ template_filter ] --START--
INFO: Run Behavior\ContentReplaceBehavior [ RunTime:0.000048s ]
INFO: [ template_filter ] --END-- [ RunTime:0.000088s ]
NOTIC: [8] Use of undefined constant Poetry - assumed 'Poetry' H:\www\project\Application\Runtime\Cache\Admin\570ae7973d58f77a3f5ecdd9d3c49818.php 第 53 行.
NOTIC: [8] Use of undefined constant Poetry - assumed 'Poetry' H:\www\project\Application\Runtime\Cache\Admin\570ae7973d58f77a3f5ecdd9d3c49818.php 第 58 行.
NOTIC: [8] Use of undefined constant Auth - assumed 'Auth' H:\www\project\Application\Runtime\Cache\Admin\570ae7973d58f77a3f5ecdd9d3c49818.php 第 69 行.
NOTIC: [8] Use of undefined constant Auth - assumed 'Auth' H:\www\project\Application\Runtime\Cache\Admin\570ae7973d58f77a3f5ecdd9d3c49818.php 第 74 行.
NOTIC: [8] Use of undefined constant System - assumed 'System' H:\www\project\Application\Runtime\Cache\Admin\570ae7973d58f77a3f5ecdd9d3c49818.php 第 97 行.
NOTIC: [8] Use of undefined constant System - assumed 'System' H:\www\project\Application\Runtime\Cache\Admin\570ae7973d58f77a3f5ecdd9d3c49818.php 第 102 行.
NOTIC: [8] Undefined variable: three H:\www\project\Application\Runtime\Cache\Admin\570ae7973d58f77a3f5ecdd9d3c49818.php 第 130 行.
NOTIC: [8] Undefined variable: four H:\www\project\Application\Runtime\Cache\Admin\570ae7973d58f77a3f5ecdd9d3c49818.php 第 133 行.
INFO: Run Behavior\ParseTemplateBehavior [ RunTime:0.012071s ]
INFO: [ view_parse ] --END-- [ RunTime:0.012117s ]
INFO: [ view_filter ] --START--
INFO: Run Behavior\WriteHtmlCacheBehavior [ RunTime:0.000441s ]
INFO: [ view_filter ] --END-- [ RunTime:0.000473s ]
INFO: [ app_end ] --START--
INFO: Run Behavior\ShowPageTraceBehavior [ RunTime:0.000583s ]
INFO: [ app_end ] --END-- [ RunTime:0.000619s ]

[ 2018-12-18T09:41:39+08:00 ] 127.0.0.1 /admin.php/Auth/myAuth.html
INFO: [ app_init ] --START--
INFO: Run Behavior\BuildLiteBehavior [ RunTime:0.000012s ]
INFO: [ app_init ] --END-- [ RunTime:0.000621s ]
INFO: [ app_begin ] --START--
INFO: Run Behavior\ReadHtmlCacheBehavior [ RunTime:0.000942s ]
INFO: [ app_begin ] --END-- [ RunTime:0.001001s ]
NOTIC: [2048] Declaration of Admin\Model\AdminModel::add() should be compatible with Think\Model::add($data = '', $options = Array, $replace = false) H:\www\project\Application\Admin\Model\AdminModel.class.php 第 6 行.
NOTIC: [2048] Declaration of Admin\Model\AdminModel::delete() should be compatible with Think\Model::delete($options = Array) H:\www\project\Application\Admin\Model\AdminModel.class.php 第 6 行.
SQL: SHOW COLUMNS FROM `admin` [ RunTime:0.0232s ]
SQL: SHOW COLUMNS FROM `admin` [ RunTime:0.0143s ]
SQL: SELECT * FROM `admin` WHERE `id` = 1 LIMIT 1   [ RunTime:0.0006s ]
NOTIC: [2048] Declaration of Admin\Model\AdminModuleModel::add() should be compatible with Think\Model::add($data = '', $options = Array, $replace = false) H:\www\project\Application\Admin\Model\AdminModuleModel.class.php 第 54 行.
NOTIC: [2048] Declaration of Admin\Model\AdminModuleModel::delete() should be compatible with Think\Model::delete($options = Array) H:\www\project\Application\Admin\Model\AdminModuleModel.class.php 第 54 行.
SQL: SHOW COLUMNS FROM `admin_module` [ RunTime:0.0138s ]
NOTIC: [2048] Declaration of Admin\Model\AdminRuleModel::add() should be compatible with Think\Model::add($data = '', $options = Array, $replace = false) H:\www\project\Application\Admin\Model\AdminRuleModel.class.php 第 54 行.
NOTIC: [2048] Declaration of Admin\Model\AdminRuleModel::delete() should be compatible with Think\Model::delete($options = Array) H:\www\project\Application\Admin\Model\AdminRuleModel.class.php 第 54 行.
SQL: SHOW COLUMNS FROM `admin_rule` [ RunTime:0.0201s ]
NOTIC: [2048] Declaration of Admin\Model\AdminGroupModel::add() should be compatible with Think\Model::add($data = '', $options = Array, $replace = false) H:\www\project\Application\Admin\Model\AdminGroupModel.class.php 第 42 行.
SQL: SHOW COLUMNS FROM `admin_group` [ RunTime:0.0135s ]
SQL: SHOW COLUMNS FROM `admin_group` [ RunTime:0.0174s ]
SQL: SELECT * FROM `admin_group` WHERE `id` = 1 LIMIT 1   [ RunTime:0.0004s ]
SQL: SHOW COLUMNS FROM `admin_module` [ RunTime:0.0152s ]
SQL: SELECT * FROM `admin_module` ORDER BY id asc  [ RunTime:0.0005s ]
SQL: SHOW COLUMNS FROM `admin_rule` [ RunTime:0.0181s ]
SQL: SELECT * FROM `admin_rule` WHERE `module` = '1' ORDER BY id asc  [ RunTime:0.0015s ]
INFO: [ view_parse ] --START--
INFO: [ template_filter ] --START--
INFO: Run Behavior\ContentReplaceBehavior [ RunTime:0.000046s ]
INFO: [ template_filter ] --END-- [ RunTime:0.000082s ]
NOTIC: [8] Use of undefined constant Poetry - assumed 'Poetry' H:\www\project\Application\Runtime\Cache\Admin\f9f73cc06cc725206f36ca99ed0973a4.php 第 56 行.
NOTIC: [8] Use of undefined constant Poetry - assumed 'Poetry' H:\www\project\Application\Runtime\Cache\Admin\f9f73cc06cc725206f36ca99ed0973a4.php 第 61 行.
NOTIC: [8] Undefined variable: url H:\www\project\Application\Runtime\Cache\Admin\f9f73cc06cc725206f36ca99ed0973a4.php 第 63 行.
NOTIC: [8] Undefined variable: url H:\www\project\Application\Runtime\Cache\Admin\f9f73cc06cc725206f36ca99ed0973a4.php 第 66 行.
NOTIC: [8] Use of undefined constant Auth - assumed 'Auth' H:\www\project\Application\Runtime\Cache\Admin\f9f73cc06cc725206f36ca99ed0973a4.php 第 72 行.
NOTIC: [8] Use of undefined constant Auth - assumed 'Auth' H:\www\project\Application\Runtime\Cache\Admin\f9f73cc06cc725206f36ca99ed0973a4.php 第 77 行.
NOTIC: [8] Undefined variable: url H:\www\project\Application\Runtime\Cache\Admin\f9f73cc06cc725206f36ca99ed0973a4.php 第 79 行.
NOTIC: [8] Undefined variable: url H:\www\project\Application\Runtime\Cache\Admin\f9f73cc06cc725206f36ca99ed0973a4.php 第 82 行.
NOTIC: [8] Undefined variable: url H:\www\project\Application\Runtime\Cache\Admin\f9f73cc06cc725206f36ca99ed0973a4.php 第 85 行.
NOTIC: [8] Undefined variable: url H:\www\project\Application\Runtime\Cache\Admin\f9f73cc06cc725206f36ca99ed0973a4.php 第 88 行.
NOTIC: [8] Undefined variable: url H:\www\project\Application\Runtime\Cache\Admin\f9f73cc06cc725206f36ca99ed0973a4.php 第 91 行.
NOTIC: [8] Undefined variable: url H:\www\project\Application\Runtime\Cache\Admin\f9f73cc06cc725206f36ca99ed0973a4.php 第 94 行.
NOTIC: [8] Use of undefined constant System - assumed 'System' H:\www\project\Application\Runtime\Cache\Admin\f9f73cc06cc725206f36ca99ed0973a4.php 第 100 行.
NOTIC: [8] Use of undefined constant System - assumed 'System' H:\www\project\Application\Runtime\Cache\Admin\f9f73cc06cc725206f36ca99ed0973a4.php 第 105 行.
NOTIC: [8] Undefined variable: url H:\www\project\Application\Runtime\Cache\Admin\f9f73cc06cc725206f36ca99ed0973a4.php 第 107 行.
NOTIC: [8] Undefined variable: url H:\www\project\Application\Runtime\Cache\Admin\f9f73cc06cc725206f36ca99ed0973a4.php 第 110 行.
NOTIC: [8] Undefined variable: one H:\www\project\Application\Runtime\Cache\Admin\f9f73cc06cc725206f36ca99ed0973a4.php 第 127 行.
NOTIC: [8] Undefined variable: two H:\www\project\Application\Runtime\Cache\Admin\f9f73cc06cc725206f36ca99ed0973a4.php 第 130 行.
NOTIC: [8] Undefined variable: three H:\www\project\Application\Runtime\Cache\Admin\f9f73cc06cc725206f36ca99ed0973a4.php 第 133 行.
NOTIC: [8] Undefined variable: four H:\www\project\Application\Runtime\Cache\Admin\f9f73cc06cc725206f36ca99ed0973a4.php 第 136 行.
NOTIC: [8] Undefined index: check H:\www\project\Application\Runtime\Cache\Admin\f9f73cc06cc725206f36ca99ed0973a4.php 第 180 行.
NOTIC: [8] Undefined index: check H:\www\project\Application\Runtime\Cache\Admin\f9f73cc06cc725206f36ca99ed0973a4.php 第 181 行.
NOTIC: [8] Undefined index: check H:\www\project\Application\Runtime\Cache\Admin\f9f73cc06cc725206f36ca99ed0973a4.php 第 181 行.
NOTIC: [8] Undefined index: check H:\www\project\Application\Runtime\Cache\Admin\f9f73cc06cc725206f36ca99ed0973a4.php 第 181 行.
INFO: Run Behavior\ParseTemplateBehavior [ RunTime:0.013889s ]
INFO: [ view_parse ] --END-- [ RunTime:0.013942s ]
INFO: [ view_filter ] --START--
INFO: Run Behavior\WriteHtmlCacheBehavior [ RunTime:0.001140s ]
INFO: [ view_filter ] --END-- [ RunTime:0.001214s ]
INFO: [ app_end ] --START--
INFO: Run Behavior\ShowPageTraceBehavior [ RunTime:0.001043s ]
INFO: [ app_end ] --END-- [ RunTime:0.001081s ]

[ 2018-12-18T09:42:28+08:00 ] 127.0.0.1 /admin.php/Auth/myAuth.html
INFO: [ app_init ] --START--
INFO: Run Behavior\BuildLiteBehavior [ RunTime:0.000011s ]
INFO: [ app_init ] --END-- [ RunTime:0.000412s ]
INFO: [ app_begin ] --START--
INFO: Run Behavior\ReadHtmlCacheBehavior [ RunTime:0.000530s ]
INFO: [ app_begin ] --END-- [ RunTime:0.000576s ]
NOTIC: [2048] Declaration of Admin\Model\AdminModel::add() should be compatible with Think\Model::add($data = '', $options = Array, $replace = false) H:\www\project\Application\Admin\Model\AdminModel.class.php 第 6 行.
NOTIC: [2048] Declaration of Admin\Model\AdminModel::delete() should be compatible with Think\Model::delete($options = Array) H:\www\project\Application\Admin\Model\AdminModel.class.php 第 6 行.
SQL: SHOW COLUMNS FROM `admin` [ RunTime:0.0203s ]
SQL: SHOW COLUMNS FROM `admin` [ RunTime:0.0120s ]
SQL: SELECT * FROM `admin` WHERE `id` = 1 LIMIT 1   [ RunTime:0.0004s ]
NOTIC: [2048] Declaration of Admin\Model\AdminModuleModel::add() should be compatible with Think\Model::add($data = '', $options = Array, $replace = false) H:\www\project\Application\Admin\Model\AdminModuleModel.class.php 第 54 行.
NOTIC: [2048] Declaration of Admin\Model\AdminModuleModel::delete() should be compatible with Think\Model::delete($options = Array) H:\www\project\Application\Admin\Model\AdminModuleModel.class.php 第 54 行.
SQL: SHOW COLUMNS FROM `admin_module` [ RunTime:0.0204s ]
NOTIC: [2048] Declaration of Admin\Model\AdminRuleModel::add() should be compatible with Think\Model::add($data = '', $options = Array, $replace = false) H:\www\project\Application\Admin\Model\AdminRuleModel.class.php 第 54 行.
NOTIC: [2048] Declaration of Admin\Model\AdminRuleModel::delete() should be compatible with Think\Model::delete($options = Array) H:\www\project\Application\Admin\Model\AdminRuleModel.class.php 第 54 行.
SQL: SHOW COLUMNS FROM `admin_rule` [ RunTime:0.0129s ]
NOTIC: [2048] Declaration of Admin\Model\AdminGroupModel::add() should be compatible with Think\Model::add($data = '', $options = Array, $replace = false) H:\www\project\Application\Admin\Model\AdminGroupModel.class.php 第 42 行.
SQL: SHOW COLUMNS FROM `admin_group` [ RunTime:0.0122s ]
SQL: SHOW COLUMNS FROM `admin_group` [ RunTime:0.0128s ]
SQL: SELECT * FROM `admin_group` WHERE `id` = 1 LIMIT 1   [ RunTime:0.0004s ]
SQL: SHOW COLUMNS FROM `admin_module` [ RunTime:0.0121s ]
SQL: SELECT * FROM `admin_module` ORDER BY id asc  [ RunTime:0.0003s ]
SQL: SHOW COLUMNS FROM `admin_rule` [ RunTime:0.0124s ]
SQL: SELECT * FROM `admin_rule` WHERE `module` = '1' ORDER BY id asc  [ RunTime:0.0003s ]
INFO: [ view_parse ] --START--
INFO: [ template_filter ] --START--
INFO: Run Behavior\ContentReplaceBehavior [ RunTime:0.000051s ]
INFO: [ template_filter ] --END-- [ RunTime:0.000096s ]
NOTIC: [8] Use of undefined constant Poetry - assumed 'Poetry' H:\www\project\Application\Runtime\Cache\Admin\f9f73cc06cc725206f36ca99ed0973a4.php 第 56 行.
NOTIC: [8] Use of undefined constant Poetry - assumed 'Poetry' H:\www\project\Application\Runtime\Cache\Admin\f9f73cc06cc725206f36ca99ed0973a4.php 第 61 行.
NOTIC: [8] Use of undefined constant Auth - assumed 'Auth' H:\www\project\Application\Runtime\Cache\Admin\f9f73cc06cc725206f36ca99ed0973a4.php 第 72 行.
NOTIC: [8] Use of undefined constant Auth - assumed 'Auth' H:\www\project\Application\Runtime\Cache\Admin\f9f73cc06cc725206f36ca99ed0973a4.php 第 77 行.
NOTIC: [8] Use of undefined constant System - assumed 'System' H:\www\project\Application\Runtime\Cache\Admin\f9f73cc06cc725206f36ca99ed0973a4.php 第 100 行.
NOTIC: [8] Use of undefined constant System - assumed 'System' H:\www\project\Application\Runtime\Cache\Admin\f9f73cc06cc725206f36ca99ed0973a4.php 第 105 行.
NOTIC: [8] Undefined variable: three H:\www\project\Application\Runtime\Cache\Admin\f9f73cc06cc725206f36ca99ed0973a4.php 第 133 行.
NOTIC: [8] Undefined variable: four H:\www\project\Application\Runtime\Cache\Admin\f9f73cc06cc725206f36ca99ed0973a4.php 第 136 行.
NOTIC: [8] Undefined index: check H:\www\project\Application\Runtime\Cache\Admin\f9f73cc06cc725206f36ca99ed0973a4.php 第 180 行.
NOTIC: [8] Undefined index: check H:\www\project\Application\Runtime\Cache\Admin\f9f73cc06cc725206f36ca99ed0973a4.php 第 181 行.
NOTIC: [8] Undefined index: check H:\www\project\Application\Runtime\Cache\Admin\f9f73cc06cc725206f36ca99ed0973a4.php 第 181 行.
NOTIC: [8] Undefined index: check H:\www\project\Application\Runtime\Cache\Admin\f9f73cc06cc725206f36ca99ed0973a4.php 第 181 行.
INFO: Run Behavior\ParseTemplateBehavior [ RunTime:0.012021s ]
INFO: [ view_parse ] --END-- [ RunTime:0.012069s ]
INFO: [ view_filter ] --START--
INFO: Run Behavior\WriteHtmlCacheBehavior [ RunTime:0.000504s ]
INFO: [ view_filter ] --END-- [ RunTime:0.000541s ]
INFO: [ app_end ] --START--
INFO: Run Behavior\ShowPageTraceBehavior [ RunTime:0.000756s ]
INFO: [ app_end ] --END-- [ RunTime:0.000796s ]

