[ 2018-11-26T00:02:51+08:00 ] 127.0.0.1 /admin.php/User/user.html
INFO: [ app_init ] --START--
INFO: Run Behavior\BuildLiteBehavior [ RunTime:0.000028s ]
INFO: [ app_init ] --END-- [ RunTime:0.001098s ]
INFO: [ app_begin ] --START--
INFO: Run Behavior\ReadHtmlCacheBehavior [ RunTime:0.001632s ]
INFO: [ app_begin ] --END-- [ RunTime:0.001733s ]
INFO: [ view_parse ] --START--
INFO: [ template_filter ] --START--
INFO: Run Behavior\ContentReplaceBehavior [ RunTime:0.000604s ]
INFO: [ template_filter ] --END-- [ RunTime:0.000736s ]
NOTIC: [8] Use of undefined constant Index - assumed 'Index' G:\www\my_project\Application\Runtime\Cache\Admin\2a29f2db7e5d066ba9b42bfd58f48adc.php 第 42 行.
NOTIC: [8] Use of undefined constant Index - assumed 'Index' G:\www\my_project\Application\Runtime\Cache\Admin\2a29f2db7e5d066ba9b42bfd58f48adc.php 第 47 行.
NOTIC: [8] Undefined variable: three G:\www\my_project\Application\Runtime\Cache\Admin\2a29f2db7e5d066ba9b42bfd58f48adc.php 第 131 行.
NOTIC: [8] Undefined variable: four G:\www\my_project\Application\Runtime\Cache\Admin\2a29f2db7e5d066ba9b42bfd58f48adc.php 第 134 行.
INFO: Run Behavior\ParseTemplateBehavior [ RunTime:0.034061s ]
INFO: [ view_parse ] --END-- [ RunTime:0.034119s ]
INFO: [ view_filter ] --START--
INFO: Run Behavior\WriteHtmlCacheBehavior [ RunTime:0.001012s ]
INFO: [ view_filter ] --END-- [ RunTime:0.001056s ]
INFO: [ app_end ] --START--
INFO: Run Behavior\ShowPageTraceBehavior [ RunTime:0.000942s ]
INFO: [ app_end ] --END-- [ RunTime:0.000983s ]

[ 2018-11-26T00:03:07+08:00 ] 127.0.0.1 /admin.php/User/user.html
INFO: [ app_init ] --START--
INFO: Run Behavior\BuildLiteBehavior [ RunTime:0.000024s ]
INFO: [ app_init ] --END-- [ RunTime:0.000673s ]
INFO: [ app_begin ] --START--
INFO: Run Behavior\ReadHtmlCacheBehavior [ RunTime:0.000771s ]
INFO: [ app_begin ] --END-- [ RunTime:0.000818s ]
INFO: [ view_parse ] --START--
INFO: [ template_filter ] --START--
INFO: Run Behavior\ContentReplaceBehavior [ RunTime:0.000041s ]
INFO: [ template_filter ] --END-- [ RunTime:0.000084s ]
NOTIC: [8] Use of undefined constant Index - assumed 'Index' G:\www\my_project\Application\Runtime\Cache\Admin\2a29f2db7e5d066ba9b42bfd58f48adc.php 第 42 行.
NOTIC: [8] Use of undefined constant Index - assumed 'Index' G:\www\my_project\Application\Runtime\Cache\Admin\2a29f2db7e5d066ba9b42bfd58f48adc.php 第 47 行.
NOTIC: [8] Undefined variable: three G:\www\my_project\Application\Runtime\Cache\Admin\2a29f2db7e5d066ba9b42bfd58f48adc.php 第 131 行.
NOTIC: [8] Undefined variable: four G:\www\my_project\Application\Runtime\Cache\Admin\2a29f2db7e5d066ba9b42bfd58f48adc.php 第 134 行.
INFO: Run Behavior\ParseTemplateBehavior [ RunTime:0.011973s ]
INFO: [ view_parse ] --END-- [ RunTime:0.012020s ]
INFO: [ view_filter ] --START--
INFO: Run Behavior\WriteHtmlCacheBehavior [ RunTime:0.000554s ]
INFO: [ view_filter ] --END-- [ RunTime:0.000586s ]
INFO: [ app_end ] --START--
INFO: Run Behavior\ShowPageTraceBehavior [ RunTime:0.000701s ]
INFO: [ app_end ] --END-- [ RunTime:0.000739s ]

[ 2018-11-26T00:03:42+08:00 ] 127.0.0.1 /admin.php/User/user.html
INFO: [ app_init ] --START--
INFO: Run Behavior\BuildLiteBehavior [ RunTime:0.000013s ]
INFO: [ app_init ] --END-- [ RunTime:0.000545s ]
INFO: [ app_begin ] --START--
INFO: Run Behavior\ReadHtmlCacheBehavior [ RunTime:0.000851s ]
INFO: [ app_begin ] --END-- [ RunTime:0.000910s ]
INFO: [ view_parse ] --START--
INFO: [ template_filter ] --START--
INFO: Run Behavior\ContentReplaceBehavior [ RunTime:0.000040s ]
INFO: [ template_filter ] --END-- [ RunTime:0.000080s ]
NOTIC: [8] Use of undefined constant Index - assumed 'Index' G:\www\my_project\Application\Runtime\Cache\Admin\2a29f2db7e5d066ba9b42bfd58f48adc.php 第 42 行.
NOTIC: [8] Use of undefined constant Index - assumed 'Index' G:\www\my_project\Application\Runtime\Cache\Admin\2a29f2db7e5d066ba9b42bfd58f48adc.php 第 47 行.
NOTIC: [8] Undefined variable: three G:\www\my_project\Application\Runtime\Cache\Admin\2a29f2db7e5d066ba9b42bfd58f48adc.php 第 131 行.
NOTIC: [8] Undefined variable: four G:\www\my_project\Application\Runtime\Cache\Admin\2a29f2db7e5d066ba9b42bfd58f48adc.php 第 134 行.
INFO: Run Behavior\ParseTemplateBehavior [ RunTime:0.010131s ]
INFO: [ view_parse ] --END-- [ RunTime:0.010193s ]
INFO: [ view_filter ] --START--
INFO: Run Behavior\WriteHtmlCacheBehavior [ RunTime:0.000523s ]
INFO: [ view_filter ] --END-- [ RunTime:0.000555s ]
INFO: [ app_end ] --START--
INFO: Run Behavior\ShowPageTraceBehavior [ RunTime:0.000772s ]
INFO: [ app_end ] --END-- [ RunTime:0.000811s ]

[ 2018-11-26T00:05:22+08:00 ] 127.0.0.1 /admin.php/User/user.html
INFO: [ app_init ] --START--
INFO: Run Behavior\BuildLiteBehavior [ RunTime:0.000024s ]
INFO: [ app_init ] --END-- [ RunTime:0.000967s ]
INFO: [ app_begin ] --START--
INFO: Run Behavior\ReadHtmlCacheBehavior [ RunTime:0.001495s ]
INFO: [ app_begin ] --END-- [ RunTime:0.001867s ]
INFO: [ view_parse ] --START--
INFO: [ template_filter ] --START--
INFO: Run Behavior\ContentReplaceBehavior [ RunTime:0.000067s ]
INFO: [ template_filter ] --END-- [ RunTime:0.000138s ]
NOTIC: [8] Use of undefined constant Index - assumed 'Index' G:\www\my_project\Application\Runtime\Cache\Admin\2a29f2db7e5d066ba9b42bfd58f48adc.php 第 42 行.
NOTIC: [8] Use of undefined constant Index - assumed 'Index' G:\www\my_project\Application\Runtime\Cache\Admin\2a29f2db7e5d066ba9b42bfd58f48adc.php 第 47 行.
NOTIC: [8] Undefined variable: three G:\www\my_project\Application\Runtime\Cache\Admin\2a29f2db7e5d066ba9b42bfd58f48adc.php 第 131 行.
NOTIC: [8] Undefined variable: four G:\www\my_project\Application\Runtime\Cache\Admin\2a29f2db7e5d066ba9b42bfd58f48adc.php 第 134 行.
INFO: Run Behavior\ParseTemplateBehavior [ RunTime:0.031599s ]
INFO: [ view_parse ] --END-- [ RunTime:0.031670s ]
INFO: [ view_filter ] --START--
INFO: Run Behavior\WriteHtmlCacheBehavior [ RunTime:0.000873s ]
INFO: [ view_filter ] --END-- [ RunTime:0.000919s ]
INFO: [ app_end ] --START--
INFO: Run Behavior\ShowPageTraceBehavior [ RunTime:0.001144s ]
INFO: [ app_end ] --END-- [ RunTime:0.001196s ]

[ 2018-11-26T00:06:07+08:00 ] 127.0.0.1 /admin.php/User/user.html
INFO: [ app_init ] --START--
INFO: Run Behavior\BuildLiteBehavior [ RunTime:0.000020s ]
INFO: [ app_init ] --END-- [ RunTime:0.000753s ]
INFO: [ app_begin ] --START--
INFO: Run Behavior\ReadHtmlCacheBehavior [ RunTime:0.000996s ]
INFO: [ app_begin ] --END-- [ RunTime:0.001058s ]
INFO: [ view_parse ] --START--
INFO: [ template_filter ] --START--
INFO: Run Behavior\ContentReplaceBehavior [ RunTime:0.000072s ]
INFO: [ template_filter ] --END-- [ RunTime:0.000149s ]
NOTIC: [8] Use of undefined constant Index - assumed 'Index' G:\www\my_project\Application\Runtime\Cache\Admin\2a29f2db7e5d066ba9b42bfd58f48adc.php 第 42 行.
NOTIC: [8] Use of undefined constant Index - assumed 'Index' G:\www\my_project\Application\Runtime\Cache\Admin\2a29f2db7e5d066ba9b42bfd58f48adc.php 第 47 行.
NOTIC: [8] Undefined variable: three G:\www\my_project\Application\Runtime\Cache\Admin\2a29f2db7e5d066ba9b42bfd58f48adc.php 第 131 行.
NOTIC: [8] Undefined variable: four G:\www\my_project\Application\Runtime\Cache\Admin\2a29f2db7e5d066ba9b42bfd58f48adc.php 第 134 行.
INFO: Run Behavior\ParseTemplateBehavior [ RunTime:0.015865s ]
INFO: [ view_parse ] --END-- [ RunTime:0.015939s ]
INFO: [ view_filter ] --START--
INFO: Run Behavior\WriteHtmlCacheBehavior [ RunTime:0.000744s ]
INFO: [ view_filter ] --END-- [ RunTime:0.000796s ]
INFO: [ app_end ] --START--
INFO: Run Behavior\ShowPageTraceBehavior [ RunTime:0.000977s ]
INFO: [ app_end ] --END-- [ RunTime:0.001026s ]

[ 2018-11-26T00:09:54+08:00 ] 127.0.0.1 /admin.php/User/user.html
INFO: [ app_init ] --START--
INFO: Run Behavior\BuildLiteBehavior [ RunTime:0.000020s ]
INFO: [ app_init ] --END-- [ RunTime:0.000916s ]
INFO: [ app_begin ] --START--
INFO: Run Behavior\ReadHtmlCacheBehavior [ RunTime:0.001033s ]
INFO: [ app_begin ] --END-- [ RunTime:0.001110s ]
INFO: [ view_parse ] --START--
INFO: [ template_filter ] --START--
INFO: Run Behavior\ContentReplaceBehavior [ RunTime:0.000062s ]
INFO: [ template_filter ] --END-- [ RunTime:0.000112s ]
NOTIC: [8] Use of undefined constant Index - assumed 'Index' G:\www\my_project\Application\Runtime\Cache\Admin\2a29f2db7e5d066ba9b42bfd58f48adc.php 第 42 行.
NOTIC: [8] Use of undefined constant Index - assumed 'Index' G:\www\my_project\Application\Runtime\Cache\Admin\2a29f2db7e5d066ba9b42bfd58f48adc.php 第 47 行.
NOTIC: [8] Undefined variable: three G:\www\my_project\Application\Runtime\Cache\Admin\2a29f2db7e5d066ba9b42bfd58f48adc.php 第 131 行.
NOTIC: [8] Undefined variable: four G:\www\my_project\Application\Runtime\Cache\Admin\2a29f2db7e5d066ba9b42bfd58f48adc.php 第 134 行.
INFO: Run Behavior\ParseTemplateBehavior [ RunTime:0.027647s ]
INFO: [ view_parse ] --END-- [ RunTime:0.027714s ]
INFO: [ view_filter ] --START--
INFO: Run Behavior\WriteHtmlCacheBehavior [ RunTime:0.000644s ]
INFO: [ view_filter ] --END-- [ RunTime:0.000678s ]
INFO: [ app_end ] --START--
INFO: Run Behavior\ShowPageTraceBehavior [ RunTime:0.000937s ]
INFO: [ app_end ] --END-- [ RunTime:0.000979s ]

[ 2018-11-26T00:10:24+08:00 ] 127.0.0.1 /admin.php/User/user.html
INFO: [ app_init ] --START--
INFO: Run Behavior\BuildLiteBehavior [ RunTime:0.000014s ]
INFO: [ app_init ] --END-- [ RunTime:0.000569s ]
INFO: [ app_begin ] --START--
INFO: Run Behavior\ReadHtmlCacheBehavior [ RunTime:0.000740s ]
INFO: [ app_begin ] --END-- [ RunTime:0.000786s ]
INFO: [ view_parse ] --START--
INFO: [ template_filter ] --START--
INFO: Run Behavior\ContentReplaceBehavior [ RunTime:0.000145s ]
INFO: [ template_filter ] --END-- [ RunTime:0.000279s ]
NOTIC: [8] Use of undefined constant Index - assumed 'Index' G:\www\my_project\Application\Runtime\Cache\Admin\2a29f2db7e5d066ba9b42bfd58f48adc.php 第 42 行.
NOTIC: [8] Use of undefined constant Index - assumed 'Index' G:\www\my_project\Application\Runtime\Cache\Admin\2a29f2db7e5d066ba9b42bfd58f48adc.php 第 47 行.
NOTIC: [8] Undefined variable: three G:\www\my_project\Application\Runtime\Cache\Admin\2a29f2db7e5d066ba9b42bfd58f48adc.php 第 131 行.
NOTIC: [8] Undefined variable: four G:\www\my_project\Application\Runtime\Cache\Admin\2a29f2db7e5d066ba9b42bfd58f48adc.php 第 134 行.
INFO: Run Behavior\ParseTemplateBehavior [ RunTime:0.014319s ]
INFO: [ view_parse ] --END-- [ RunTime:0.014367s ]
INFO: [ view_filter ] --START--
INFO: Run Behavior\WriteHtmlCacheBehavior [ RunTime:0.000647s ]
INFO: [ view_filter ] --END-- [ RunTime:0.000698s ]
INFO: [ app_end ] --START--
INFO: Run Behavior\ShowPageTraceBehavior [ RunTime:0.001171s ]
INFO: [ app_end ] --END-- [ RunTime:0.001235s ]

[ 2018-11-26T00:10:38+08:00 ] 127.0.0.1 /admin.php/User/user.html
INFO: [ app_init ] --START--
INFO: Run Behavior\BuildLiteBehavior [ RunTime:0.000022s ]
INFO: [ app_init ] --END-- [ RunTime:0.000892s ]
INFO: [ app_begin ] --START--
INFO: Run Behavior\ReadHtmlCacheBehavior [ RunTime:0.002071s ]
INFO: [ app_begin ] --END-- [ RunTime:0.002226s ]
INFO: [ view_parse ] --START--
INFO: [ template_filter ] --START--
INFO: Run Behavior\ContentReplaceBehavior [ RunTime:0.000041s ]
INFO: [ template_filter ] --END-- [ RunTime:0.000082s ]
NOTIC: [8] Use of undefined constant Index - assumed 'Index' G:\www\my_project\Application\Runtime\Cache\Admin\2a29f2db7e5d066ba9b42bfd58f48adc.php 第 42 行.
NOTIC: [8] Use of undefined constant Index - assumed 'Index' G:\www\my_project\Application\Runtime\Cache\Admin\2a29f2db7e5d066ba9b42bfd58f48adc.php 第 47 行.
NOTIC: [8] Undefined variable: three G:\www\my_project\Application\Runtime\Cache\Admin\2a29f2db7e5d066ba9b42bfd58f48adc.php 第 131 行.
NOTIC: [8] Undefined variable: four G:\www\my_project\Application\Runtime\Cache\Admin\2a29f2db7e5d066ba9b42bfd58f48adc.php 第 134 行.
INFO: Run Behavior\ParseTemplateBehavior [ RunTime:0.010241s ]
INFO: [ view_parse ] --END-- [ RunTime:0.010291s ]
INFO: [ view_filter ] --START--
INFO: Run Behavior\WriteHtmlCacheBehavior [ RunTime:0.000881s ]
INFO: [ view_filter ] --END-- [ RunTime:0.000932s ]
INFO: [ app_end ] --START--
INFO: Run Behavior\ShowPageTraceBehavior [ RunTime:0.001075s ]
INFO: [ app_end ] --END-- [ RunTime:0.001123s ]

[ 2018-11-26T00:10:54+08:00 ] 127.0.0.1 /admin.php/User/user.html
INFO: [ app_init ] --START--
INFO: Run Behavior\BuildLiteBehavior [ RunTime:0.000014s ]
INFO: [ app_init ] --END-- [ RunTime:0.000640s ]
INFO: [ app_begin ] --START--
INFO: Run Behavior\ReadHtmlCacheBehavior [ RunTime:0.001741s ]
INFO: [ app_begin ] --END-- [ RunTime:0.001878s ]
INFO: [ view_parse ] --START--
INFO: [ template_filter ] --START--
INFO: Run Behavior\ContentReplaceBehavior [ RunTime:0.000044s ]
INFO: [ template_filter ] --END-- [ RunTime:0.000090s ]
NOTIC: [8] Use of undefined constant Index - assumed 'Index' G:\www\my_project\Application\Runtime\Cache\Admin\2a29f2db7e5d066ba9b42bfd58f48adc.php 第 42 行.
NOTIC: [8] Use of undefined constant Index - assumed 'Index' G:\www\my_project\Application\Runtime\Cache\Admin\2a29f2db7e5d066ba9b42bfd58f48adc.php 第 47 行.
NOTIC: [8] Undefined variable: three G:\www\my_project\Application\Runtime\Cache\Admin\2a29f2db7e5d066ba9b42bfd58f48adc.php 第 131 行.
NOTIC: [8] Undefined variable: four G:\www\my_project\Application\Runtime\Cache\Admin\2a29f2db7e5d066ba9b42bfd58f48adc.php 第 134 行.
INFO: Run Behavior\ParseTemplateBehavior [ RunTime:0.011067s ]
INFO: [ view_parse ] --END-- [ RunTime:0.011122s ]
INFO: [ view_filter ] --START--
INFO: Run Behavior\WriteHtmlCacheBehavior [ RunTime:0.000573s ]
INFO: [ view_filter ] --END-- [ RunTime:0.000605s ]
INFO: [ app_end ] --START--
INFO: Run Behavior\ShowPageTraceBehavior [ RunTime:0.000715s ]
INFO: [ app_end ] --END-- [ RunTime:0.000747s ]

[ 2018-11-26T00:11:02+08:00 ] 127.0.0.1 /admin.php/User/user.html
INFO: [ app_init ] --START--
INFO: Run Behavior\BuildLiteBehavior [ RunTime:0.000028s ]
INFO: [ app_init ] --END-- [ RunTime:0.001092s ]
INFO: [ app_begin ] --START--
INFO: Run Behavior\ReadHtmlCacheBehavior [ RunTime:0.001412s ]
INFO: [ app_begin ] --END-- [ RunTime:0.001485s ]
INFO: [ view_parse ] --START--
INFO: [ template_filter ] --START--
INFO: Run Behavior\ContentReplaceBehavior [ RunTime:0.000046s ]
INFO: [ template_filter ] --END-- [ RunTime:0.000091s ]
NOTIC: [8] Use of undefined constant Index - assumed 'Index' G:\www\my_project\Application\Runtime\Cache\Admin\2a29f2db7e5d066ba9b42bfd58f48adc.php 第 42 行.
NOTIC: [8] Use of undefined constant Index - assumed 'Index' G:\www\my_project\Application\Runtime\Cache\Admin\2a29f2db7e5d066ba9b42bfd58f48adc.php 第 47 行.
NOTIC: [8] Undefined variable: three G:\www\my_project\Application\Runtime\Cache\Admin\2a29f2db7e5d066ba9b42bfd58f48adc.php 第 131 行.
NOTIC: [8] Undefined variable: four G:\www\my_project\Application\Runtime\Cache\Admin\2a29f2db7e5d066ba9b42bfd58f48adc.php 第 134 行.
INFO: Run Behavior\ParseTemplateBehavior [ RunTime:0.011096s ]
INFO: [ view_parse ] --END-- [ RunTime:0.011166s ]
INFO: [ view_filter ] --START--
INFO: Run Behavior\WriteHtmlCacheBehavior [ RunTime:0.000881s ]
INFO: [ view_filter ] --END-- [ RunTime:0.000920s ]
INFO: [ app_end ] --START--
INFO: Run Behavior\ShowPageTraceBehavior [ RunTime:0.000759s ]
INFO: [ app_end ] --END-- [ RunTime:0.000793s ]

[ 2018-11-26T00:11:10+08:00 ] 127.0.0.1 /admin.php/User/user.html
INFO: [ app_init ] --START--
INFO: Run Behavior\BuildLiteBehavior [ RunTime:0.000026s ]
INFO: [ app_init ] --END-- [ RunTime:0.001282s ]
INFO: [ app_begin ] --START--
INFO: Run Behavior\ReadHtmlCacheBehavior [ RunTime:0.001414s ]
INFO: [ app_begin ] --END-- [ RunTime:0.001527s ]
INFO: [ view_parse ] --START--
INFO: [ template_filter ] --START--
INFO: Run Behavior\ContentReplaceBehavior [ RunTime:0.000053s ]
INFO: [ template_filter ] --END-- [ RunTime:0.000116s ]
NOTIC: [8] Use of undefined constant Index - assumed 'Index' G:\www\my_project\Application\Runtime\Cache\Admin\2a29f2db7e5d066ba9b42bfd58f48adc.php 第 42 行.
NOTIC: [8] Use of undefined constant Index - assumed 'Index' G:\www\my_project\Application\Runtime\Cache\Admin\2a29f2db7e5d066ba9b42bfd58f48adc.php 第 47 行.
NOTIC: [8] Undefined variable: three G:\www\my_project\Application\Runtime\Cache\Admin\2a29f2db7e5d066ba9b42bfd58f48adc.php 第 131 行.
NOTIC: [8] Undefined variable: four G:\www\my_project\Application\Runtime\Cache\Admin\2a29f2db7e5d066ba9b42bfd58f48adc.php 第 134 行.
INFO: Run Behavior\ParseTemplateBehavior [ RunTime:0.012596s ]
INFO: [ view_parse ] --END-- [ RunTime:0.012645s ]
INFO: [ view_filter ] --START--
INFO: Run Behavior\WriteHtmlCacheBehavior [ RunTime:0.000572s ]
INFO: [ view_filter ] --END-- [ RunTime:0.000606s ]
INFO: [ app_end ] --START--
INFO: Run Behavior\ShowPageTraceBehavior [ RunTime:0.000749s ]
INFO: [ app_end ] --END-- [ RunTime:0.000785s ]

[ 2018-11-26T00:11:22+08:00 ] 127.0.0.1 /admin.php/User/user.html
INFO: [ app_init ] --START--
INFO: Run Behavior\BuildLiteBehavior [ RunTime:0.000016s ]
INFO: [ app_init ] --END-- [ RunTime:0.000723s ]
INFO: [ app_begin ] --START--
INFO: Run Behavior\ReadHtmlCacheBehavior [ RunTime:0.000771s ]
INFO: [ app_begin ] --END-- [ RunTime:0.000818s ]
INFO: [ view_parse ] --START--
INFO: [ template_filter ] --START--
INFO: Run Behavior\ContentReplaceBehavior [ RunTime:0.000046s ]
INFO: [ template_filter ] --END-- [ RunTime:0.000103s ]
NOTIC: [8] Use of undefined constant Index - assumed 'Index' G:\www\my_project\Application\Runtime\Cache\Admin\2a29f2db7e5d066ba9b42bfd58f48adc.php 第 42 行.
NOTIC: [8] Use of undefined constant Index - assumed 'Index' G:\www\my_project\Application\Runtime\Cache\Admin\2a29f2db7e5d066ba9b42bfd58f48adc.php 第 47 行.
NOTIC: [8] Undefined variable: three G:\www\my_project\Application\Runtime\Cache\Admin\2a29f2db7e5d066ba9b42bfd58f48adc.php 第 131 行.
NOTIC: [8] Undefined variable: four G:\www\my_project\Application\Runtime\Cache\Admin\2a29f2db7e5d066ba9b42bfd58f48adc.php 第 134 行.
INFO: Run Behavior\ParseTemplateBehavior [ RunTime:0.010513s ]
INFO: [ view_parse ] --END-- [ RunTime:0.010554s ]
INFO: [ view_filter ] --START--
INFO: Run Behavior\WriteHtmlCacheBehavior [ RunTime:0.000533s ]
INFO: [ view_filter ] --END-- [ RunTime:0.000566s ]
INFO: [ app_end ] --START--
INFO: Run Behavior\ShowPageTraceBehavior [ RunTime:0.000724s ]
INFO: [ app_end ] --END-- [ RunTime:0.000757s ]

[ 2018-11-26T00:11:31+08:00 ] 127.0.0.1 /admin.php/Index/index.html
INFO: [ app_init ] --START--
INFO: Run Behavior\BuildLiteBehavior [ RunTime:0.000013s ]
INFO: [ app_init ] --END-- [ RunTime:0.000561s ]
INFO: [ app_begin ] --START--
INFO: Run Behavior\ReadHtmlCacheBehavior [ RunTime:0.000732s ]
INFO: [ app_begin ] --END-- [ RunTime:0.000773s ]
INFO: [ view_parse ] --START--
INFO: [ template_filter ] --START--
INFO: Run Behavior\ContentReplaceBehavior [ RunTime:0.000053s ]
INFO: [ template_filter ] --END-- [ RunTime:0.000112s ]
NOTIC: [8] Use of undefined constant Index - assumed 'Index' G:\www\my_project\Application\Runtime\Cache\Admin\b595b808c2ebeeeb0478ffc30bb4e87a.php 第 42 行.
NOTIC: [8] Use of undefined constant Index - assumed 'Index' G:\www\my_project\Application\Runtime\Cache\Admin\b595b808c2ebeeeb0478ffc30bb4e87a.php 第 47 行.
NOTIC: [8] Undefined variable: one G:\www\my_project\Application\Runtime\Cache\Admin\b595b808c2ebeeeb0478ffc30bb4e87a.php 第 125 行.
NOTIC: [8] Undefined variable: two G:\www\my_project\Application\Runtime\Cache\Admin\b595b808c2ebeeeb0478ffc30bb4e87a.php 第 128 行.
NOTIC: [8] Undefined variable: three G:\www\my_project\Application\Runtime\Cache\Admin\b595b808c2ebeeeb0478ffc30bb4e87a.php 第 131 行.
NOTIC: [8] Undefined variable: four G:\www\my_project\Application\Runtime\Cache\Admin\b595b808c2ebeeeb0478ffc30bb4e87a.php 第 134 行.
INFO: Run Behavior\ParseTemplateBehavior [ RunTime:0.011695s ]
INFO: [ view_parse ] --END-- [ RunTime:0.011753s ]
INFO: [ view_filter ] --START--
INFO: Run Behavior\WriteHtmlCacheBehavior [ RunTime:0.000891s ]
INFO: [ view_filter ] --END-- [ RunTime:0.000943s ]
INFO: [ app_end ] --START--
INFO: Run Behavior\ShowPageTraceBehavior [ RunTime:0.001087s ]
INFO: [ app_end ] --END-- [ RunTime:0.001146s ]

[ 2018-11-26T00:11:36+08:00 ] 127.0.0.1 /admin.php/Index/role.html
INFO: [ app_init ] --START--
INFO: Run Behavior\BuildLiteBehavior [ RunTime:0.000025s ]
INFO: [ app_init ] --END-- [ RunTime:0.000946s ]
INFO: [ app_begin ] --START--
INFO: Run Behavior\ReadHtmlCacheBehavior [ RunTime:0.000919s ]
INFO: [ app_begin ] --END-- [ RunTime:0.000978s ]
INFO: [ view_parse ] --START--
INFO: [ template_filter ] --START--
INFO: Run Behavior\ContentReplaceBehavior [ RunTime:0.000044s ]
INFO: [ template_filter ] --END-- [ RunTime:0.000089s ]
NOTIC: [8] Use of undefined constant Index - assumed 'Index' G:\www\my_project\Application\Runtime\Cache\Admin\b9bea5d37506456b20f06ed60dcbf915.php 第 42 行.
NOTIC: [8] Use of undefined constant Index - assumed 'Index' G:\www\my_project\Application\Runtime\Cache\Admin\b9bea5d37506456b20f06ed60dcbf915.php 第 47 行.
NOTIC: [8] Undefined variable: one G:\www\my_project\Application\Runtime\Cache\Admin\b9bea5d37506456b20f06ed60dcbf915.php 第 125 行.
NOTIC: [8] Undefined variable: two G:\www\my_project\Application\Runtime\Cache\Admin\b9bea5d37506456b20f06ed60dcbf915.php 第 128 行.
NOTIC: [8] Undefined variable: three G:\www\my_project\Application\Runtime\Cache\Admin\b9bea5d37506456b20f06ed60dcbf915.php 第 131 行.
NOTIC: [8] Undefined variable: four G:\www\my_project\Application\Runtime\Cache\Admin\b9bea5d37506456b20f06ed60dcbf915.php 第 134 行.
INFO: Run Behavior\ParseTemplateBehavior [ RunTime:0.011425s ]
INFO: [ view_parse ] --END-- [ RunTime:0.011557s ]
INFO: [ view_filter ] --START--
INFO: Run Behavior\WriteHtmlCacheBehavior [ RunTime:0.001205s ]
INFO: [ view_filter ] --END-- [ RunTime:0.001292s ]
INFO: [ app_end ] --START--
INFO: Run Behavior\ShowPageTraceBehavior [ RunTime:0.001554s ]
INFO: [ app_end ] --END-- [ RunTime:0.001721s ]

[ 2018-11-26T00:11:38+08:00 ] 127.0.0.1 /admin.php/Web/web.html
INFO: [ app_init ] --START--
INFO: Run Behavior\BuildLiteBehavior [ RunTime:0.000014s ]
INFO: [ app_init ] --END-- [ RunTime:0.000591s ]
INFO: [ app_begin ] --START--
INFO: Run Behavior\ReadHtmlCacheBehavior [ RunTime:0.000704s ]
INFO: [ app_begin ] --END-- [ RunTime:0.000756s ]
INFO: [ view_parse ] --START--
INFO: [ template_filter ] --START--
INFO: Run Behavior\ContentReplaceBehavior [ RunTime:0.000117s ]
INFO: [ template_filter ] --END-- [ RunTime:0.000270s ]
NOTIC: [8] Use of undefined constant Index - assumed 'Index' G:\www\my_project\Application\Runtime\Cache\Admin\6742eb65d531e0e051f78f1a7f61767e.php 第 42 行.
NOTIC: [8] Use of undefined constant Index - assumed 'Index' G:\www\my_project\Application\Runtime\Cache\Admin\6742eb65d531e0e051f78f1a7f61767e.php 第 47 行.
NOTIC: [8] Undefined variable: one G:\www\my_project\Application\Runtime\Cache\Admin\6742eb65d531e0e051f78f1a7f61767e.php 第 125 行.
NOTIC: [8] Undefined variable: two G:\www\my_project\Application\Runtime\Cache\Admin\6742eb65d531e0e051f78f1a7f61767e.php 第 128 行.
NOTIC: [8] Undefined variable: three G:\www\my_project\Application\Runtime\Cache\Admin\6742eb65d531e0e051f78f1a7f61767e.php 第 131 行.
NOTIC: [8] Undefined variable: four G:\www\my_project\Application\Runtime\Cache\Admin\6742eb65d531e0e051f78f1a7f61767e.php 第 134 行.
INFO: Run Behavior\ParseTemplateBehavior [ RunTime:0.013784s ]
INFO: [ view_parse ] --END-- [ RunTime:0.013847s ]
INFO: [ view_filter ] --START--
INFO: Run Behavior\WriteHtmlCacheBehavior [ RunTime:0.000555s ]
INFO: [ view_filter ] --END-- [ RunTime:0.000592s ]
INFO: [ app_end ] --START--
INFO: Run Behavior\ShowPageTraceBehavior [ RunTime:0.000751s ]
INFO: [ app_end ] --END-- [ RunTime:0.000786s ]

[ 2018-11-26T00:11:40+08:00 ] 127.0.0.1 /admin.php/Web/web.html
INFO: [ app_init ] --START--
INFO: Run Behavior\BuildLiteBehavior [ RunTime:0.000015s ]
INFO: [ app_init ] --END-- [ RunTime:0.000576s ]
INFO: [ app_begin ] --START--
INFO: Run Behavior\ReadHtmlCacheBehavior [ RunTime:0.000726s ]
INFO: [ app_begin ] --END-- [ RunTime:0.000778s ]
INFO: [ view_parse ] --START--
INFO: [ template_filter ] --START--
INFO: Run Behavior\ContentReplaceBehavior [ RunTime:0.000044s ]
INFO: [ template_filter ] --END-- [ RunTime:0.000091s ]
NOTIC: [8] Use of undefined constant Index - assumed 'Index' G:\www\my_project\Application\Runtime\Cache\Admin\6742eb65d531e0e051f78f1a7f61767e.php 第 42 行.
NOTIC: [8] Use of undefined constant Index - assumed 'Index' G:\www\my_project\Application\Runtime\Cache\Admin\6742eb65d531e0e051f78f1a7f61767e.php 第 47 行.
NOTIC: [8] Undefined variable: one G:\www\my_project\Application\Runtime\Cache\Admin\6742eb65d531e0e051f78f1a7f61767e.php 第 125 行.
NOTIC: [8] Undefined variable: two G:\www\my_project\Application\Runtime\Cache\Admin\6742eb65d531e0e051f78f1a7f61767e.php 第 128 行.
NOTIC: [8] Undefined variable: three G:\www\my_project\Application\Runtime\Cache\Admin\6742eb65d531e0e051f78f1a7f61767e.php 第 131 行.
NOTIC: [8] Undefined variable: four G:\www\my_project\Application\Runtime\Cache\Admin\6742eb65d531e0e051f78f1a7f61767e.php 第 134 行.
INFO: Run Behavior\ParseTemplateBehavior [ RunTime:0.014733s ]
INFO: [ view_parse ] --END-- [ RunTime:0.014789s ]
INFO: [ view_filter ] --START--
INFO: Run Behavior\WriteHtmlCacheBehavior [ RunTime:0.000622s ]
INFO: [ view_filter ] --END-- [ RunTime:0.000658s ]
INFO: [ app_end ] --START--
INFO: Run Behavior\ShowPageTraceBehavior [ RunTime:0.000961s ]
INFO: [ app_end ] --END-- [ RunTime:0.001008s ]

[ 2018-11-26T00:13:36+08:00 ] 127.0.0.1 /admin.php/Web/web.html
INFO: [ app_init ] --START--
INFO: Run Behavior\BuildLiteBehavior [ RunTime:0.000030s ]
INFO: [ app_init ] --END-- [ RunTime:0.001718s ]
INFO: [ app_begin ] --START--
INFO: Run Behavior\ReadHtmlCacheBehavior [ RunTime:0.000805s ]
INFO: [ app_begin ] --END-- [ RunTime:0.000854s ]
INFO: [ view_parse ] --START--
INFO: [ template_filter ] --START--
INFO: Run Behavior\ContentReplaceBehavior [ RunTime:0.000049s ]
INFO: [ template_filter ] --END-- [ RunTime:0.000107s ]
NOTIC: [8] Use of undefined constant Index - assumed 'Index' G:\www\my_project\Application\Runtime\Cache\Admin\6742eb65d531e0e051f78f1a7f61767e.php 第 42 行.
NOTIC: [8] Use of undefined constant Index - assumed 'Index' G:\www\my_project\Application\Runtime\Cache\Admin\6742eb65d531e0e051f78f1a7f61767e.php 第 47 行.
NOTIC: [8] Use of undefined constant Web - assumed 'Web' G:\www\my_project\Application\Runtime\Cache\Admin\6742eb65d531e0e051f78f1a7f61767e.php 第 65 行.
NOTIC: [8] Use of undefined constant Web - assumed 'Web' G:\www\my_project\Application\Runtime\Cache\Admin\6742eb65d531e0e051f78f1a7f61767e.php 第 70 行.
NOTIC: [8] Undefined variable: one G:\www\my_project\Application\Runtime\Cache\Admin\6742eb65d531e0e051f78f1a7f61767e.php 第 126 行.
NOTIC: [8] Undefined variable: two G:\www\my_project\Application\Runtime\Cache\Admin\6742eb65d531e0e051f78f1a7f61767e.php 第 129 行.
NOTIC: [8] Undefined variable: three G:\www\my_project\Application\Runtime\Cache\Admin\6742eb65d531e0e051f78f1a7f61767e.php 第 132 行.
NOTIC: [8] Undefined variable: four G:\www\my_project\Application\Runtime\Cache\Admin\6742eb65d531e0e051f78f1a7f61767e.php 第 135 行.
INFO: Run Behavior\ParseTemplateBehavior [ RunTime:0.014572s ]
INFO: [ view_parse ] --END-- [ RunTime:0.014616s ]
INFO: [ view_filter ] --START--
INFO: Run Behavior\WriteHtmlCacheBehavior [ RunTime:0.000655s ]
INFO: [ view_filter ] --END-- [ RunTime:0.000690s ]
INFO: [ app_end ] --START--
INFO: Run Behavior\ShowPageTraceBehavior [ RunTime:0.000945s ]
INFO: [ app_end ] --END-- [ RunTime:0.000987s ]

