[ 2018-12-14T00:00:04+08:00 ] 127.0.0.1 /admin.php/Poetry/poemAddEdit/type/2.html
INFO: [ app_init ] --START--
INFO: Run Behavior\BuildLiteBehavior [ RunTime:0.000024s ]
INFO: [ app_init ] --END-- [ RunTime:0.000988s ]
INFO: [ app_begin ] --START--
INFO: Run Behavior\ReadHtmlCacheBehavior [ RunTime:0.000926s ]
INFO: [ app_begin ] --END-- [ RunTime:0.000980s ]
NOTIC: [2048] Declaration of Admin\Model\AdminModel::add() should be compatible with Think\Model::add($data = '', $options = Array, $replace = false) G:\www\project\Application\Admin\Model\AdminModel.class.php 第 6 行.
SQL: SHOW COLUMNS FROM `admin` [ RunTime:0.0155s ]
SQL: SHOW COLUMNS FROM `admin` [ RunTime:0.0118s ]
SQL: SELECT * FROM `admin` WHERE `id` = 1 LIMIT 1   [ RunTime:0.0003s ]
NOTIC: [2048] Declaration of Admin\Model\ScgfModel::add() should be compatible with Think\Model::add($data = '', $options = Array, $replace = false) G:\www\project\Application\Admin\Model\ScgfModel.class.php 第 43 行.
SQL: SHOW COLUMNS FROM `scgf` [ RunTime:0.0164s ]
SQL: SHOW COLUMNS FROM `scgf` [ RunTime:0.0141s ]
SQL: SELECT * FROM `scgf` WHERE `id` = 0 LIMIT 1   [ RunTime:0.0004s ]
INFO: [ view_parse ] --START--
INFO: [ template_filter ] --START--
INFO: Run Behavior\ContentReplaceBehavior [ RunTime:0.000049s ]
INFO: [ template_filter ] --END-- [ RunTime:0.000091s ]
NOTIC: [8] Use of undefined constant Poetry - assumed 'Poetry' G:\www\project\Application\Runtime\Cache\Admin\3fb8715d9e6f9778cec928ad60cb6c06.php 第 56 行.
NOTIC: [8] Use of undefined constant Poetry - assumed 'Poetry' G:\www\project\Application\Runtime\Cache\Admin\3fb8715d9e6f9778cec928ad60cb6c06.php 第 61 行.
NOTIC: [8] Use of undefined constant Auth - assumed 'Auth' G:\www\project\Application\Runtime\Cache\Admin\3fb8715d9e6f9778cec928ad60cb6c06.php 第 78 行.
NOTIC: [8] Use of undefined constant Auth - assumed 'Auth' G:\www\project\Application\Runtime\Cache\Admin\3fb8715d9e6f9778cec928ad60cb6c06.php 第 83 行.
NOTIC: [8] Use of undefined constant System - assumed 'System' G:\www\project\Application\Runtime\Cache\Admin\3fb8715d9e6f9778cec928ad60cb6c06.php 第 103 行.
NOTIC: [8] Use of undefined constant System - assumed 'System' G:\www\project\Application\Runtime\Cache\Admin\3fb8715d9e6f9778cec928ad60cb6c06.php 第 108 行.
NOTIC: [8] Undefined variable: four G:\www\project\Application\Runtime\Cache\Admin\3fb8715d9e6f9778cec928ad60cb6c06.php 第 139 行.
INFO: Run Behavior\ParseTemplateBehavior [ RunTime:0.015450s ]
INFO: [ view_parse ] --END-- [ RunTime:0.015506s ]
INFO: [ view_filter ] --START--
INFO: Run Behavior\WriteHtmlCacheBehavior [ RunTime:0.001909s ]
INFO: [ view_filter ] --END-- [ RunTime:0.001990s ]
INFO: [ app_end ] --START--
INFO: Run Behavior\ShowPageTraceBehavior [ RunTime:0.002374s ]
INFO: [ app_end ] --END-- [ RunTime:0.002491s ]

[ 2018-12-14T00:02:39+08:00 ] 127.0.0.1 /admin.php/Poetry/poemAddEdit/type/2.html
INFO: [ app_init ] --START--
INFO: Run Behavior\BuildLiteBehavior [ RunTime:0.000017s ]
INFO: [ app_init ] --END-- [ RunTime:0.001062s ]
INFO: [ app_begin ] --START--
INFO: Run Behavior\ReadHtmlCacheBehavior [ RunTime:0.001563s ]
INFO: [ app_begin ] --END-- [ RunTime:0.001657s ]
NOTIC: [2048] Declaration of Admin\Model\AdminModel::add() should be compatible with Think\Model::add($data = '', $options = Array, $replace = false) G:\www\project\Application\Admin\Model\AdminModel.class.php 第 6 行.
SQL: SHOW COLUMNS FROM `admin` [ RunTime:0.0152s ]
SQL: SHOW COLUMNS FROM `admin` [ RunTime:0.0163s ]
SQL: SELECT * FROM `admin` WHERE `id` = 1 LIMIT 1   [ RunTime:0.0005s ]
NOTIC: [2048] Declaration of Admin\Model\ScgfModel::add() should be compatible with Think\Model::add($data = '', $options = Array, $replace = false) G:\www\project\Application\Admin\Model\ScgfModel.class.php 第 43 行.
SQL: SHOW COLUMNS FROM `scgf` [ RunTime:0.0296s ]
SQL: SHOW COLUMNS FROM `scgf` [ RunTime:0.0269s ]
SQL: SELECT * FROM `scgf` WHERE `id` = 0 LIMIT 1   [ RunTime:0.0004s ]
INFO: [ view_parse ] --START--
INFO: [ template_filter ] --START--
INFO: Run Behavior\ContentReplaceBehavior [ RunTime:0.000093s ]
INFO: [ template_filter ] --END-- [ RunTime:0.000222s ]
NOTIC: [8] Use of undefined constant Poetry - assumed 'Poetry' G:\www\project\Application\Runtime\Cache\Admin\3fb8715d9e6f9778cec928ad60cb6c06.php 第 56 行.
NOTIC: [8] Use of undefined constant Poetry - assumed 'Poetry' G:\www\project\Application\Runtime\Cache\Admin\3fb8715d9e6f9778cec928ad60cb6c06.php 第 61 行.
NOTIC: [8] Use of undefined constant Auth - assumed 'Auth' G:\www\project\Application\Runtime\Cache\Admin\3fb8715d9e6f9778cec928ad60cb6c06.php 第 78 行.
NOTIC: [8] Use of undefined constant Auth - assumed 'Auth' G:\www\project\Application\Runtime\Cache\Admin\3fb8715d9e6f9778cec928ad60cb6c06.php 第 83 行.
NOTIC: [8] Use of undefined constant System - assumed 'System' G:\www\project\Application\Runtime\Cache\Admin\3fb8715d9e6f9778cec928ad60cb6c06.php 第 103 行.
NOTIC: [8] Use of undefined constant System - assumed 'System' G:\www\project\Application\Runtime\Cache\Admin\3fb8715d9e6f9778cec928ad60cb6c06.php 第 108 行.
NOTIC: [8] Undefined variable: four G:\www\project\Application\Runtime\Cache\Admin\3fb8715d9e6f9778cec928ad60cb6c06.php 第 139 行.
INFO: Run Behavior\ParseTemplateBehavior [ RunTime:0.031538s ]
INFO: [ view_parse ] --END-- [ RunTime:0.031632s ]
INFO: [ view_filter ] --START--
INFO: Run Behavior\WriteHtmlCacheBehavior [ RunTime:0.001624s ]
INFO: [ view_filter ] --END-- [ RunTime:0.001689s ]
INFO: [ app_end ] --START--
INFO: Run Behavior\ShowPageTraceBehavior [ RunTime:0.002077s ]
INFO: [ app_end ] --END-- [ RunTime:0.002179s ]

