[ 2019-02-21T15:55:22+08:00 ] 127.0.0.1 /admin.php/Index/index.html
INFO: [ app_init ] --START--
INFO: Run Behavior\BuildLiteBehavior [ RunTime:0.000012s ]
INFO: [ app_init ] --END-- [ RunTime:0.005289s ]
INFO: [ app_begin ] --START--
INFO: Run Behavior\ReadHtmlCacheBehavior [ RunTime:0.001785s ]
INFO: [ app_begin ] --END-- [ RunTime:0.001872s ]
NOTIC: [8] Undefined index: id H:\www\project\Application\Admin\Controller\BaseController.class.php 第 11 行.
INFO: [ view_parse ] --START--
INFO: [ template_filter ] --START--
INFO: Run Behavior\ContentReplaceBehavior [ RunTime:0.000816s ]
INFO: [ template_filter ] --END-- [ RunTime:0.000875s ]
INFO: Run Behavior\ParseTemplateBehavior [ RunTime:0.010783s ]
INFO: [ view_parse ] --END-- [ RunTime:0.010845s ]
INFO: [ view_filter ] --START--
INFO: Run Behavior\WriteHtmlCacheBehavior [ RunTime:0.001253s ]
INFO: [ view_filter ] --END-- [ RunTime:0.001299s ]

[ 2019-02-21T15:55:25+08:00 ] 127.0.0.1 /admin.php/Login/login.html
INFO: [ app_init ] --START--
INFO: Run Behavior\BuildLiteBehavior [ RunTime:0.000011s ]
INFO: [ app_init ] --END-- [ RunTime:0.000480s ]
INFO: [ app_begin ] --START--
INFO: Run Behavior\ReadHtmlCacheBehavior [ RunTime:0.000721s ]
INFO: [ app_begin ] --END-- [ RunTime:0.000781s ]
NOTIC: [8] A session had already been started - ignoring session_start() H:\www\project\ThinkPHP\Common\functions.php 第 1272 行.
INFO: [ view_parse ] --START--
INFO: [ template_filter ] --START--
INFO: Run Behavior\ContentReplaceBehavior [ RunTime:0.000044s ]
INFO: [ template_filter ] --END-- [ RunTime:0.000084s ]
INFO: Run Behavior\ParseTemplateBehavior [ RunTime:0.012193s ]
INFO: [ view_parse ] --END-- [ RunTime:0.012247s ]
INFO: [ view_filter ] --START--
INFO: Run Behavior\WriteHtmlCacheBehavior [ RunTime:0.017649s ]
INFO: [ view_filter ] --END-- [ RunTime:0.017690s ]
INFO: [ app_end ] --START--
INFO: Run Behavior\ShowPageTraceBehavior [ RunTime:0.001213s ]
INFO: [ app_end ] --END-- [ RunTime:0.001258s ]

[ 2019-02-21T15:55:39+08:00 ] 127.0.0.1 /admin.php/Login/ajax_login.html
INFO: [ app_init ] --START--
INFO: Run Behavior\BuildLiteBehavior [ RunTime:0.000012s ]
INFO: [ app_init ] --END-- [ RunTime:0.000525s ]
INFO: [ app_begin ] --START--
INFO: Run Behavior\ReadHtmlCacheBehavior [ RunTime:0.000706s ]
INFO: [ app_begin ] --END-- [ RunTime:0.000760s ]
SQL: SHOW COLUMNS FROM `admin` [ RunTime:0.0258s ]
SQL: SELECT * FROM `admin` WHERE `password_md5` = 'a8f283efb0a7639652c9f09012f43cbb' LIMIT 1   [ RunTime:0.0019s ]
SQL: UPDATE `admin` SET `this_login_time`='1550735739',`this_login_ip`='127.0.0.1',`last_login_time`='1545098712',`last_login_ip`='127.0.0.1' WHERE `id` = 1 [ RunTime:0.0020s ]

[ 2019-02-21T15:55:39+08:00 ] 127.0.0.1 /admin.php/Index/index.html
INFO: [ app_init ] --START--
INFO: Run Behavior\BuildLiteBehavior [ RunTime:0.000011s ]
INFO: [ app_init ] --END-- [ RunTime:0.000442s ]
INFO: [ app_begin ] --START--
INFO: Run Behavior\ReadHtmlCacheBehavior [ RunTime:0.000541s ]
INFO: [ app_begin ] --END-- [ RunTime:0.000587s ]
NOTIC: [2048] Declaration of Admin\Model\AdminModel::add() should be compatible with Think\Model::add($data = '', $options = Array, $replace = false) H:\www\project\Application\Admin\Model\AdminModel.class.php 第 6 行.
NOTIC: [2048] Declaration of Admin\Model\AdminModel::delete() should be compatible with Think\Model::delete($options = Array) H:\www\project\Application\Admin\Model\AdminModel.class.php 第 6 行.
SQL: SHOW COLUMNS FROM `admin` [ RunTime:0.0126s ]
SQL: SHOW COLUMNS FROM `admin` [ RunTime:0.0130s ]
SQL: SELECT * FROM `admin` WHERE `id` = 1 LIMIT 1   [ RunTime:0.0006s ]
SQL: SELECT * FROM `admin` WHERE `id` = 1 LIMIT 1   [ RunTime:0.0011s ]
INFO: [ view_parse ] --START--
INFO: [ template_filter ] --START--
INFO: Run Behavior\ContentReplaceBehavior [ RunTime:0.000043s ]
INFO: [ template_filter ] --END-- [ RunTime:0.000088s ]
NOTIC: [8] Use of undefined constant Poetry - assumed 'Poetry' H:\www\project\Application\Runtime\Cache\Admin\b595b808c2ebeeeb0478ffc30bb4e87a.php 第 56 行.
NOTIC: [8] Use of undefined constant Poetry - assumed 'Poetry' H:\www\project\Application\Runtime\Cache\Admin\b595b808c2ebeeeb0478ffc30bb4e87a.php 第 61 行.
NOTIC: [8] Undefined variable: url H:\www\project\Application\Runtime\Cache\Admin\b595b808c2ebeeeb0478ffc30bb4e87a.php 第 63 行.
NOTIC: [8] Undefined variable: url H:\www\project\Application\Runtime\Cache\Admin\b595b808c2ebeeeb0478ffc30bb4e87a.php 第 66 行.
NOTIC: [8] Use of undefined constant Auth - assumed 'Auth' H:\www\project\Application\Runtime\Cache\Admin\b595b808c2ebeeeb0478ffc30bb4e87a.php 第 72 行.
NOTIC: [8] Use of undefined constant Auth - assumed 'Auth' H:\www\project\Application\Runtime\Cache\Admin\b595b808c2ebeeeb0478ffc30bb4e87a.php 第 77 行.
NOTIC: [8] Undefined variable: url H:\www\project\Application\Runtime\Cache\Admin\b595b808c2ebeeeb0478ffc30bb4e87a.php 第 79 行.
NOTIC: [8] Undefined variable: url H:\www\project\Application\Runtime\Cache\Admin\b595b808c2ebeeeb0478ffc30bb4e87a.php 第 82 行.
NOTIC: [8] Undefined variable: url H:\www\project\Application\Runtime\Cache\Admin\b595b808c2ebeeeb0478ffc30bb4e87a.php 第 85 行.
NOTIC: [8] Undefined variable: url H:\www\project\Application\Runtime\Cache\Admin\b595b808c2ebeeeb0478ffc30bb4e87a.php 第 88 行.
NOTIC: [8] Undefined variable: url H:\www\project\Application\Runtime\Cache\Admin\b595b808c2ebeeeb0478ffc30bb4e87a.php 第 91 行.
NOTIC: [8] Undefined variable: url H:\www\project\Application\Runtime\Cache\Admin\b595b808c2ebeeeb0478ffc30bb4e87a.php 第 94 行.
NOTIC: [8] Use of undefined constant System - assumed 'System' H:\www\project\Application\Runtime\Cache\Admin\b595b808c2ebeeeb0478ffc30bb4e87a.php 第 100 行.
NOTIC: [8] Use of undefined constant System - assumed 'System' H:\www\project\Application\Runtime\Cache\Admin\b595b808c2ebeeeb0478ffc30bb4e87a.php 第 105 行.
NOTIC: [8] Undefined variable: url H:\www\project\Application\Runtime\Cache\Admin\b595b808c2ebeeeb0478ffc30bb4e87a.php 第 107 行.
NOTIC: [8] Undefined variable: url H:\www\project\Application\Runtime\Cache\Admin\b595b808c2ebeeeb0478ffc30bb4e87a.php 第 110 行.
NOTIC: [8] Undefined variable: two H:\www\project\Application\Runtime\Cache\Admin\b595b808c2ebeeeb0478ffc30bb4e87a.php 第 130 行.
NOTIC: [8] Undefined variable: three H:\www\project\Application\Runtime\Cache\Admin\b595b808c2ebeeeb0478ffc30bb4e87a.php 第 133 行.
NOTIC: [8] Undefined variable: four H:\www\project\Application\Runtime\Cache\Admin\b595b808c2ebeeeb0478ffc30bb4e87a.php 第 136 行.
INFO: Run Behavior\ParseTemplateBehavior [ RunTime:0.022150s ]
INFO: [ view_parse ] --END-- [ RunTime:0.022197s ]
INFO: [ view_filter ] --START--
INFO: Run Behavior\WriteHtmlCacheBehavior [ RunTime:0.000664s ]
INFO: [ view_filter ] --END-- [ RunTime:0.000696s ]
INFO: [ app_end ] --START--
INFO: Run Behavior\ShowPageTraceBehavior [ RunTime:0.000676s ]
INFO: [ app_end ] --END-- [ RunTime:0.000710s ]

[ 2019-02-21T15:55:49+08:00 ] 127.0.0.1 /admin.php/Index/index.html
INFO: [ app_init ] --START--
INFO: Run Behavior\BuildLiteBehavior [ RunTime:0.000019s ]
INFO: [ app_init ] --END-- [ RunTime:0.005679s ]
INFO: [ app_begin ] --START--
INFO: Run Behavior\ReadHtmlCacheBehavior [ RunTime:0.001938s ]
INFO: [ app_begin ] --END-- [ RunTime:0.002006s ]
NOTIC: [2048] Declaration of Admin\Model\AdminModel::add() should be compatible with Think\Model::add($data = '', $options = Array, $replace = false) H:\www\project\Application\Admin\Model\AdminModel.class.php 第 6 行.
NOTIC: [2048] Declaration of Admin\Model\AdminModel::delete() should be compatible with Think\Model::delete($options = Array) H:\www\project\Application\Admin\Model\AdminModel.class.php 第 6 行.
SQL: SHOW COLUMNS FROM `admin` [ RunTime:0.0130s ]
SQL: SHOW COLUMNS FROM `admin` [ RunTime:0.0329s ]
SQL: SELECT * FROM `admin` WHERE `id` = 1 LIMIT 1   [ RunTime:0.0005s ]
SQL: SELECT * FROM `admin` WHERE `id` = 1 LIMIT 1   [ RunTime:0.0007s ]
INFO: [ view_parse ] --START--
INFO: [ template_filter ] --START--
INFO: Run Behavior\ContentReplaceBehavior [ RunTime:0.000046s ]
INFO: [ template_filter ] --END-- [ RunTime:0.000095s ]
NOTIC: [8] Use of undefined constant Poetry - assumed 'Poetry' H:\www\project\Application\Runtime\Cache\Admin\b595b808c2ebeeeb0478ffc30bb4e87a.php 第 56 行.
NOTIC: [8] Use of undefined constant Poetry - assumed 'Poetry' H:\www\project\Application\Runtime\Cache\Admin\b595b808c2ebeeeb0478ffc30bb4e87a.php 第 61 行.
NOTIC: [8] Undefined variable: url H:\www\project\Application\Runtime\Cache\Admin\b595b808c2ebeeeb0478ffc30bb4e87a.php 第 63 行.
NOTIC: [8] Undefined variable: url H:\www\project\Application\Runtime\Cache\Admin\b595b808c2ebeeeb0478ffc30bb4e87a.php 第 66 行.
NOTIC: [8] Use of undefined constant Auth - assumed 'Auth' H:\www\project\Application\Runtime\Cache\Admin\b595b808c2ebeeeb0478ffc30bb4e87a.php 第 72 行.
NOTIC: [8] Use of undefined constant Auth - assumed 'Auth' H:\www\project\Application\Runtime\Cache\Admin\b595b808c2ebeeeb0478ffc30bb4e87a.php 第 77 行.
NOTIC: [8] Undefined variable: url H:\www\project\Application\Runtime\Cache\Admin\b595b808c2ebeeeb0478ffc30bb4e87a.php 第 79 行.
NOTIC: [8] Undefined variable: url H:\www\project\Application\Runtime\Cache\Admin\b595b808c2ebeeeb0478ffc30bb4e87a.php 第 82 行.
NOTIC: [8] Undefined variable: url H:\www\project\Application\Runtime\Cache\Admin\b595b808c2ebeeeb0478ffc30bb4e87a.php 第 85 行.
NOTIC: [8] Undefined variable: url H:\www\project\Application\Runtime\Cache\Admin\b595b808c2ebeeeb0478ffc30bb4e87a.php 第 88 行.
NOTIC: [8] Undefined variable: url H:\www\project\Application\Runtime\Cache\Admin\b595b808c2ebeeeb0478ffc30bb4e87a.php 第 91 行.
NOTIC: [8] Undefined variable: url H:\www\project\Application\Runtime\Cache\Admin\b595b808c2ebeeeb0478ffc30bb4e87a.php 第 94 行.
NOTIC: [8] Use of undefined constant System - assumed 'System' H:\www\project\Application\Runtime\Cache\Admin\b595b808c2ebeeeb0478ffc30bb4e87a.php 第 100 行.
NOTIC: [8] Use of undefined constant System - assumed 'System' H:\www\project\Application\Runtime\Cache\Admin\b595b808c2ebeeeb0478ffc30bb4e87a.php 第 105 行.
NOTIC: [8] Undefined variable: url H:\www\project\Application\Runtime\Cache\Admin\b595b808c2ebeeeb0478ffc30bb4e87a.php 第 107 行.
NOTIC: [8] Undefined variable: url H:\www\project\Application\Runtime\Cache\Admin\b595b808c2ebeeeb0478ffc30bb4e87a.php 第 110 行.
NOTIC: [8] Undefined variable: two H:\www\project\Application\Runtime\Cache\Admin\b595b808c2ebeeeb0478ffc30bb4e87a.php 第 130 行.
NOTIC: [8] Undefined variable: three H:\www\project\Application\Runtime\Cache\Admin\b595b808c2ebeeeb0478ffc30bb4e87a.php 第 133 行.
NOTIC: [8] Undefined variable: four H:\www\project\Application\Runtime\Cache\Admin\b595b808c2ebeeeb0478ffc30bb4e87a.php 第 136 行.
INFO: Run Behavior\ParseTemplateBehavior [ RunTime:0.015757s ]
INFO: [ view_parse ] --END-- [ RunTime:0.015805s ]
INFO: [ view_filter ] --START--
INFO: Run Behavior\WriteHtmlCacheBehavior [ RunTime:0.001661s ]
INFO: [ view_filter ] --END-- [ RunTime:0.001701s ]
INFO: [ app_end ] --START--
INFO: Run Behavior\ShowPageTraceBehavior [ RunTime:0.000764s ]
INFO: [ app_end ] --END-- [ RunTime:0.000802s ]

[ 2019-02-21T15:55:51+08:00 ] 127.0.0.1 /admin.php/Poetry/poem.html
INFO: [ app_init ] --START--
INFO: Run Behavior\BuildLiteBehavior [ RunTime:0.000013s ]
INFO: [ app_init ] --END-- [ RunTime:0.000477s ]
INFO: [ app_begin ] --START--
INFO: Run Behavior\ReadHtmlCacheBehavior [ RunTime:0.000723s ]
INFO: [ app_begin ] --END-- [ RunTime:0.000777s ]
NOTIC: [2048] Declaration of Admin\Model\AdminModel::add() should be compatible with Think\Model::add($data = '', $options = Array, $replace = false) H:\www\project\Application\Admin\Model\AdminModel.class.php 第 6 行.
NOTIC: [2048] Declaration of Admin\Model\AdminModel::delete() should be compatible with Think\Model::delete($options = Array) H:\www\project\Application\Admin\Model\AdminModel.class.php 第 6 行.
SQL: SHOW COLUMNS FROM `admin` [ RunTime:0.0137s ]
SQL: SHOW COLUMNS FROM `admin` [ RunTime:0.0774s ]
SQL: SELECT * FROM `admin` WHERE `id` = 1 LIMIT 1   [ RunTime:0.0004s ]
NOTIC: [2048] Declaration of Admin\Model\ScgfModel::add() should be compatible with Think\Model::add($data = '', $options = Array, $replace = false) H:\www\project\Application\Admin\Model\ScgfModel.class.php 第 43 行.
SQL: SHOW COLUMNS FROM `scgf` [ RunTime:0.0128s ]
SQL: SHOW COLUMNS FROM `scgf` [ RunTime:0.0064s ]
SQL: SELECT COUNT(*) AS tp_count FROM `scgf` WHERE `type` = 1 AND `status` <> -1 LIMIT 1   [ RunTime:0.0024s ]
SQL: SELECT * FROM `scgf` WHERE `type` = 1 AND `status` <> -1 ORDER BY id desc LIMIT 0,1   [ RunTime:0.0004s ]
INFO: [ view_parse ] --START--
INFO: [ template_filter ] --START--
INFO: Run Behavior\ContentReplaceBehavior [ RunTime:0.000148s ]
INFO: [ template_filter ] --END-- [ RunTime:0.000497s ]
NOTIC: [8] Use of undefined constant Poetry - assumed 'Poetry' H:\www\project\Application\Runtime\Cache\Admin\e9ceb4cd81e6707cd7c25ef2270532ae.php 第 53 行.
NOTIC: [8] Use of undefined constant Poetry - assumed 'Poetry' H:\www\project\Application\Runtime\Cache\Admin\e9ceb4cd81e6707cd7c25ef2270532ae.php 第 58 行.
NOTIC: [8] Use of undefined constant Auth - assumed 'Auth' H:\www\project\Application\Runtime\Cache\Admin\e9ceb4cd81e6707cd7c25ef2270532ae.php 第 69 行.
NOTIC: [8] Use of undefined constant Auth - assumed 'Auth' H:\www\project\Application\Runtime\Cache\Admin\e9ceb4cd81e6707cd7c25ef2270532ae.php 第 74 行.
NOTIC: [8] Use of undefined constant System - assumed 'System' H:\www\project\Application\Runtime\Cache\Admin\e9ceb4cd81e6707cd7c25ef2270532ae.php 第 97 行.
NOTIC: [8] Use of undefined constant System - assumed 'System' H:\www\project\Application\Runtime\Cache\Admin\e9ceb4cd81e6707cd7c25ef2270532ae.php 第 102 行.
NOTIC: [8] Undefined variable: three H:\www\project\Application\Runtime\Cache\Admin\e9ceb4cd81e6707cd7c25ef2270532ae.php 第 130 行.
NOTIC: [8] Undefined variable: four H:\www\project\Application\Runtime\Cache\Admin\e9ceb4cd81e6707cd7c25ef2270532ae.php 第 133 行.
INFO: Run Behavior\ParseTemplateBehavior [ RunTime:0.029631s ]
INFO: [ view_parse ] --END-- [ RunTime:0.029686s ]
INFO: [ view_filter ] --START--
INFO: Run Behavior\WriteHtmlCacheBehavior [ RunTime:0.000619s ]
INFO: [ view_filter ] --END-- [ RunTime:0.000659s ]
INFO: [ app_end ] --START--
INFO: Run Behavior\ShowPageTraceBehavior [ RunTime:0.000962s ]
INFO: [ app_end ] --END-- [ RunTime:0.001017s ]

[ 2019-02-21T15:55:56+08:00 ] 127.0.0.1 /admin.php/Poetry/poemAddEdit/type/1.html
INFO: [ app_init ] --START--
INFO: Run Behavior\BuildLiteBehavior [ RunTime:0.000013s ]
INFO: [ app_init ] --END-- [ RunTime:0.000467s ]
INFO: [ app_begin ] --START--
INFO: Run Behavior\ReadHtmlCacheBehavior [ RunTime:0.000630s ]
INFO: [ app_begin ] --END-- [ RunTime:0.000691s ]
NOTIC: [2048] Declaration of Admin\Model\AdminModel::add() should be compatible with Think\Model::add($data = '', $options = Array, $replace = false) H:\www\project\Application\Admin\Model\AdminModel.class.php 第 6 行.
NOTIC: [2048] Declaration of Admin\Model\AdminModel::delete() should be compatible with Think\Model::delete($options = Array) H:\www\project\Application\Admin\Model\AdminModel.class.php 第 6 行.
SQL: SHOW COLUMNS FROM `admin` [ RunTime:0.0361s ]
SQL: SHOW COLUMNS FROM `admin` [ RunTime:0.0661s ]
SQL: SELECT * FROM `admin` WHERE `id` = 1 LIMIT 1   [ RunTime:0.0004s ]
NOTIC: [2048] Declaration of Admin\Model\ScgfModel::add() should be compatible with Think\Model::add($data = '', $options = Array, $replace = false) H:\www\project\Application\Admin\Model\ScgfModel.class.php 第 43 行.
SQL: SHOW COLUMNS FROM `scgf` [ RunTime:0.0398s ]
SQL: SHOW COLUMNS FROM `scgf` [ RunTime:0.0767s ]
SQL: SELECT * FROM `scgf` WHERE `id` = 0 LIMIT 1   [ RunTime:0.0010s ]
INFO: [ view_parse ] --START--
INFO: [ template_filter ] --START--
INFO: Run Behavior\ContentReplaceBehavior [ RunTime:0.000175s ]
INFO: [ template_filter ] --END-- [ RunTime:0.000498s ]
NOTIC: [8] Use of undefined constant Poetry - assumed 'Poetry' H:\www\project\Application\Runtime\Cache\Admin\3fb8715d9e6f9778cec928ad60cb6c06.php 第 56 行.
NOTIC: [8] Use of undefined constant Poetry - assumed 'Poetry' H:\www\project\Application\Runtime\Cache\Admin\3fb8715d9e6f9778cec928ad60cb6c06.php 第 61 行.
NOTIC: [8] Use of undefined constant Auth - assumed 'Auth' H:\www\project\Application\Runtime\Cache\Admin\3fb8715d9e6f9778cec928ad60cb6c06.php 第 72 行.
NOTIC: [8] Use of undefined constant Auth - assumed 'Auth' H:\www\project\Application\Runtime\Cache\Admin\3fb8715d9e6f9778cec928ad60cb6c06.php 第 77 行.
NOTIC: [8] Use of undefined constant System - assumed 'System' H:\www\project\Application\Runtime\Cache\Admin\3fb8715d9e6f9778cec928ad60cb6c06.php 第 100 行.
NOTIC: [8] Use of undefined constant System - assumed 'System' H:\www\project\Application\Runtime\Cache\Admin\3fb8715d9e6f9778cec928ad60cb6c06.php 第 105 行.
NOTIC: [8] Undefined variable: four H:\www\project\Application\Runtime\Cache\Admin\3fb8715d9e6f9778cec928ad60cb6c06.php 第 136 行.
INFO: Run Behavior\ParseTemplateBehavior [ RunTime:0.034505s ]
INFO: [ view_parse ] --END-- [ RunTime:0.034596s ]
INFO: [ view_filter ] --START--
INFO: Run Behavior\WriteHtmlCacheBehavior [ RunTime:0.004055s ]
INFO: [ view_filter ] --END-- [ RunTime:0.004154s ]
INFO: [ app_end ] --START--
INFO: Run Behavior\ShowPageTraceBehavior [ RunTime:0.000749s ]
INFO: [ app_end ] --END-- [ RunTime:0.000793s ]

[ 2019-02-21T15:56:08+08:00 ] 127.0.0.1 /admin.php/Poetry/poem.html
INFO: [ app_init ] --START--
INFO: Run Behavior\BuildLiteBehavior [ RunTime:0.000155s ]
INFO: [ app_init ] --END-- [ RunTime:0.001598s ]
INFO: [ app_begin ] --START--
INFO: Run Behavior\ReadHtmlCacheBehavior [ RunTime:0.000655s ]
INFO: [ app_begin ] --END-- [ RunTime:0.001970s ]
NOTIC: [2048] Declaration of Admin\Model\AdminModel::add() should be compatible with Think\Model::add($data = '', $options = Array, $replace = false) H:\www\project\Application\Admin\Model\AdminModel.class.php 第 6 行.
NOTIC: [2048] Declaration of Admin\Model\AdminModel::delete() should be compatible with Think\Model::delete($options = Array) H:\www\project\Application\Admin\Model\AdminModel.class.php 第 6 行.
SQL: SHOW COLUMNS FROM `admin` [ RunTime:0.0286s ]
SQL: SHOW COLUMNS FROM `admin` [ RunTime:0.0069s ]
SQL: SELECT * FROM `admin` WHERE `id` = 1 LIMIT 1   [ RunTime:0.0005s ]
NOTIC: [2048] Declaration of Admin\Model\ScgfModel::add() should be compatible with Think\Model::add($data = '', $options = Array, $replace = false) H:\www\project\Application\Admin\Model\ScgfModel.class.php 第 43 行.
SQL: SHOW COLUMNS FROM `scgf` [ RunTime:0.0574s ]
SQL: SHOW COLUMNS FROM `scgf` [ RunTime:0.0333s ]
SQL: SELECT COUNT(*) AS tp_count FROM `scgf` WHERE `type` = 1 AND `status` <> -1 LIMIT 1   [ RunTime:0.0018s ]
SQL: SELECT * FROM `scgf` WHERE `type` = 1 AND `status` <> -1 ORDER BY id desc LIMIT 0,1   [ RunTime:0.0004s ]
INFO: [ view_parse ] --START--
INFO: [ template_filter ] --START--
INFO: Run Behavior\ContentReplaceBehavior [ RunTime:0.000053s ]
INFO: [ template_filter ] --END-- [ RunTime:0.000098s ]
NOTIC: [8] Use of undefined constant Poetry - assumed 'Poetry' H:\www\project\Application\Runtime\Cache\Admin\e9ceb4cd81e6707cd7c25ef2270532ae.php 第 53 行.
NOTIC: [8] Use of undefined constant Poetry - assumed 'Poetry' H:\www\project\Application\Runtime\Cache\Admin\e9ceb4cd81e6707cd7c25ef2270532ae.php 第 58 行.
NOTIC: [8] Use of undefined constant Auth - assumed 'Auth' H:\www\project\Application\Runtime\Cache\Admin\e9ceb4cd81e6707cd7c25ef2270532ae.php 第 69 行.
NOTIC: [8] Use of undefined constant Auth - assumed 'Auth' H:\www\project\Application\Runtime\Cache\Admin\e9ceb4cd81e6707cd7c25ef2270532ae.php 第 74 行.
NOTIC: [8] Use of undefined constant System - assumed 'System' H:\www\project\Application\Runtime\Cache\Admin\e9ceb4cd81e6707cd7c25ef2270532ae.php 第 97 行.
NOTIC: [8] Use of undefined constant System - assumed 'System' H:\www\project\Application\Runtime\Cache\Admin\e9ceb4cd81e6707cd7c25ef2270532ae.php 第 102 行.
NOTIC: [8] Undefined variable: three H:\www\project\Application\Runtime\Cache\Admin\e9ceb4cd81e6707cd7c25ef2270532ae.php 第 130 行.
NOTIC: [8] Undefined variable: four H:\www\project\Application\Runtime\Cache\Admin\e9ceb4cd81e6707cd7c25ef2270532ae.php 第 133 行.
INFO: Run Behavior\ParseTemplateBehavior [ RunTime:0.021474s ]
INFO: [ view_parse ] --END-- [ RunTime:0.021551s ]
INFO: [ view_filter ] --START--
INFO: Run Behavior\WriteHtmlCacheBehavior [ RunTime:0.000846s ]
INFO: [ view_filter ] --END-- [ RunTime:0.000891s ]
INFO: [ app_end ] --START--
INFO: Run Behavior\ShowPageTraceBehavior [ RunTime:0.001590s ]
INFO: [ app_end ] --END-- [ RunTime:0.001688s ]

[ 2019-02-21T15:57:16+08:00 ] 127.0.0.1 /admin.php/Auth/admin.html
INFO: [ app_init ] --START--
INFO: Run Behavior\BuildLiteBehavior [ RunTime:0.000015s ]
INFO: [ app_init ] --END-- [ RunTime:0.000564s ]
INFO: [ app_begin ] --START--
INFO: Run Behavior\ReadHtmlCacheBehavior [ RunTime:0.000571s ]
INFO: [ app_begin ] --END-- [ RunTime:0.000625s ]
NOTIC: [2048] Declaration of Admin\Model\AdminModel::add() should be compatible with Think\Model::add($data = '', $options = Array, $replace = false) H:\www\project\Application\Admin\Model\AdminModel.class.php 第 6 行.
NOTIC: [2048] Declaration of Admin\Model\AdminModel::delete() should be compatible with Think\Model::delete($options = Array) H:\www\project\Application\Admin\Model\AdminModel.class.php 第 6 行.
SQL: SHOW COLUMNS FROM `admin` [ RunTime:0.0197s ]
SQL: SHOW COLUMNS FROM `admin` [ RunTime:0.0188s ]
SQL: SELECT * FROM `admin` WHERE `id` = 1 LIMIT 1   [ RunTime:0.0004s ]
NOTIC: [2048] Declaration of Admin\Model\AdminGroupModel::add() should be compatible with Think\Model::add($data = '', $options = Array, $replace = false) H:\www\project\Application\Admin\Model\AdminGroupModel.class.php 第 42 行.
SQL: SHOW COLUMNS FROM `admin_group` [ RunTime:0.0228s ]
SQL: SELECT COUNT(*) AS tp_count FROM `admin` LIMIT 1   [ RunTime:0.0002s ]
SQL: SELECT * FROM `admin` ORDER BY id asc  [ RunTime:0.0003s ]
SQL: SHOW COLUMNS FROM `admin_group` [ RunTime:0.0197s ]
SQL: SELECT * FROM `admin_group` WHERE `id` = 1 LIMIT 1   [ RunTime:0.0003s ]
INFO: [ view_parse ] --START--
INFO: [ template_filter ] --START--
INFO: Run Behavior\ContentReplaceBehavior [ RunTime:0.000061s ]
INFO: [ template_filter ] --END-- [ RunTime:0.000100s ]
NOTIC: [8] Use of undefined constant Poetry - assumed 'Poetry' H:\www\project\Application\Runtime\Cache\Admin\570ae7973d58f77a3f5ecdd9d3c49818.php 第 53 行.
NOTIC: [8] Use of undefined constant Poetry - assumed 'Poetry' H:\www\project\Application\Runtime\Cache\Admin\570ae7973d58f77a3f5ecdd9d3c49818.php 第 58 行.
NOTIC: [8] Use of undefined constant Auth - assumed 'Auth' H:\www\project\Application\Runtime\Cache\Admin\570ae7973d58f77a3f5ecdd9d3c49818.php 第 69 行.
NOTIC: [8] Use of undefined constant Auth - assumed 'Auth' H:\www\project\Application\Runtime\Cache\Admin\570ae7973d58f77a3f5ecdd9d3c49818.php 第 74 行.
NOTIC: [8] Use of undefined constant System - assumed 'System' H:\www\project\Application\Runtime\Cache\Admin\570ae7973d58f77a3f5ecdd9d3c49818.php 第 97 行.
NOTIC: [8] Use of undefined constant System - assumed 'System' H:\www\project\Application\Runtime\Cache\Admin\570ae7973d58f77a3f5ecdd9d3c49818.php 第 102 行.
NOTIC: [8] Undefined variable: three H:\www\project\Application\Runtime\Cache\Admin\570ae7973d58f77a3f5ecdd9d3c49818.php 第 130 行.
NOTIC: [8] Undefined variable: four H:\www\project\Application\Runtime\Cache\Admin\570ae7973d58f77a3f5ecdd9d3c49818.php 第 133 行.
INFO: Run Behavior\ParseTemplateBehavior [ RunTime:0.014450s ]
INFO: [ view_parse ] --END-- [ RunTime:0.014528s ]
INFO: [ view_filter ] --START--
INFO: Run Behavior\WriteHtmlCacheBehavior [ RunTime:0.000670s ]
INFO: [ view_filter ] --END-- [ RunTime:0.000710s ]
INFO: [ app_end ] --START--
INFO: Run Behavior\ShowPageTraceBehavior [ RunTime:0.000603s ]
INFO: [ app_end ] --END-- [ RunTime:0.000642s ]

[ 2019-02-21T15:57:18+08:00 ] 127.0.0.1 /admin.php/Auth/adminAddEdit.html
INFO: [ app_init ] --START--
INFO: Run Behavior\BuildLiteBehavior [ RunTime:0.000014s ]
INFO: [ app_init ] --END-- [ RunTime:0.000469s ]
INFO: [ app_begin ] --START--
INFO: Run Behavior\ReadHtmlCacheBehavior [ RunTime:0.000610s ]
INFO: [ app_begin ] --END-- [ RunTime:0.000670s ]
NOTIC: [2048] Declaration of Admin\Model\AdminModel::add() should be compatible with Think\Model::add($data = '', $options = Array, $replace = false) H:\www\project\Application\Admin\Model\AdminModel.class.php 第 6 行.
NOTIC: [2048] Declaration of Admin\Model\AdminModel::delete() should be compatible with Think\Model::delete($options = Array) H:\www\project\Application\Admin\Model\AdminModel.class.php 第 6 行.
SQL: SHOW COLUMNS FROM `admin` [ RunTime:0.0157s ]
SQL: SHOW COLUMNS FROM `admin` [ RunTime:0.0085s ]
SQL: SELECT * FROM `admin` WHERE `id` = 1 LIMIT 1   [ RunTime:0.0010s ]
NOTIC: [2048] Declaration of Admin\Model\AdminGroupModel::add() should be compatible with Think\Model::add($data = '', $options = Array, $replace = false) H:\www\project\Application\Admin\Model\AdminGroupModel.class.php 第 42 行.
SQL: SHOW COLUMNS FROM `admin_group` [ RunTime:0.0054s ]
SQL: SELECT * FROM `admin` WHERE `id` = 0 LIMIT 1   [ RunTime:0.0003s ]
SQL: SHOW COLUMNS FROM `admin_group` [ RunTime:0.0050s ]
SQL: SELECT * FROM `admin_group` WHERE `status` = 1 ORDER BY id asc  [ RunTime:0.0005s ]
INFO: [ view_parse ] --START--
INFO: [ template_filter ] --START--
INFO: Run Behavior\ContentReplaceBehavior [ RunTime:0.000134s ]
INFO: [ template_filter ] --END-- [ RunTime:0.000173s ]
NOTIC: [8] Use of undefined constant Poetry - assumed 'Poetry' H:\www\project\Application\Runtime\Cache\Admin\82234b947eea7b938b645c7e3de30397.php 第 56 行.
NOTIC: [8] Use of undefined constant Poetry - assumed 'Poetry' H:\www\project\Application\Runtime\Cache\Admin\82234b947eea7b938b645c7e3de30397.php 第 61 行.
NOTIC: [8] Use of undefined constant Auth - assumed 'Auth' H:\www\project\Application\Runtime\Cache\Admin\82234b947eea7b938b645c7e3de30397.php 第 72 行.
NOTIC: [8] Use of undefined constant Auth - assumed 'Auth' H:\www\project\Application\Runtime\Cache\Admin\82234b947eea7b938b645c7e3de30397.php 第 77 行.
NOTIC: [8] Use of undefined constant System - assumed 'System' H:\www\project\Application\Runtime\Cache\Admin\82234b947eea7b938b645c7e3de30397.php 第 100 行.
NOTIC: [8] Use of undefined constant System - assumed 'System' H:\www\project\Application\Runtime\Cache\Admin\82234b947eea7b938b645c7e3de30397.php 第 105 行.
NOTIC: [8] Undefined variable: four H:\www\project\Application\Runtime\Cache\Admin\82234b947eea7b938b645c7e3de30397.php 第 136 行.
NOTIC: [8] Undefined variable: store_info H:\www\project\Application\Runtime\Cache\Admin\82234b947eea7b938b645c7e3de30397.php 第 215 行.
NOTIC: [8] Undefined variable: file_info H:\www\project\Application\Runtime\Cache\Admin\82234b947eea7b938b645c7e3de30397.php 第 217 行.
NOTIC: [8] Undefined variable: store_info H:\www\project\Application\Runtime\Cache\Admin\82234b947eea7b938b645c7e3de30397.php 第 221 行.
INFO: Run Behavior\ParseTemplateBehavior [ RunTime:0.020318s ]
INFO: [ view_parse ] --END-- [ RunTime:0.020368s ]
INFO: [ view_filter ] --START--
INFO: Run Behavior\WriteHtmlCacheBehavior [ RunTime:0.000458s ]
INFO: [ view_filter ] --END-- [ RunTime:0.000493s ]
INFO: [ app_end ] --START--
INFO: Run Behavior\ShowPageTraceBehavior [ RunTime:0.001742s ]
INFO: [ app_end ] --END-- [ RunTime:0.002038s ]

[ 2019-02-21T15:59:35+08:00 ] 127.0.0.1 /admin.php/Auth/adminAddEdit.html
INFO: [ app_init ] --START--
INFO: Run Behavior\BuildLiteBehavior [ RunTime:0.000011s ]
INFO: [ app_init ] --END-- [ RunTime:0.000481s ]
INFO: [ app_begin ] --START--
INFO: Run Behavior\ReadHtmlCacheBehavior [ RunTime:0.000641s ]
INFO: [ app_begin ] --END-- [ RunTime:0.000689s ]
NOTIC: [2048] Declaration of Admin\Model\AdminModel::add() should be compatible with Think\Model::add($data = '', $options = Array, $replace = false) H:\www\project\Application\Admin\Model\AdminModel.class.php 第 6 行.
NOTIC: [2048] Declaration of Admin\Model\AdminModel::delete() should be compatible with Think\Model::delete($options = Array) H:\www\project\Application\Admin\Model\AdminModel.class.php 第 6 行.
SQL: SHOW COLUMNS FROM `admin` [ RunTime:0.0183s ]
SQL: SHOW COLUMNS FROM `admin` [ RunTime:0.0378s ]
SQL: SELECT * FROM `admin` WHERE `id` = 1 LIMIT 1   [ RunTime:0.0005s ]
NOTIC: [2048] Declaration of Admin\Model\AdminGroupModel::add() should be compatible with Think\Model::add($data = '', $options = Array, $replace = false) H:\www\project\Application\Admin\Model\AdminGroupModel.class.php 第 42 行.
SQL: SHOW COLUMNS FROM `admin_group` [ RunTime:0.0152s ]
SQL: SELECT * FROM `admin` WHERE `id` = 0 LIMIT 1   [ RunTime:0.0005s ]
SQL: SHOW COLUMNS FROM `admin_group` [ RunTime:0.0264s ]
SQL: SELECT * FROM `admin_group` WHERE `status` = 1 ORDER BY id asc  [ RunTime:0.0004s ]
INFO: [ view_parse ] --START--
INFO: [ template_filter ] --START--
INFO: Run Behavior\ContentReplaceBehavior [ RunTime:0.000140s ]
INFO: [ template_filter ] --END-- [ RunTime:0.000258s ]
NOTIC: [8] Use of undefined constant Poetry - assumed 'Poetry' H:\www\project\Application\Runtime\Cache\Admin\82234b947eea7b938b645c7e3de30397.php 第 56 行.
NOTIC: [8] Use of undefined constant Poetry - assumed 'Poetry' H:\www\project\Application\Runtime\Cache\Admin\82234b947eea7b938b645c7e3de30397.php 第 61 行.
NOTIC: [8] Use of undefined constant Auth - assumed 'Auth' H:\www\project\Application\Runtime\Cache\Admin\82234b947eea7b938b645c7e3de30397.php 第 72 行.
NOTIC: [8] Use of undefined constant Auth - assumed 'Auth' H:\www\project\Application\Runtime\Cache\Admin\82234b947eea7b938b645c7e3de30397.php 第 77 行.
NOTIC: [8] Use of undefined constant System - assumed 'System' H:\www\project\Application\Runtime\Cache\Admin\82234b947eea7b938b645c7e3de30397.php 第 100 行.
NOTIC: [8] Use of undefined constant System - assumed 'System' H:\www\project\Application\Runtime\Cache\Admin\82234b947eea7b938b645c7e3de30397.php 第 105 行.
NOTIC: [8] Undefined variable: four H:\www\project\Application\Runtime\Cache\Admin\82234b947eea7b938b645c7e3de30397.php 第 136 行.
NOTIC: [8] Undefined variable: store_info H:\www\project\Application\Runtime\Cache\Admin\82234b947eea7b938b645c7e3de30397.php 第 215 行.
NOTIC: [8] Undefined variable: file_info H:\www\project\Application\Runtime\Cache\Admin\82234b947eea7b938b645c7e3de30397.php 第 217 行.
NOTIC: [8] Undefined variable: store_info H:\www\project\Application\Runtime\Cache\Admin\82234b947eea7b938b645c7e3de30397.php 第 221 行.
INFO: Run Behavior\ParseTemplateBehavior [ RunTime:0.019286s ]
INFO: [ view_parse ] --END-- [ RunTime:0.019337s ]
INFO: [ view_filter ] --START--
INFO: Run Behavior\WriteHtmlCacheBehavior [ RunTime:0.000695s ]
INFO: [ view_filter ] --END-- [ RunTime:0.000759s ]
INFO: [ app_end ] --START--
INFO: Run Behavior\ShowPageTraceBehavior [ RunTime:0.000857s ]
INFO: [ app_end ] --END-- [ RunTime:0.000920s ]

[ 2019-02-21T15:59:48+08:00 ] 127.0.0.1 /admin.php/Auth/adminAddEdit.html
INFO: [ app_init ] --START--
INFO: Run Behavior\BuildLiteBehavior [ RunTime:0.000011s ]
INFO: [ app_init ] --END-- [ RunTime:0.000401s ]
INFO: [ app_begin ] --START--
INFO: Run Behavior\ReadHtmlCacheBehavior [ RunTime:0.000597s ]
INFO: [ app_begin ] --END-- [ RunTime:0.000648s ]
NOTIC: [2048] Declaration of Admin\Model\AdminModel::add() should be compatible with Think\Model::add($data = '', $options = Array, $replace = false) H:\www\project\Application\Admin\Model\AdminModel.class.php 第 6 行.
NOTIC: [2048] Declaration of Admin\Model\AdminModel::delete() should be compatible with Think\Model::delete($options = Array) H:\www\project\Application\Admin\Model\AdminModel.class.php 第 6 行.
SQL: SHOW COLUMNS FROM `admin` [ RunTime:0.0103s ]
SQL: SHOW COLUMNS FROM `admin` [ RunTime:0.0096s ]
SQL: SELECT * FROM `admin` WHERE `id` = 1 LIMIT 1   [ RunTime:0.0005s ]
NOTIC: [2048] Declaration of Admin\Model\AdminGroupModel::add() should be compatible with Think\Model::add($data = '', $options = Array, $replace = false) H:\www\project\Application\Admin\Model\AdminGroupModel.class.php 第 42 行.
SQL: SHOW COLUMNS FROM `admin_group` [ RunTime:0.0088s ]
SQL: SELECT * FROM `admin` WHERE `id` = 0 LIMIT 1   [ RunTime:0.0004s ]
SQL: SHOW COLUMNS FROM `admin_group` [ RunTime:0.0080s ]
SQL: SELECT * FROM `admin_group` WHERE `status` = 1 ORDER BY id asc  [ RunTime:0.0003s ]
INFO: [ view_parse ] --START--
INFO: [ template_filter ] --START--
INFO: Run Behavior\ContentReplaceBehavior [ RunTime:0.000205s ]
INFO: [ template_filter ] --END-- [ RunTime:0.000319s ]
NOTIC: [8] Use of undefined constant Poetry - assumed 'Poetry' H:\www\project\Application\Runtime\Cache\Admin\82234b947eea7b938b645c7e3de30397.php 第 56 行.
NOTIC: [8] Use of undefined constant Poetry - assumed 'Poetry' H:\www\project\Application\Runtime\Cache\Admin\82234b947eea7b938b645c7e3de30397.php 第 61 行.
NOTIC: [8] Use of undefined constant Auth - assumed 'Auth' H:\www\project\Application\Runtime\Cache\Admin\82234b947eea7b938b645c7e3de30397.php 第 72 行.
NOTIC: [8] Use of undefined constant Auth - assumed 'Auth' H:\www\project\Application\Runtime\Cache\Admin\82234b947eea7b938b645c7e3de30397.php 第 77 行.
NOTIC: [8] Use of undefined constant System - assumed 'System' H:\www\project\Application\Runtime\Cache\Admin\82234b947eea7b938b645c7e3de30397.php 第 100 行.
NOTIC: [8] Use of undefined constant System - assumed 'System' H:\www\project\Application\Runtime\Cache\Admin\82234b947eea7b938b645c7e3de30397.php 第 105 行.
NOTIC: [8] Undefined variable: four H:\www\project\Application\Runtime\Cache\Admin\82234b947eea7b938b645c7e3de30397.php 第 136 行.
NOTIC: [8] Undefined variable: store_info H:\www\project\Application\Runtime\Cache\Admin\82234b947eea7b938b645c7e3de30397.php 第 215 行.
NOTIC: [8] Undefined variable: file_info H:\www\project\Application\Runtime\Cache\Admin\82234b947eea7b938b645c7e3de30397.php 第 217 行.
NOTIC: [8] Undefined variable: store_info H:\www\project\Application\Runtime\Cache\Admin\82234b947eea7b938b645c7e3de30397.php 第 221 行.
INFO: Run Behavior\ParseTemplateBehavior [ RunTime:0.018074s ]
INFO: [ view_parse ] --END-- [ RunTime:0.018121s ]
INFO: [ view_filter ] --START--
INFO: Run Behavior\WriteHtmlCacheBehavior [ RunTime:0.000621s ]
INFO: [ view_filter ] --END-- [ RunTime:0.000659s ]
INFO: [ app_end ] --START--
INFO: Run Behavior\ShowPageTraceBehavior [ RunTime:0.000655s ]
INFO: [ app_end ] --END-- [ RunTime:0.000712s ]

[ 2019-02-21T16:00:00+08:00 ] 127.0.0.1 /admin.php/Auth/adminAddEdit.html
INFO: [ app_init ] --START--
INFO: Run Behavior\BuildLiteBehavior [ RunTime:0.000011s ]
INFO: [ app_init ] --END-- [ RunTime:0.000391s ]
INFO: [ app_begin ] --START--
INFO: Run Behavior\ReadHtmlCacheBehavior [ RunTime:0.000653s ]
INFO: [ app_begin ] --END-- [ RunTime:0.000706s ]
NOTIC: [2048] Declaration of Admin\Model\AdminModel::add() should be compatible with Think\Model::add($data = '', $options = Array, $replace = false) H:\www\project\Application\Admin\Model\AdminModel.class.php 第 6 行.
NOTIC: [2048] Declaration of Admin\Model\AdminModel::delete() should be compatible with Think\Model::delete($options = Array) H:\www\project\Application\Admin\Model\AdminModel.class.php 第 6 行.
SQL: SHOW COLUMNS FROM `admin` [ RunTime:0.0066s ]
SQL: SHOW COLUMNS FROM `admin` [ RunTime:0.0063s ]
SQL: SELECT * FROM `admin` WHERE `id` = 1 LIMIT 1   [ RunTime:0.0004s ]
NOTIC: [2048] Declaration of Admin\Model\AdminGroupModel::add() should be compatible with Think\Model::add($data = '', $options = Array, $replace = false) H:\www\project\Application\Admin\Model\AdminGroupModel.class.php 第 42 行.
SQL: SHOW COLUMNS FROM `admin_group` [ RunTime:0.0063s ]
SQL: SELECT * FROM `admin` WHERE `id` = 0 LIMIT 1   [ RunTime:0.0003s ]
SQL: SHOW COLUMNS FROM `admin_group` [ RunTime:0.0065s ]
SQL: SELECT * FROM `admin_group` WHERE `status` = 1 ORDER BY id asc  [ RunTime:0.0003s ]
INFO: [ view_parse ] --START--
INFO: [ template_filter ] --START--
INFO: Run Behavior\ContentReplaceBehavior [ RunTime:0.000194s ]
INFO: [ template_filter ] --END-- [ RunTime:0.000238s ]
NOTIC: [8] Use of undefined constant Poetry - assumed 'Poetry' H:\www\project\Application\Runtime\Cache\Admin\82234b947eea7b938b645c7e3de30397.php 第 56 行.
NOTIC: [8] Use of undefined constant Poetry - assumed 'Poetry' H:\www\project\Application\Runtime\Cache\Admin\82234b947eea7b938b645c7e3de30397.php 第 61 行.
NOTIC: [8] Use of undefined constant Auth - assumed 'Auth' H:\www\project\Application\Runtime\Cache\Admin\82234b947eea7b938b645c7e3de30397.php 第 72 行.
NOTIC: [8] Use of undefined constant Auth - assumed 'Auth' H:\www\project\Application\Runtime\Cache\Admin\82234b947eea7b938b645c7e3de30397.php 第 77 行.
NOTIC: [8] Use of undefined constant System - assumed 'System' H:\www\project\Application\Runtime\Cache\Admin\82234b947eea7b938b645c7e3de30397.php 第 100 行.
NOTIC: [8] Use of undefined constant System - assumed 'System' H:\www\project\Application\Runtime\Cache\Admin\82234b947eea7b938b645c7e3de30397.php 第 105 行.
NOTIC: [8] Undefined variable: four H:\www\project\Application\Runtime\Cache\Admin\82234b947eea7b938b645c7e3de30397.php 第 136 行.
NOTIC: [8] Undefined variable: store_info H:\www\project\Application\Runtime\Cache\Admin\82234b947eea7b938b645c7e3de30397.php 第 215 行.
NOTIC: [8] Undefined variable: file_info H:\www\project\Application\Runtime\Cache\Admin\82234b947eea7b938b645c7e3de30397.php 第 217 行.
NOTIC: [8] Undefined variable: store_info H:\www\project\Application\Runtime\Cache\Admin\82234b947eea7b938b645c7e3de30397.php 第 221 行.
INFO: Run Behavior\ParseTemplateBehavior [ RunTime:0.049425s ]
INFO: [ view_parse ] --END-- [ RunTime:0.049466s ]
INFO: [ view_filter ] --START--
INFO: Run Behavior\WriteHtmlCacheBehavior [ RunTime:0.000442s ]
INFO: [ view_filter ] --END-- [ RunTime:0.000472s ]
INFO: [ app_end ] --START--
INFO: Run Behavior\ShowPageTraceBehavior [ RunTime:0.003998s ]
INFO: [ app_end ] --END-- [ RunTime:0.004058s ]

[ 2019-02-21T16:00:34+08:00 ] 127.0.0.1 /admin.php/Auth/adminAddEdit.html
INFO: [ app_init ] --START--
INFO: Run Behavior\BuildLiteBehavior [ RunTime:0.000013s ]
INFO: [ app_init ] --END-- [ RunTime:0.000508s ]
INFO: [ app_begin ] --START--
INFO: Run Behavior\ReadHtmlCacheBehavior [ RunTime:0.003537s ]
INFO: [ app_begin ] --END-- [ RunTime:0.003597s ]
NOTIC: [2048] Declaration of Admin\Model\AdminModel::add() should be compatible with Think\Model::add($data = '', $options = Array, $replace = false) H:\www\project\Application\Admin\Model\AdminModel.class.php 第 6 行.
NOTIC: [2048] Declaration of Admin\Model\AdminModel::delete() should be compatible with Think\Model::delete($options = Array) H:\www\project\Application\Admin\Model\AdminModel.class.php 第 6 行.
SQL: SHOW COLUMNS FROM `admin` [ RunTime:0.0140s ]
SQL: SHOW COLUMNS FROM `admin` [ RunTime:0.0853s ]
SQL: SELECT * FROM `admin` WHERE `id` = 1 LIMIT 1   [ RunTime:0.0013s ]
NOTIC: [2048] Declaration of Admin\Model\AdminGroupModel::add() should be compatible with Think\Model::add($data = '', $options = Array, $replace = false) H:\www\project\Application\Admin\Model\AdminGroupModel.class.php 第 42 行.
SQL: SHOW COLUMNS FROM `admin_group` [ RunTime:0.0620s ]
SQL: SELECT * FROM `admin` WHERE `id` = 0 LIMIT 1   [ RunTime:0.0068s ]
SQL: SHOW COLUMNS FROM `admin_group` [ RunTime:0.0230s ]
SQL: SELECT * FROM `admin_group` WHERE `status` = 1 ORDER BY id asc  [ RunTime:0.0013s ]
INFO: [ view_parse ] --START--
INFO: [ template_filter ] --START--
INFO: Run Behavior\ContentReplaceBehavior [ RunTime:0.000197s ]
INFO: [ template_filter ] --END-- [ RunTime:0.000242s ]
NOTIC: [8] Use of undefined constant Poetry - assumed 'Poetry' H:\www\project\Application\Runtime\Cache\Admin\82234b947eea7b938b645c7e3de30397.php 第 56 行.
NOTIC: [8] Use of undefined constant Poetry - assumed 'Poetry' H:\www\project\Application\Runtime\Cache\Admin\82234b947eea7b938b645c7e3de30397.php 第 61 行.
NOTIC: [8] Use of undefined constant Auth - assumed 'Auth' H:\www\project\Application\Runtime\Cache\Admin\82234b947eea7b938b645c7e3de30397.php 第 72 行.
NOTIC: [8] Use of undefined constant Auth - assumed 'Auth' H:\www\project\Application\Runtime\Cache\Admin\82234b947eea7b938b645c7e3de30397.php 第 77 行.
NOTIC: [8] Use of undefined constant System - assumed 'System' H:\www\project\Application\Runtime\Cache\Admin\82234b947eea7b938b645c7e3de30397.php 第 100 行.
NOTIC: [8] Use of undefined constant System - assumed 'System' H:\www\project\Application\Runtime\Cache\Admin\82234b947eea7b938b645c7e3de30397.php 第 105 行.
NOTIC: [8] Undefined variable: four H:\www\project\Application\Runtime\Cache\Admin\82234b947eea7b938b645c7e3de30397.php 第 136 行.
NOTIC: [8] Undefined variable: store_info H:\www\project\Application\Runtime\Cache\Admin\82234b947eea7b938b645c7e3de30397.php 第 215 行.
NOTIC: [8] Undefined variable: file_info H:\www\project\Application\Runtime\Cache\Admin\82234b947eea7b938b645c7e3de30397.php 第 217 行.
NOTIC: [8] Undefined variable: store_info H:\www\project\Application\Runtime\Cache\Admin\82234b947eea7b938b645c7e3de30397.php 第 221 行.
INFO: Run Behavior\ParseTemplateBehavior [ RunTime:0.038448s ]
INFO: [ view_parse ] --END-- [ RunTime:0.038501s ]
INFO: [ view_filter ] --START--
INFO: Run Behavior\WriteHtmlCacheBehavior [ RunTime:0.000605s ]
INFO: [ view_filter ] --END-- [ RunTime:0.000642s ]
INFO: [ app_end ] --START--
INFO: Run Behavior\ShowPageTraceBehavior [ RunTime:0.000750s ]
INFO: [ app_end ] --END-- [ RunTime:0.000800s ]

[ 2019-02-21T16:00:45+08:00 ] 127.0.0.1 /admin.php/Auth/adminAddEdit.html
INFO: [ app_init ] --START--
INFO: Run Behavior\BuildLiteBehavior [ RunTime:0.000033s ]
INFO: [ app_init ] --END-- [ RunTime:0.000524s ]
INFO: [ app_begin ] --START--
INFO: Run Behavior\ReadHtmlCacheBehavior [ RunTime:0.000696s ]
INFO: [ app_begin ] --END-- [ RunTime:0.000750s ]
NOTIC: [2048] Declaration of Admin\Model\AdminModel::add() should be compatible with Think\Model::add($data = '', $options = Array, $replace = false) H:\www\project\Application\Admin\Model\AdminModel.class.php 第 6 行.
NOTIC: [2048] Declaration of Admin\Model\AdminModel::delete() should be compatible with Think\Model::delete($options = Array) H:\www\project\Application\Admin\Model\AdminModel.class.php 第 6 行.
SQL: SHOW COLUMNS FROM `admin` [ RunTime:0.0112s ]
SQL: SHOW COLUMNS FROM `admin` [ RunTime:0.0199s ]
SQL: SELECT * FROM `admin` WHERE `id` = 1 LIMIT 1   [ RunTime:0.0005s ]
NOTIC: [2048] Declaration of Admin\Model\AdminGroupModel::add() should be compatible with Think\Model::add($data = '', $options = Array, $replace = false) H:\www\project\Application\Admin\Model\AdminGroupModel.class.php 第 42 行.
SQL: SHOW COLUMNS FROM `admin_group` [ RunTime:0.0483s ]
SQL: SELECT * FROM `admin` WHERE `id` = 0 LIMIT 1   [ RunTime:0.0011s ]
SQL: SHOW COLUMNS FROM `admin_group` [ RunTime:0.0356s ]
SQL: SELECT * FROM `admin_group` WHERE `status` = 1 ORDER BY id asc  [ RunTime:0.0032s ]
INFO: [ view_parse ] --START--
INFO: [ template_filter ] --START--
INFO: Run Behavior\ContentReplaceBehavior [ RunTime:0.000176s ]
INFO: [ template_filter ] --END-- [ RunTime:0.000220s ]
NOTIC: [8] Use of undefined constant Poetry - assumed 'Poetry' H:\www\project\Application\Runtime\Cache\Admin\82234b947eea7b938b645c7e3de30397.php 第 56 行.
NOTIC: [8] Use of undefined constant Poetry - assumed 'Poetry' H:\www\project\Application\Runtime\Cache\Admin\82234b947eea7b938b645c7e3de30397.php 第 61 行.
NOTIC: [8] Use of undefined constant Auth - assumed 'Auth' H:\www\project\Application\Runtime\Cache\Admin\82234b947eea7b938b645c7e3de30397.php 第 72 行.
NOTIC: [8] Use of undefined constant Auth - assumed 'Auth' H:\www\project\Application\Runtime\Cache\Admin\82234b947eea7b938b645c7e3de30397.php 第 77 行.
NOTIC: [8] Use of undefined constant System - assumed 'System' H:\www\project\Application\Runtime\Cache\Admin\82234b947eea7b938b645c7e3de30397.php 第 100 行.
NOTIC: [8] Use of undefined constant System - assumed 'System' H:\www\project\Application\Runtime\Cache\Admin\82234b947eea7b938b645c7e3de30397.php 第 105 行.
NOTIC: [8] Undefined variable: four H:\www\project\Application\Runtime\Cache\Admin\82234b947eea7b938b645c7e3de30397.php 第 136 行.
NOTIC: [8] Undefined variable: store_info H:\www\project\Application\Runtime\Cache\Admin\82234b947eea7b938b645c7e3de30397.php 第 215 行.
NOTIC: [8] Undefined variable: file_info H:\www\project\Application\Runtime\Cache\Admin\82234b947eea7b938b645c7e3de30397.php 第 217 行.
NOTIC: [8] Undefined variable: store_info H:\www\project\Application\Runtime\Cache\Admin\82234b947eea7b938b645c7e3de30397.php 第 221 行.
INFO: Run Behavior\ParseTemplateBehavior [ RunTime:0.016558s ]
INFO: [ view_parse ] --END-- [ RunTime:0.016607s ]
INFO: [ view_filter ] --START--
INFO: Run Behavior\WriteHtmlCacheBehavior [ RunTime:0.000447s ]
INFO: [ view_filter ] --END-- [ RunTime:0.000481s ]
INFO: [ app_end ] --START--
INFO: Run Behavior\ShowPageTraceBehavior [ RunTime:0.000658s ]
INFO: [ app_end ] --END-- [ RunTime:0.000726s ]

[ 2019-02-21T16:01:31+08:00 ] 127.0.0.1 /admin.php/Auth/adminAddEdit.html
INFO: [ app_init ] --START--
INFO: Run Behavior\BuildLiteBehavior [ RunTime:0.000014s ]
INFO: [ app_init ] --END-- [ RunTime:0.000517s ]
INFO: [ app_begin ] --START--
INFO: Run Behavior\ReadHtmlCacheBehavior [ RunTime:0.005086s ]
INFO: [ app_begin ] --END-- [ RunTime:0.005157s ]
NOTIC: [2048] Declaration of Admin\Model\AdminModel::add() should be compatible with Think\Model::add($data = '', $options = Array, $replace = false) H:\www\project\Application\Admin\Model\AdminModel.class.php 第 6 行.
NOTIC: [2048] Declaration of Admin\Model\AdminModel::delete() should be compatible with Think\Model::delete($options = Array) H:\www\project\Application\Admin\Model\AdminModel.class.php 第 6 行.
SQL: SHOW COLUMNS FROM `admin` [ RunTime:0.0168s ]
SQL: SHOW COLUMNS FROM `admin` [ RunTime:0.0230s ]
SQL: SELECT * FROM `admin` WHERE `id` = 1 LIMIT 1   [ RunTime:0.0005s ]
NOTIC: [2048] Declaration of Admin\Model\AdminGroupModel::add() should be compatible with Think\Model::add($data = '', $options = Array, $replace = false) H:\www\project\Application\Admin\Model\AdminGroupModel.class.php 第 42 行.
SQL: SHOW COLUMNS FROM `admin_group` [ RunTime:0.0189s ]
SQL: SELECT * FROM `admin` WHERE `id` = 0 LIMIT 1   [ RunTime:0.0011s ]
SQL: SHOW COLUMNS FROM `admin_group` [ RunTime:0.0310s ]
SQL: SELECT * FROM `admin_group` WHERE `status` = 1 ORDER BY id asc  [ RunTime:0.0011s ]
INFO: [ view_parse ] --START--
INFO: [ template_filter ] --START--
INFO: Run Behavior\ContentReplaceBehavior [ RunTime:0.000162s ]
INFO: [ template_filter ] --END-- [ RunTime:0.000206s ]
NOTIC: [8] Use of undefined constant Poetry - assumed 'Poetry' H:\www\project\Application\Runtime\Cache\Admin\82234b947eea7b938b645c7e3de30397.php 第 56 行.
NOTIC: [8] Use of undefined constant Poetry - assumed 'Poetry' H:\www\project\Application\Runtime\Cache\Admin\82234b947eea7b938b645c7e3de30397.php 第 61 行.
NOTIC: [8] Use of undefined constant Auth - assumed 'Auth' H:\www\project\Application\Runtime\Cache\Admin\82234b947eea7b938b645c7e3de30397.php 第 72 行.
NOTIC: [8] Use of undefined constant Auth - assumed 'Auth' H:\www\project\Application\Runtime\Cache\Admin\82234b947eea7b938b645c7e3de30397.php 第 77 行.
NOTIC: [8] Use of undefined constant System - assumed 'System' H:\www\project\Application\Runtime\Cache\Admin\82234b947eea7b938b645c7e3de30397.php 第 100 行.
NOTIC: [8] Use of undefined constant System - assumed 'System' H:\www\project\Application\Runtime\Cache\Admin\82234b947eea7b938b645c7e3de30397.php 第 105 行.
NOTIC: [8] Undefined variable: four H:\www\project\Application\Runtime\Cache\Admin\82234b947eea7b938b645c7e3de30397.php 第 136 行.
NOTIC: [8] Undefined variable: store_info H:\www\project\Application\Runtime\Cache\Admin\82234b947eea7b938b645c7e3de30397.php 第 215 行.
NOTIC: [8] Undefined variable: file_info H:\www\project\Application\Runtime\Cache\Admin\82234b947eea7b938b645c7e3de30397.php 第 217 行.
NOTIC: [8] Undefined variable: store_info H:\www\project\Application\Runtime\Cache\Admin\82234b947eea7b938b645c7e3de30397.php 第 221 行.
INFO: Run Behavior\ParseTemplateBehavior [ RunTime:0.030790s ]
INFO: [ view_parse ] --END-- [ RunTime:0.030878s ]
INFO: [ view_filter ] --START--
INFO: Run Behavior\WriteHtmlCacheBehavior [ RunTime:0.000728s ]
INFO: [ view_filter ] --END-- [ RunTime:0.000769s ]
INFO: [ app_end ] --START--
INFO: Run Behavior\ShowPageTraceBehavior [ RunTime:0.000663s ]
INFO: [ app_end ] --END-- [ RunTime:0.000716s ]

[ 2019-02-21T16:01:38+08:00 ] 127.0.0.1 /admin.php/Auth/adminAddEdit.html
INFO: [ app_init ] --START--
INFO: Run Behavior\BuildLiteBehavior [ RunTime:0.000015s ]
INFO: [ app_init ] --END-- [ RunTime:0.000514s ]
INFO: [ app_begin ] --START--
INFO: Run Behavior\ReadHtmlCacheBehavior [ RunTime:0.000695s ]
INFO: [ app_begin ] --END-- [ RunTime:0.000756s ]
NOTIC: [2048] Declaration of Admin\Model\AdminModel::add() should be compatible with Think\Model::add($data = '', $options = Array, $replace = false) H:\www\project\Application\Admin\Model\AdminModel.class.php 第 6 行.
NOTIC: [2048] Declaration of Admin\Model\AdminModel::delete() should be compatible with Think\Model::delete($options = Array) H:\www\project\Application\Admin\Model\AdminModel.class.php 第 6 行.
SQL: SHOW COLUMNS FROM `admin` [ RunTime:0.0335s ]
SQL: SHOW COLUMNS FROM `admin` [ RunTime:0.0166s ]
SQL: SELECT * FROM `admin` WHERE `id` = 1 LIMIT 1   [ RunTime:0.0005s ]
NOTIC: [2048] Declaration of Admin\Model\AdminGroupModel::add() should be compatible with Think\Model::add($data = '', $options = Array, $replace = false) H:\www\project\Application\Admin\Model\AdminGroupModel.class.php 第 42 行.
SQL: SHOW COLUMNS FROM `admin_group` [ RunTime:0.0350s ]
SQL: SELECT * FROM `admin` WHERE `id` = 0 LIMIT 1   [ RunTime:0.0011s ]
SQL: SHOW COLUMNS FROM `admin_group` [ RunTime:0.0167s ]
SQL: SELECT * FROM `admin_group` WHERE `status` = 1 ORDER BY id asc  [ RunTime:0.0003s ]
INFO: [ view_parse ] --START--
INFO: [ template_filter ] --START--
INFO: Run Behavior\ContentReplaceBehavior [ RunTime:0.000172s ]
INFO: [ template_filter ] --END-- [ RunTime:0.000216s ]
NOTIC: [8] Use of undefined constant Poetry - assumed 'Poetry' H:\www\project\Application\Runtime\Cache\Admin\82234b947eea7b938b645c7e3de30397.php 第 56 行.
NOTIC: [8] Use of undefined constant Poetry - assumed 'Poetry' H:\www\project\Application\Runtime\Cache\Admin\82234b947eea7b938b645c7e3de30397.php 第 61 行.
NOTIC: [8] Use of undefined constant Auth - assumed 'Auth' H:\www\project\Application\Runtime\Cache\Admin\82234b947eea7b938b645c7e3de30397.php 第 72 行.
NOTIC: [8] Use of undefined constant Auth - assumed 'Auth' H:\www\project\Application\Runtime\Cache\Admin\82234b947eea7b938b645c7e3de30397.php 第 77 行.
NOTIC: [8] Use of undefined constant System - assumed 'System' H:\www\project\Application\Runtime\Cache\Admin\82234b947eea7b938b645c7e3de30397.php 第 100 行.
NOTIC: [8] Use of undefined constant System - assumed 'System' H:\www\project\Application\Runtime\Cache\Admin\82234b947eea7b938b645c7e3de30397.php 第 105 行.
NOTIC: [8] Undefined variable: four H:\www\project\Application\Runtime\Cache\Admin\82234b947eea7b938b645c7e3de30397.php 第 136 行.
NOTIC: [8] Undefined variable: store_info H:\www\project\Application\Runtime\Cache\Admin\82234b947eea7b938b645c7e3de30397.php 第 215 行.
NOTIC: [8] Undefined variable: file_info H:\www\project\Application\Runtime\Cache\Admin\82234b947eea7b938b645c7e3de30397.php 第 217 行.
NOTIC: [8] Undefined variable: store_info H:\www\project\Application\Runtime\Cache\Admin\82234b947eea7b938b645c7e3de30397.php 第 221 行.
INFO: Run Behavior\ParseTemplateBehavior [ RunTime:0.018102s ]
INFO: [ view_parse ] --END-- [ RunTime:0.018150s ]
INFO: [ view_filter ] --START--
INFO: Run Behavior\WriteHtmlCacheBehavior [ RunTime:0.000613s ]
INFO: [ view_filter ] --END-- [ RunTime:0.000657s ]
INFO: [ app_end ] --START--
INFO: Run Behavior\ShowPageTraceBehavior [ RunTime:0.000804s ]
INFO: [ app_end ] --END-- [ RunTime:0.001000s ]

[ 2019-02-21T16:03:32+08:00 ] 127.0.0.1 /admin.php/Auth/adminAddEdit.html
INFO: [ app_init ] --START--
INFO: Run Behavior\BuildLiteBehavior [ RunTime:0.000013s ]
INFO: [ app_init ] --END-- [ RunTime:0.000495s ]
INFO: [ app_begin ] --START--
INFO: Run Behavior\ReadHtmlCacheBehavior [ RunTime:0.001671s ]
INFO: [ app_begin ] --END-- [ RunTime:0.001761s ]
NOTIC: [2048] Declaration of Admin\Model\AdminModel::add() should be compatible with Think\Model::add($data = '', $options = Array, $replace = false) H:\www\project\Application\Admin\Model\AdminModel.class.php 第 6 行.
NOTIC: [2048] Declaration of Admin\Model\AdminModel::delete() should be compatible with Think\Model::delete($options = Array) H:\www\project\Application\Admin\Model\AdminModel.class.php 第 6 行.
SQL: SHOW COLUMNS FROM `admin` [ RunTime:0.0926s ]
SQL: SHOW COLUMNS FROM `admin` [ RunTime:0.0405s ]
SQL: SELECT * FROM `admin` WHERE `id` = 1 LIMIT 1   [ RunTime:0.0100s ]
NOTIC: [2048] Declaration of Admin\Model\AdminGroupModel::add() should be compatible with Think\Model::add($data = '', $options = Array, $replace = false) H:\www\project\Application\Admin\Model\AdminGroupModel.class.php 第 42 行.
SQL: SHOW COLUMNS FROM `admin_group` [ RunTime:0.0502s ]
SQL: SELECT * FROM `admin` WHERE `id` = 0 LIMIT 1   [ RunTime:0.0004s ]
SQL: SHOW COLUMNS FROM `admin_group` [ RunTime:0.0163s ]
SQL: SELECT * FROM `admin_group` WHERE `status` = 1 ORDER BY id asc  [ RunTime:0.0005s ]
INFO: [ view_parse ] --START--
INFO: [ template_filter ] --START--
INFO: Run Behavior\ContentReplaceBehavior [ RunTime:0.000390s ]
INFO: [ template_filter ] --END-- [ RunTime:0.000532s ]
NOTIC: [8] Use of undefined constant Poetry - assumed 'Poetry' H:\www\project\Application\Runtime\Cache\Admin\82234b947eea7b938b645c7e3de30397.php 第 56 行.
NOTIC: [8] Use of undefined constant Poetry - assumed 'Poetry' H:\www\project\Application\Runtime\Cache\Admin\82234b947eea7b938b645c7e3de30397.php 第 61 行.
NOTIC: [8] Use of undefined constant Auth - assumed 'Auth' H:\www\project\Application\Runtime\Cache\Admin\82234b947eea7b938b645c7e3de30397.php 第 72 行.
NOTIC: [8] Use of undefined constant Auth - assumed 'Auth' H:\www\project\Application\Runtime\Cache\Admin\82234b947eea7b938b645c7e3de30397.php 第 77 行.
NOTIC: [8] Use of undefined constant System - assumed 'System' H:\www\project\Application\Runtime\Cache\Admin\82234b947eea7b938b645c7e3de30397.php 第 100 行.
NOTIC: [8] Use of undefined constant System - assumed 'System' H:\www\project\Application\Runtime\Cache\Admin\82234b947eea7b938b645c7e3de30397.php 第 105 行.
NOTIC: [8] Undefined variable: four H:\www\project\Application\Runtime\Cache\Admin\82234b947eea7b938b645c7e3de30397.php 第 136 行.
NOTIC: [8] Undefined variable: store_info H:\www\project\Application\Runtime\Cache\Admin\82234b947eea7b938b645c7e3de30397.php 第 215 行.
NOTIC: [8] Undefined variable: file_info H:\www\project\Application\Runtime\Cache\Admin\82234b947eea7b938b645c7e3de30397.php 第 217 行.
NOTIC: [8] Undefined variable: store_info H:\www\project\Application\Runtime\Cache\Admin\82234b947eea7b938b645c7e3de30397.php 第 221 行.
INFO: Run Behavior\ParseTemplateBehavior [ RunTime:0.034615s ]
INFO: [ view_parse ] --END-- [ RunTime:0.034715s ]
INFO: [ view_filter ] --START--
INFO: Run Behavior\WriteHtmlCacheBehavior [ RunTime:0.003327s ]
INFO: [ view_filter ] --END-- [ RunTime:0.003454s ]
INFO: [ app_end ] --START--
INFO: Run Behavior\ShowPageTraceBehavior [ RunTime:0.000871s ]
INFO: [ app_end ] --END-- [ RunTime:0.000930s ]

[ 2019-02-21T16:05:28+08:00 ] 127.0.0.1 /admin.php/Auth/adminAddEdit.html
INFO: [ app_init ] --START--
INFO: Run Behavior\BuildLiteBehavior [ RunTime:0.000027s ]
INFO: [ app_init ] --END-- [ RunTime:0.000490s ]
INFO: [ app_begin ] --START--
INFO: Run Behavior\ReadHtmlCacheBehavior [ RunTime:0.000584s ]
INFO: [ app_begin ] --END-- [ RunTime:0.000642s ]
NOTIC: [2048] Declaration of Admin\Model\AdminModel::add() should be compatible with Think\Model::add($data = '', $options = Array, $replace = false) H:\www\project\Application\Admin\Model\AdminModel.class.php 第 6 行.
NOTIC: [2048] Declaration of Admin\Model\AdminModel::delete() should be compatible with Think\Model::delete($options = Array) H:\www\project\Application\Admin\Model\AdminModel.class.php 第 6 行.
SQL: SHOW COLUMNS FROM `admin` [ RunTime:0.0177s ]
SQL: SHOW COLUMNS FROM `admin` [ RunTime:0.0432s ]
SQL: SELECT * FROM `admin` WHERE `id` = 1 LIMIT 1   [ RunTime:0.0006s ]
NOTIC: [2048] Declaration of Admin\Model\AdminGroupModel::add() should be compatible with Think\Model::add($data = '', $options = Array, $replace = false) H:\www\project\Application\Admin\Model\AdminGroupModel.class.php 第 42 行.
SQL: SHOW COLUMNS FROM `admin_group` [ RunTime:0.0294s ]
SQL: SELECT * FROM `admin` WHERE `id` = 0 LIMIT 1   [ RunTime:0.0010s ]
SQL: SHOW COLUMNS FROM `admin_group` [ RunTime:0.0365s ]
SQL: SELECT * FROM `admin_group` WHERE `status` = 1 ORDER BY id asc  [ RunTime:0.0003s ]
INFO: [ view_parse ] --START--
INFO: [ template_filter ] --START--
INFO: Run Behavior\ContentReplaceBehavior [ RunTime:0.000200s ]
INFO: [ template_filter ] --END-- [ RunTime:0.000303s ]
NOTIC: [8] Use of undefined constant Poetry - assumed 'Poetry' H:\www\project\Application\Runtime\Cache\Admin\82234b947eea7b938b645c7e3de30397.php 第 56 行.
NOTIC: [8] Use of undefined constant Poetry - assumed 'Poetry' H:\www\project\Application\Runtime\Cache\Admin\82234b947eea7b938b645c7e3de30397.php 第 61 行.
NOTIC: [8] Use of undefined constant Auth - assumed 'Auth' H:\www\project\Application\Runtime\Cache\Admin\82234b947eea7b938b645c7e3de30397.php 第 72 行.
NOTIC: [8] Use of undefined constant Auth - assumed 'Auth' H:\www\project\Application\Runtime\Cache\Admin\82234b947eea7b938b645c7e3de30397.php 第 77 行.
NOTIC: [8] Use of undefined constant System - assumed 'System' H:\www\project\Application\Runtime\Cache\Admin\82234b947eea7b938b645c7e3de30397.php 第 100 行.
NOTIC: [8] Use of undefined constant System - assumed 'System' H:\www\project\Application\Runtime\Cache\Admin\82234b947eea7b938b645c7e3de30397.php 第 105 行.
NOTIC: [8] Undefined variable: four H:\www\project\Application\Runtime\Cache\Admin\82234b947eea7b938b645c7e3de30397.php 第 136 行.
NOTIC: [8] Undefined variable: store_info H:\www\project\Application\Runtime\Cache\Admin\82234b947eea7b938b645c7e3de30397.php 第 215 行.
NOTIC: [8] Undefined variable: file_info H:\www\project\Application\Runtime\Cache\Admin\82234b947eea7b938b645c7e3de30397.php 第 217 行.
NOTIC: [8] Undefined variable: store_info H:\www\project\Application\Runtime\Cache\Admin\82234b947eea7b938b645c7e3de30397.php 第 221 行.
INFO: Run Behavior\ParseTemplateBehavior [ RunTime:0.021589s ]
INFO: [ view_parse ] --END-- [ RunTime:0.021648s ]
INFO: [ view_filter ] --START--
INFO: Run Behavior\WriteHtmlCacheBehavior [ RunTime:0.000890s ]
INFO: [ view_filter ] --END-- [ RunTime:0.000947s ]
INFO: [ app_end ] --START--
INFO: Run Behavior\ShowPageTraceBehavior [ RunTime:0.001152s ]
INFO: [ app_end ] --END-- [ RunTime:0.001251s ]

[ 2019-02-21T16:07:50+08:00 ] 127.0.0.1 /admin.php/Auth/adminAddEdit.html
INFO: [ app_init ] --START--
INFO: Run Behavior\BuildLiteBehavior [ RunTime:0.000013s ]
INFO: [ app_init ] --END-- [ RunTime:0.000594s ]
INFO: [ app_begin ] --START--
INFO: Run Behavior\ReadHtmlCacheBehavior [ RunTime:0.000748s ]
INFO: [ app_begin ] --END-- [ RunTime:0.000808s ]
NOTIC: [2048] Declaration of Admin\Model\AdminModel::add() should be compatible with Think\Model::add($data = '', $options = Array, $replace = false) H:\www\project\Application\Admin\Model\AdminModel.class.php 第 6 行.
NOTIC: [2048] Declaration of Admin\Model\AdminModel::delete() should be compatible with Think\Model::delete($options = Array) H:\www\project\Application\Admin\Model\AdminModel.class.php 第 6 行.
SQL: SHOW COLUMNS FROM `admin` [ RunTime:0.0432s ]
SQL: SHOW COLUMNS FROM `admin` [ RunTime:0.0199s ]
SQL: SELECT * FROM `admin` WHERE `id` = 1 LIMIT 1   [ RunTime:0.0006s ]
NOTIC: [2048] Declaration of Admin\Model\AdminGroupModel::add() should be compatible with Think\Model::add($data = '', $options = Array, $replace = false) H:\www\project\Application\Admin\Model\AdminGroupModel.class.php 第 42 行.
SQL: SHOW COLUMNS FROM `admin_group` [ RunTime:0.0193s ]
SQL: SELECT * FROM `admin` WHERE `id` = 0 LIMIT 1   [ RunTime:0.0004s ]
SQL: SHOW COLUMNS FROM `admin_group` [ RunTime:0.0181s ]
SQL: SELECT * FROM `admin_group` WHERE `status` = 1 ORDER BY id asc  [ RunTime:0.0003s ]
INFO: [ view_parse ] --START--
INFO: [ template_filter ] --START--
INFO: Run Behavior\ContentReplaceBehavior [ RunTime:0.000185s ]
INFO: [ template_filter ] --END-- [ RunTime:0.000239s ]
NOTIC: [8] Use of undefined constant Poetry - assumed 'Poetry' H:\www\project\Application\Runtime\Cache\Admin\82234b947eea7b938b645c7e3de30397.php 第 56 行.
NOTIC: [8] Use of undefined constant Poetry - assumed 'Poetry' H:\www\project\Application\Runtime\Cache\Admin\82234b947eea7b938b645c7e3de30397.php 第 61 行.
NOTIC: [8] Use of undefined constant Auth - assumed 'Auth' H:\www\project\Application\Runtime\Cache\Admin\82234b947eea7b938b645c7e3de30397.php 第 72 行.
NOTIC: [8] Use of undefined constant Auth - assumed 'Auth' H:\www\project\Application\Runtime\Cache\Admin\82234b947eea7b938b645c7e3de30397.php 第 77 行.
NOTIC: [8] Use of undefined constant System - assumed 'System' H:\www\project\Application\Runtime\Cache\Admin\82234b947eea7b938b645c7e3de30397.php 第 100 行.
NOTIC: [8] Use of undefined constant System - assumed 'System' H:\www\project\Application\Runtime\Cache\Admin\82234b947eea7b938b645c7e3de30397.php 第 105 行.
NOTIC: [8] Undefined variable: four H:\www\project\Application\Runtime\Cache\Admin\82234b947eea7b938b645c7e3de30397.php 第 136 行.
NOTIC: [8] Undefined variable: store_info H:\www\project\Application\Runtime\Cache\Admin\82234b947eea7b938b645c7e3de30397.php 第 215 行.
NOTIC: [8] Undefined variable: file_info H:\www\project\Application\Runtime\Cache\Admin\82234b947eea7b938b645c7e3de30397.php 第 217 行.
NOTIC: [8] Undefined variable: store_info H:\www\project\Application\Runtime\Cache\Admin\82234b947eea7b938b645c7e3de30397.php 第 221 行.
INFO: Run Behavior\ParseTemplateBehavior [ RunTime:0.019815s ]
INFO: [ view_parse ] --END-- [ RunTime:0.019866s ]
INFO: [ view_filter ] --START--
INFO: Run Behavior\WriteHtmlCacheBehavior [ RunTime:0.000713s ]
INFO: [ view_filter ] --END-- [ RunTime:0.000755s ]
INFO: [ app_end ] --START--
INFO: Run Behavior\ShowPageTraceBehavior [ RunTime:0.001031s ]
INFO: [ app_end ] --END-- [ RunTime:0.001089s ]

[ 2019-02-21T16:08:59+08:00 ] 127.0.0.1 /admin.php/Auth/adminAddEdit.html
INFO: [ app_init ] --START--
INFO: Run Behavior\BuildLiteBehavior [ RunTime:0.000015s ]
INFO: [ app_init ] --END-- [ RunTime:0.000500s ]
INFO: [ app_begin ] --START--
INFO: Run Behavior\ReadHtmlCacheBehavior [ RunTime:0.000557s ]
INFO: [ app_begin ] --END-- [ RunTime:0.000649s ]
NOTIC: [2048] Declaration of Admin\Model\AdminModel::add() should be compatible with Think\Model::add($data = '', $options = Array, $replace = false) H:\www\project\Application\Admin\Model\AdminModel.class.php 第 6 行.
NOTIC: [2048] Declaration of Admin\Model\AdminModel::delete() should be compatible with Think\Model::delete($options = Array) H:\www\project\Application\Admin\Model\AdminModel.class.php 第 6 行.
SQL: SHOW COLUMNS FROM `admin` [ RunTime:0.0272s ]
SQL: SHOW COLUMNS FROM `admin` [ RunTime:0.0117s ]
SQL: SELECT * FROM `admin` WHERE `id` = 1 LIMIT 1   [ RunTime:0.0004s ]
NOTIC: [2048] Declaration of Admin\Model\AdminGroupModel::add() should be compatible with Think\Model::add($data = '', $options = Array, $replace = false) H:\www\project\Application\Admin\Model\AdminGroupModel.class.php 第 42 行.
SQL: SHOW COLUMNS FROM `admin_group` [ RunTime:0.0256s ]
SQL: SELECT * FROM `admin` WHERE `id` = 0 LIMIT 1   [ RunTime:0.0004s ]
SQL: SHOW COLUMNS FROM `admin_group` [ RunTime:0.0169s ]
SQL: SELECT * FROM `admin_group` WHERE `status` = 1 ORDER BY id asc  [ RunTime:0.0006s ]
INFO: [ view_parse ] --START--
INFO: [ template_filter ] --START--
INFO: Run Behavior\ContentReplaceBehavior [ RunTime:0.000969s ]
INFO: [ template_filter ] --END-- [ RunTime:0.001927s ]
NOTIC: [8] Use of undefined constant Poetry - assumed 'Poetry' H:\www\project\Application\Runtime\Cache\Admin\82234b947eea7b938b645c7e3de30397.php 第 56 行.
NOTIC: [8] Use of undefined constant Poetry - assumed 'Poetry' H:\www\project\Application\Runtime\Cache\Admin\82234b947eea7b938b645c7e3de30397.php 第 61 行.
NOTIC: [8] Use of undefined constant Auth - assumed 'Auth' H:\www\project\Application\Runtime\Cache\Admin\82234b947eea7b938b645c7e3de30397.php 第 72 行.
NOTIC: [8] Use of undefined constant Auth - assumed 'Auth' H:\www\project\Application\Runtime\Cache\Admin\82234b947eea7b938b645c7e3de30397.php 第 77 行.
NOTIC: [8] Use of undefined constant System - assumed 'System' H:\www\project\Application\Runtime\Cache\Admin\82234b947eea7b938b645c7e3de30397.php 第 100 行.
NOTIC: [8] Use of undefined constant System - assumed 'System' H:\www\project\Application\Runtime\Cache\Admin\82234b947eea7b938b645c7e3de30397.php 第 105 行.
NOTIC: [8] Undefined variable: four H:\www\project\Application\Runtime\Cache\Admin\82234b947eea7b938b645c7e3de30397.php 第 136 行.
NOTIC: [8] Undefined variable: store_info H:\www\project\Application\Runtime\Cache\Admin\82234b947eea7b938b645c7e3de30397.php 第 215 行.
NOTIC: [8] Undefined variable: file_info H:\www\project\Application\Runtime\Cache\Admin\82234b947eea7b938b645c7e3de30397.php 第 217 行.
NOTIC: [8] Undefined variable: store_info H:\www\project\Application\Runtime\Cache\Admin\82234b947eea7b938b645c7e3de30397.php 第 221 行.
INFO: Run Behavior\ParseTemplateBehavior [ RunTime:0.043496s ]
INFO: [ view_parse ] --END-- [ RunTime:0.043552s ]
INFO: [ view_filter ] --START--
INFO: Run Behavior\WriteHtmlCacheBehavior [ RunTime:0.000833s ]
INFO: [ view_filter ] --END-- [ RunTime:0.000878s ]
INFO: [ app_end ] --START--
INFO: Run Behavior\ShowPageTraceBehavior [ RunTime:0.000817s ]
INFO: [ app_end ] --END-- [ RunTime:0.000873s ]

[ 2019-02-21T16:09:22+08:00 ] 127.0.0.1 /admin.php/Auth/adminAddEdit.html
INFO: [ app_init ] --START--
INFO: Run Behavior\BuildLiteBehavior [ RunTime:0.000025s ]
INFO: [ app_init ] --END-- [ RunTime:0.000947s ]
INFO: [ app_begin ] --START--
INFO: Run Behavior\ReadHtmlCacheBehavior [ RunTime:0.000680s ]
INFO: [ app_begin ] --END-- [ RunTime:0.000735s ]
NOTIC: [2048] Declaration of Admin\Model\AdminModel::add() should be compatible with Think\Model::add($data = '', $options = Array, $replace = false) H:\www\project\Application\Admin\Model\AdminModel.class.php 第 6 行.
NOTIC: [2048] Declaration of Admin\Model\AdminModel::delete() should be compatible with Think\Model::delete($options = Array) H:\www\project\Application\Admin\Model\AdminModel.class.php 第 6 行.
SQL: SHOW COLUMNS FROM `admin` [ RunTime:0.0641s ]
SQL: SHOW COLUMNS FROM `admin` [ RunTime:0.0616s ]
SQL: SELECT * FROM `admin` WHERE `id` = 1 LIMIT 1   [ RunTime:0.0016s ]
NOTIC: [2048] Declaration of Admin\Model\AdminGroupModel::add() should be compatible with Think\Model::add($data = '', $options = Array, $replace = false) H:\www\project\Application\Admin\Model\AdminGroupModel.class.php 第 42 行.
SQL: SHOW COLUMNS FROM `admin_group` [ RunTime:0.0437s ]
SQL: SELECT * FROM `admin` WHERE `id` = 0 LIMIT 1   [ RunTime:0.0011s ]
SQL: SHOW COLUMNS FROM `admin_group` [ RunTime:0.0128s ]
SQL: SELECT * FROM `admin_group` WHERE `status` = 1 ORDER BY id asc  [ RunTime:0.0003s ]
INFO: [ view_parse ] --START--
INFO: [ template_filter ] --START--
INFO: Run Behavior\ContentReplaceBehavior [ RunTime:0.000223s ]
INFO: [ template_filter ] --END-- [ RunTime:0.000302s ]
NOTIC: [8] Use of undefined constant Poetry - assumed 'Poetry' H:\www\project\Application\Runtime\Cache\Admin\82234b947eea7b938b645c7e3de30397.php 第 56 行.
NOTIC: [8] Use of undefined constant Poetry - assumed 'Poetry' H:\www\project\Application\Runtime\Cache\Admin\82234b947eea7b938b645c7e3de30397.php 第 61 行.
NOTIC: [8] Use of undefined constant Auth - assumed 'Auth' H:\www\project\Application\Runtime\Cache\Admin\82234b947eea7b938b645c7e3de30397.php 第 72 行.
NOTIC: [8] Use of undefined constant Auth - assumed 'Auth' H:\www\project\Application\Runtime\Cache\Admin\82234b947eea7b938b645c7e3de30397.php 第 77 行.
NOTIC: [8] Use of undefined constant System - assumed 'System' H:\www\project\Application\Runtime\Cache\Admin\82234b947eea7b938b645c7e3de30397.php 第 100 行.
NOTIC: [8] Use of undefined constant System - assumed 'System' H:\www\project\Application\Runtime\Cache\Admin\82234b947eea7b938b645c7e3de30397.php 第 105 行.
NOTIC: [8] Undefined variable: four H:\www\project\Application\Runtime\Cache\Admin\82234b947eea7b938b645c7e3de30397.php 第 136 行.
NOTIC: [8] Undefined variable: store_info H:\www\project\Application\Runtime\Cache\Admin\82234b947eea7b938b645c7e3de30397.php 第 215 行.
NOTIC: [8] Undefined variable: file_info H:\www\project\Application\Runtime\Cache\Admin\82234b947eea7b938b645c7e3de30397.php 第 217 行.
NOTIC: [8] Undefined variable: store_info H:\www\project\Application\Runtime\Cache\Admin\82234b947eea7b938b645c7e3de30397.php 第 221 行.
INFO: Run Behavior\ParseTemplateBehavior [ RunTime:0.020564s ]
INFO: [ view_parse ] --END-- [ RunTime:0.020613s ]
INFO: [ view_filter ] --START--
INFO: Run Behavior\WriteHtmlCacheBehavior [ RunTime:0.000705s ]
INFO: [ view_filter ] --END-- [ RunTime:0.000751s ]
INFO: [ app_end ] --START--
INFO: Run Behavior\ShowPageTraceBehavior [ RunTime:0.000816s ]
INFO: [ app_end ] --END-- [ RunTime:0.000873s ]

[ 2019-02-21T16:10:15+08:00 ] 127.0.0.1 /admin.php/Auth/adminAddEdit.html
INFO: [ app_init ] --START--
INFO: Run Behavior\BuildLiteBehavior [ RunTime:0.000017s ]
INFO: [ app_init ] --END-- [ RunTime:0.012969s ]
INFO: [ app_begin ] --START--
INFO: Run Behavior\ReadHtmlCacheBehavior [ RunTime:0.000536s ]
INFO: [ app_begin ] --END-- [ RunTime:0.000583s ]
NOTIC: [2048] Declaration of Admin\Model\AdminModel::add() should be compatible with Think\Model::add($data = '', $options = Array, $replace = false) H:\www\project\Application\Admin\Model\AdminModel.class.php 第 6 行.
NOTIC: [2048] Declaration of Admin\Model\AdminModel::delete() should be compatible with Think\Model::delete($options = Array) H:\www\project\Application\Admin\Model\AdminModel.class.php 第 6 行.
SQL: SHOW COLUMNS FROM `admin` [ RunTime:0.0341s ]
SQL: SHOW COLUMNS FROM `admin` [ RunTime:0.0461s ]
SQL: SELECT * FROM `admin` WHERE `id` = 1 LIMIT 1   [ RunTime:0.0004s ]
NOTIC: [2048] Declaration of Admin\Model\AdminGroupModel::add() should be compatible with Think\Model::add($data = '', $options = Array, $replace = false) H:\www\project\Application\Admin\Model\AdminGroupModel.class.php 第 42 行.
SQL: SHOW COLUMNS FROM `admin_group` [ RunTime:0.0123s ]
SQL: SELECT * FROM `admin` WHERE `id` = 0 LIMIT 1   [ RunTime:0.0003s ]
SQL: SHOW COLUMNS FROM `admin_group` [ RunTime:0.0118s ]
SQL: SELECT * FROM `admin_group` WHERE `status` = 1 ORDER BY id asc  [ RunTime:0.0003s ]
INFO: [ view_parse ] --START--
INFO: [ template_filter ] --START--
INFO: Run Behavior\ContentReplaceBehavior [ RunTime:0.000182s ]
INFO: [ template_filter ] --END-- [ RunTime:0.000227s ]
NOTIC: [8] Use of undefined constant Poetry - assumed 'Poetry' H:\www\project\Application\Runtime\Cache\Admin\82234b947eea7b938b645c7e3de30397.php 第 56 行.
NOTIC: [8] Use of undefined constant Poetry - assumed 'Poetry' H:\www\project\Application\Runtime\Cache\Admin\82234b947eea7b938b645c7e3de30397.php 第 61 行.
NOTIC: [8] Use of undefined constant Auth - assumed 'Auth' H:\www\project\Application\Runtime\Cache\Admin\82234b947eea7b938b645c7e3de30397.php 第 72 行.
NOTIC: [8] Use of undefined constant Auth - assumed 'Auth' H:\www\project\Application\Runtime\Cache\Admin\82234b947eea7b938b645c7e3de30397.php 第 77 行.
NOTIC: [8] Use of undefined constant System - assumed 'System' H:\www\project\Application\Runtime\Cache\Admin\82234b947eea7b938b645c7e3de30397.php 第 100 行.
NOTIC: [8] Use of undefined constant System - assumed 'System' H:\www\project\Application\Runtime\Cache\Admin\82234b947eea7b938b645c7e3de30397.php 第 105 行.
NOTIC: [8] Undefined variable: four H:\www\project\Application\Runtime\Cache\Admin\82234b947eea7b938b645c7e3de30397.php 第 136 行.
NOTIC: [8] Undefined variable: store_info H:\www\project\Application\Runtime\Cache\Admin\82234b947eea7b938b645c7e3de30397.php 第 215 行.
NOTIC: [8] Undefined variable: file_info H:\www\project\Application\Runtime\Cache\Admin\82234b947eea7b938b645c7e3de30397.php 第 217 行.
NOTIC: [8] Undefined variable: store_info H:\www\project\Application\Runtime\Cache\Admin\82234b947eea7b938b645c7e3de30397.php 第 221 行.
INFO: Run Behavior\ParseTemplateBehavior [ RunTime:0.018717s ]
INFO: [ view_parse ] --END-- [ RunTime:0.018773s ]
INFO: [ view_filter ] --START--
INFO: Run Behavior\WriteHtmlCacheBehavior [ RunTime:0.000532s ]
INFO: [ view_filter ] --END-- [ RunTime:0.000572s ]
INFO: [ app_end ] --START--
INFO: Run Behavior\ShowPageTraceBehavior [ RunTime:0.000746s ]
INFO: [ app_end ] --END-- [ RunTime:0.000806s ]

[ 2019-02-21T16:11:00+08:00 ] 127.0.0.1 /admin.php/Auth/adminAddEdit.html
INFO: [ app_init ] --START--
INFO: Run Behavior\BuildLiteBehavior [ RunTime:0.000012s ]
INFO: [ app_init ] --END-- [ RunTime:0.000467s ]
INFO: [ app_begin ] --START--
INFO: Run Behavior\ReadHtmlCacheBehavior [ RunTime:0.000764s ]
INFO: [ app_begin ] --END-- [ RunTime:0.000824s ]
NOTIC: [2048] Declaration of Admin\Model\AdminModel::add() should be compatible with Think\Model::add($data = '', $options = Array, $replace = false) H:\www\project\Application\Admin\Model\AdminModel.class.php 第 6 行.
NOTIC: [2048] Declaration of Admin\Model\AdminModel::delete() should be compatible with Think\Model::delete($options = Array) H:\www\project\Application\Admin\Model\AdminModel.class.php 第 6 行.
SQL: SHOW COLUMNS FROM `admin` [ RunTime:0.0107s ]
SQL: SHOW COLUMNS FROM `admin` [ RunTime:0.0147s ]
SQL: SELECT * FROM `admin` WHERE `id` = 1 LIMIT 1   [ RunTime:0.0005s ]
NOTIC: [2048] Declaration of Admin\Model\AdminGroupModel::add() should be compatible with Think\Model::add($data = '', $options = Array, $replace = false) H:\www\project\Application\Admin\Model\AdminGroupModel.class.php 第 42 行.
SQL: SHOW COLUMNS FROM `admin_group` [ RunTime:0.0407s ]
SQL: SELECT * FROM `admin` WHERE `id` = 0 LIMIT 1   [ RunTime:0.0004s ]
SQL: SHOW COLUMNS FROM `admin_group` [ RunTime:0.0374s ]
SQL: SELECT * FROM `admin_group` WHERE `status` = 1 ORDER BY id asc  [ RunTime:0.0004s ]
INFO: [ view_parse ] --START--
INFO: [ template_filter ] --START--
INFO: Run Behavior\ContentReplaceBehavior [ RunTime:0.000189s ]
INFO: [ template_filter ] --END-- [ RunTime:0.000239s ]
NOTIC: [8] Use of undefined constant Poetry - assumed 'Poetry' H:\www\project\Application\Runtime\Cache\Admin\82234b947eea7b938b645c7e3de30397.php 第 56 行.
NOTIC: [8] Use of undefined constant Poetry - assumed 'Poetry' H:\www\project\Application\Runtime\Cache\Admin\82234b947eea7b938b645c7e3de30397.php 第 61 行.
NOTIC: [8] Use of undefined constant Auth - assumed 'Auth' H:\www\project\Application\Runtime\Cache\Admin\82234b947eea7b938b645c7e3de30397.php 第 72 行.
NOTIC: [8] Use of undefined constant Auth - assumed 'Auth' H:\www\project\Application\Runtime\Cache\Admin\82234b947eea7b938b645c7e3de30397.php 第 77 行.
NOTIC: [8] Use of undefined constant System - assumed 'System' H:\www\project\Application\Runtime\Cache\Admin\82234b947eea7b938b645c7e3de30397.php 第 100 行.
NOTIC: [8] Use of undefined constant System - assumed 'System' H:\www\project\Application\Runtime\Cache\Admin\82234b947eea7b938b645c7e3de30397.php 第 105 行.
NOTIC: [8] Undefined variable: four H:\www\project\Application\Runtime\Cache\Admin\82234b947eea7b938b645c7e3de30397.php 第 136 行.
NOTIC: [8] Undefined variable: store_info H:\www\project\Application\Runtime\Cache\Admin\82234b947eea7b938b645c7e3de30397.php 第 215 行.
NOTIC: [8] Undefined variable: file_info H:\www\project\Application\Runtime\Cache\Admin\82234b947eea7b938b645c7e3de30397.php 第 217 行.
NOTIC: [8] Undefined variable: store_info H:\www\project\Application\Runtime\Cache\Admin\82234b947eea7b938b645c7e3de30397.php 第 221 行.
INFO: Run Behavior\ParseTemplateBehavior [ RunTime:0.039818s ]
INFO: [ view_parse ] --END-- [ RunTime:0.039868s ]
INFO: [ view_filter ] --START--
INFO: Run Behavior\WriteHtmlCacheBehavior [ RunTime:0.000789s ]
INFO: [ view_filter ] --END-- [ RunTime:0.000836s ]
INFO: [ app_end ] --START--
INFO: Run Behavior\ShowPageTraceBehavior [ RunTime:0.000815s ]
INFO: [ app_end ] --END-- [ RunTime:0.000876s ]

[ 2019-02-21T16:11:09+08:00 ] 127.0.0.1 /admin.php/Auth/baseToolSrcLBS.html
INFO: [ app_init ] --START--
INFO: Run Behavior\BuildLiteBehavior [ RunTime:0.000013s ]
INFO: [ app_init ] --END-- [ RunTime:0.000477s ]
INFO: [ app_begin ] --START--
INFO: Run Behavior\ReadHtmlCacheBehavior [ RunTime:0.000777s ]
INFO: [ app_begin ] --END-- [ RunTime:0.000841s ]
NOTIC: [2048] Declaration of Admin\Model\AdminModel::add() should be compatible with Think\Model::add($data = '', $options = Array, $replace = false) H:\www\project\Application\Admin\Model\AdminModel.class.php 第 6 行.
NOTIC: [2048] Declaration of Admin\Model\AdminModel::delete() should be compatible with Think\Model::delete($options = Array) H:\www\project\Application\Admin\Model\AdminModel.class.php 第 6 行.
SQL: SHOW COLUMNS FROM `admin` [ RunTime:0.0270s ]
SQL: SHOW COLUMNS FROM `admin` [ RunTime:0.0116s ]
SQL: SELECT * FROM `admin` WHERE `id` = 1 LIMIT 1   [ RunTime:0.0005s ]
ERR: 非法操作:baseToolSrcLBS

[ 2019-02-21T16:11:13+08:00 ] 127.0.0.1 /admin.php/Auth/baseToolSrcLBS.html
INFO: [ app_init ] --START--
INFO: Run Behavior\BuildLiteBehavior [ RunTime:0.000012s ]
INFO: [ app_init ] --END-- [ RunTime:0.000464s ]
INFO: [ app_begin ] --START--
INFO: Run Behavior\ReadHtmlCacheBehavior [ RunTime:0.000619s ]
INFO: [ app_begin ] --END-- [ RunTime:0.000668s ]
NOTIC: [2048] Declaration of Admin\Model\AdminModel::add() should be compatible with Think\Model::add($data = '', $options = Array, $replace = false) H:\www\project\Application\Admin\Model\AdminModel.class.php 第 6 行.
NOTIC: [2048] Declaration of Admin\Model\AdminModel::delete() should be compatible with Think\Model::delete($options = Array) H:\www\project\Application\Admin\Model\AdminModel.class.php 第 6 行.
SQL: SHOW COLUMNS FROM `admin` [ RunTime:0.0141s ]
SQL: SHOW COLUMNS FROM `admin` [ RunTime:0.0265s ]
SQL: SELECT * FROM `admin` WHERE `id` = 1 LIMIT 1   [ RunTime:0.0015s ]
ERR: 非法操作:baseToolSrcLBS

[ 2019-02-21T16:12:22+08:00 ] 127.0.0.1 /admin.php/Auth/adminAddEdit.html
INFO: [ app_init ] --START--
INFO: Run Behavior\BuildLiteBehavior [ RunTime:0.000022s ]
INFO: [ app_init ] --END-- [ RunTime:0.000918s ]
INFO: [ app_begin ] --START--
INFO: Run Behavior\ReadHtmlCacheBehavior [ RunTime:0.002414s ]
INFO: [ app_begin ] --END-- [ RunTime:0.002484s ]
NOTIC: [2048] Declaration of Admin\Model\AdminModel::add() should be compatible with Think\Model::add($data = '', $options = Array, $replace = false) H:\www\project\Application\Admin\Model\AdminModel.class.php 第 6 行.
NOTIC: [2048] Declaration of Admin\Model\AdminModel::delete() should be compatible with Think\Model::delete($options = Array) H:\www\project\Application\Admin\Model\AdminModel.class.php 第 6 行.
SQL: SHOW COLUMNS FROM `admin` [ RunTime:0.0291s ]
SQL: SHOW COLUMNS FROM `admin` [ RunTime:0.0452s ]
SQL: SELECT * FROM `admin` WHERE `id` = 1 LIMIT 1   [ RunTime:0.0046s ]
NOTIC: [2048] Declaration of Admin\Model\AdminGroupModel::add() should be compatible with Think\Model::add($data = '', $options = Array, $replace = false) H:\www\project\Application\Admin\Model\AdminGroupModel.class.php 第 42 行.
SQL: SHOW COLUMNS FROM `admin_group` [ RunTime:0.0196s ]
SQL: SELECT * FROM `admin` WHERE `id` = 0 LIMIT 1   [ RunTime:0.0003s ]
SQL: SHOW COLUMNS FROM `admin_group` [ RunTime:0.0572s ]
SQL: SELECT * FROM `admin_group` WHERE `status` = 1 ORDER BY id asc  [ RunTime:0.0006s ]
INFO: [ view_parse ] --START--
INFO: [ template_filter ] --START--
INFO: Run Behavior\ContentReplaceBehavior [ RunTime:0.000237s ]
INFO: [ template_filter ] --END-- [ RunTime:0.000411s ]
NOTIC: [8] Use of undefined constant Poetry - assumed 'Poetry' H:\www\project\Application\Runtime\Cache\Admin\82234b947eea7b938b645c7e3de30397.php 第 56 行.
NOTIC: [8] Use of undefined constant Poetry - assumed 'Poetry' H:\www\project\Application\Runtime\Cache\Admin\82234b947eea7b938b645c7e3de30397.php 第 61 行.
NOTIC: [8] Use of undefined constant Auth - assumed 'Auth' H:\www\project\Application\Runtime\Cache\Admin\82234b947eea7b938b645c7e3de30397.php 第 72 行.
NOTIC: [8] Use of undefined constant Auth - assumed 'Auth' H:\www\project\Application\Runtime\Cache\Admin\82234b947eea7b938b645c7e3de30397.php 第 77 行.
NOTIC: [8] Use of undefined constant System - assumed 'System' H:\www\project\Application\Runtime\Cache\Admin\82234b947eea7b938b645c7e3de30397.php 第 100 行.
NOTIC: [8] Use of undefined constant System - assumed 'System' H:\www\project\Application\Runtime\Cache\Admin\82234b947eea7b938b645c7e3de30397.php 第 105 行.
NOTIC: [8] Undefined variable: four H:\www\project\Application\Runtime\Cache\Admin\82234b947eea7b938b645c7e3de30397.php 第 136 行.
NOTIC: [8] Undefined variable: store_info H:\www\project\Application\Runtime\Cache\Admin\82234b947eea7b938b645c7e3de30397.php 第 215 行.
NOTIC: [8] Undefined variable: file_info H:\www\project\Application\Runtime\Cache\Admin\82234b947eea7b938b645c7e3de30397.php 第 217 行.
NOTIC: [8] Undefined variable: store_info H:\www\project\Application\Runtime\Cache\Admin\82234b947eea7b938b645c7e3de30397.php 第 221 行.
INFO: Run Behavior\ParseTemplateBehavior [ RunTime:0.033249s ]
INFO: [ view_parse ] --END-- [ RunTime:0.033301s ]
INFO: [ view_filter ] --START--
INFO: Run Behavior\WriteHtmlCacheBehavior [ RunTime:0.000672s ]
INFO: [ view_filter ] --END-- [ RunTime:0.000712s ]
INFO: [ app_end ] --START--
INFO: Run Behavior\ShowPageTraceBehavior [ RunTime:0.000859s ]
INFO: [ app_end ] --END-- [ RunTime:0.000912s ]

[ 2019-02-21T16:13:31+08:00 ] 127.0.0.1 /admin.php/Auth/adminAddEdit.html
INFO: [ app_init ] --START--
INFO: Run Behavior\BuildLiteBehavior [ RunTime:0.000013s ]
INFO: [ app_init ] --END-- [ RunTime:0.000447s ]
INFO: [ app_begin ] --START--
INFO: Run Behavior\ReadHtmlCacheBehavior [ RunTime:0.004483s ]
INFO: [ app_begin ] --END-- [ RunTime:0.004697s ]
NOTIC: [2048] Declaration of Admin\Model\AdminModel::add() should be compatible with Think\Model::add($data = '', $options = Array, $replace = false) H:\www\project\Application\Admin\Model\AdminModel.class.php 第 6 行.
NOTIC: [2048] Declaration of Admin\Model\AdminModel::delete() should be compatible with Think\Model::delete($options = Array) H:\www\project\Application\Admin\Model\AdminModel.class.php 第 6 行.
SQL: SHOW COLUMNS FROM `admin` [ RunTime:0.0621s ]
SQL: SHOW COLUMNS FROM `admin` [ RunTime:0.0162s ]
SQL: SELECT * FROM `admin` WHERE `id` = 1 LIMIT 1   [ RunTime:0.0005s ]
NOTIC: [2048] Declaration of Admin\Model\AdminGroupModel::add() should be compatible with Think\Model::add($data = '', $options = Array, $replace = false) H:\www\project\Application\Admin\Model\AdminGroupModel.class.php 第 42 行.
SQL: SHOW COLUMNS FROM `admin_group` [ RunTime:0.0490s ]
SQL: SELECT * FROM `admin` WHERE `id` = 0 LIMIT 1   [ RunTime:0.0005s ]
SQL: SHOW COLUMNS FROM `admin_group` [ RunTime:0.0592s ]
SQL: SELECT * FROM `admin_group` WHERE `status` = 1 ORDER BY id asc  [ RunTime:0.0003s ]
INFO: [ view_parse ] --START--
INFO: [ template_filter ] --START--
INFO: Run Behavior\ContentReplaceBehavior [ RunTime:0.001314s ]
INFO: [ template_filter ] --END-- [ RunTime:0.001565s ]
NOTIC: [8] Use of undefined constant Poetry - assumed 'Poetry' H:\www\project\Application\Runtime\Cache\Admin\82234b947eea7b938b645c7e3de30397.php 第 56 行.
NOTIC: [8] Use of undefined constant Poetry - assumed 'Poetry' H:\www\project\Application\Runtime\Cache\Admin\82234b947eea7b938b645c7e3de30397.php 第 61 行.
NOTIC: [8] Use of undefined constant Auth - assumed 'Auth' H:\www\project\Application\Runtime\Cache\Admin\82234b947eea7b938b645c7e3de30397.php 第 72 行.
NOTIC: [8] Use of undefined constant Auth - assumed 'Auth' H:\www\project\Application\Runtime\Cache\Admin\82234b947eea7b938b645c7e3de30397.php 第 77 行.
NOTIC: [8] Use of undefined constant System - assumed 'System' H:\www\project\Application\Runtime\Cache\Admin\82234b947eea7b938b645c7e3de30397.php 第 100 行.
NOTIC: [8] Use of undefined constant System - assumed 'System' H:\www\project\Application\Runtime\Cache\Admin\82234b947eea7b938b645c7e3de30397.php 第 105 行.
NOTIC: [8] Undefined variable: four H:\www\project\Application\Runtime\Cache\Admin\82234b947eea7b938b645c7e3de30397.php 第 136 行.
NOTIC: [8] Undefined variable: store_info H:\www\project\Application\Runtime\Cache\Admin\82234b947eea7b938b645c7e3de30397.php 第 215 行.
NOTIC: [8] Undefined variable: file_info H:\www\project\Application\Runtime\Cache\Admin\82234b947eea7b938b645c7e3de30397.php 第 217 行.
NOTIC: [8] Undefined variable: store_info H:\www\project\Application\Runtime\Cache\Admin\82234b947eea7b938b645c7e3de30397.php 第 221 行.
INFO: Run Behavior\ParseTemplateBehavior [ RunTime:0.033837s ]
INFO: [ view_parse ] --END-- [ RunTime:0.033889s ]
INFO: [ view_filter ] --START--
INFO: Run Behavior\WriteHtmlCacheBehavior [ RunTime:0.000832s ]
INFO: [ view_filter ] --END-- [ RunTime:0.001001s ]
INFO: [ app_end ] --START--
INFO: Run Behavior\ShowPageTraceBehavior [ RunTime:0.001775s ]
INFO: [ app_end ] --END-- [ RunTime:0.001841s ]

[ 2019-02-21T16:13:42+08:00 ] 127.0.0.1 /admin.php/Auth/baseToolSrcLBS.html
INFO: [ app_init ] --START--
INFO: Run Behavior\BuildLiteBehavior [ RunTime:0.000020s ]
INFO: [ app_init ] --END-- [ RunTime:0.000534s ]
INFO: [ app_begin ] --START--
INFO: Run Behavior\ReadHtmlCacheBehavior [ RunTime:0.000793s ]
INFO: [ app_begin ] --END-- [ RunTime:0.000905s ]
NOTIC: [2048] Declaration of Admin\Model\AdminModel::add() should be compatible with Think\Model::add($data = '', $options = Array, $replace = false) H:\www\project\Application\Admin\Model\AdminModel.class.php 第 6 行.
NOTIC: [2048] Declaration of Admin\Model\AdminModel::delete() should be compatible with Think\Model::delete($options = Array) H:\www\project\Application\Admin\Model\AdminModel.class.php 第 6 行.
SQL: SHOW COLUMNS FROM `admin` [ RunTime:0.0236s ]
SQL: SHOW COLUMNS FROM `admin` [ RunTime:0.0083s ]
SQL: SELECT * FROM `admin` WHERE `id` = 1 LIMIT 1   [ RunTime:0.0004s ]
ERR: 非法操作:baseToolSrcLBS

[ 2019-02-21T16:15:04+08:00 ] 127.0.0.1 /admin.php/Auth/adminAddEdit.html
INFO: [ app_init ] --START--
INFO: Run Behavior\BuildLiteBehavior [ RunTime:0.000014s ]
INFO: [ app_init ] --END-- [ RunTime:0.000797s ]
INFO: [ app_begin ] --START--
INFO: Run Behavior\ReadHtmlCacheBehavior [ RunTime:0.000938s ]
INFO: [ app_begin ] --END-- [ RunTime:0.001001s ]
NOTIC: [2048] Declaration of Admin\Model\AdminModel::add() should be compatible with Think\Model::add($data = '', $options = Array, $replace = false) H:\www\project\Application\Admin\Model\AdminModel.class.php 第 6 行.
NOTIC: [2048] Declaration of Admin\Model\AdminModel::delete() should be compatible with Think\Model::delete($options = Array) H:\www\project\Application\Admin\Model\AdminModel.class.php 第 6 行.
SQL: SHOW COLUMNS FROM `admin` [ RunTime:0.0161s ]
SQL: SHOW COLUMNS FROM `admin` [ RunTime:0.0355s ]
SQL: SELECT * FROM `admin` WHERE `id` = 1 LIMIT 1   [ RunTime:0.0015s ]
NOTIC: [2048] Declaration of Admin\Model\AdminGroupModel::add() should be compatible with Think\Model::add($data = '', $options = Array, $replace = false) H:\www\project\Application\Admin\Model\AdminGroupModel.class.php 第 42 行.
SQL: SHOW COLUMNS FROM `admin_group` [ RunTime:0.0576s ]
SQL: SELECT * FROM `admin` WHERE `id` = 0 LIMIT 1   [ RunTime:0.0006s ]
SQL: SHOW COLUMNS FROM `admin_group` [ RunTime:0.0551s ]
SQL: SELECT * FROM `admin_group` WHERE `status` = 1 ORDER BY id asc  [ RunTime:0.0041s ]
INFO: [ view_parse ] --START--
INFO: [ template_filter ] --START--
INFO: Run Behavior\ContentReplaceBehavior [ RunTime:0.000158s ]
INFO: [ template_filter ] --END-- [ RunTime:0.000238s ]
NOTIC: [8] Use of undefined constant Poetry - assumed 'Poetry' H:\www\project\Application\Runtime\Cache\Admin\82234b947eea7b938b645c7e3de30397.php 第 56 行.
NOTIC: [8] Use of undefined constant Poetry - assumed 'Poetry' H:\www\project\Application\Runtime\Cache\Admin\82234b947eea7b938b645c7e3de30397.php 第 61 行.
NOTIC: [8] Use of undefined constant Auth - assumed 'Auth' H:\www\project\Application\Runtime\Cache\Admin\82234b947eea7b938b645c7e3de30397.php 第 72 行.
NOTIC: [8] Use of undefined constant Auth - assumed 'Auth' H:\www\project\Application\Runtime\Cache\Admin\82234b947eea7b938b645c7e3de30397.php 第 77 行.
NOTIC: [8] Use of undefined constant System - assumed 'System' H:\www\project\Application\Runtime\Cache\Admin\82234b947eea7b938b645c7e3de30397.php 第 100 行.
NOTIC: [8] Use of undefined constant System - assumed 'System' H:\www\project\Application\Runtime\Cache\Admin\82234b947eea7b938b645c7e3de30397.php 第 105 行.
NOTIC: [8] Undefined variable: four H:\www\project\Application\Runtime\Cache\Admin\82234b947eea7b938b645c7e3de30397.php 第 136 行.
NOTIC: [8] Undefined variable: store_info H:\www\project\Application\Runtime\Cache\Admin\82234b947eea7b938b645c7e3de30397.php 第 215 行.
NOTIC: [8] Undefined variable: file_info H:\www\project\Application\Runtime\Cache\Admin\82234b947eea7b938b645c7e3de30397.php 第 217 行.
NOTIC: [8] Undefined variable: store_info H:\www\project\Application\Runtime\Cache\Admin\82234b947eea7b938b645c7e3de30397.php 第 221 行.
INFO: Run Behavior\ParseTemplateBehavior [ RunTime:0.037672s ]
INFO: [ view_parse ] --END-- [ RunTime:0.037780s ]
INFO: [ view_filter ] --START--
INFO: Run Behavior\WriteHtmlCacheBehavior [ RunTime:0.002180s ]
INFO: [ view_filter ] --END-- [ RunTime:0.002296s ]
INFO: [ app_end ] --START--
INFO: Run Behavior\ShowPageTraceBehavior [ RunTime:0.023189s ]
INFO: [ app_end ] --END-- [ RunTime:0.023289s ]

[ 2019-02-21T16:15:14+08:00 ] 127.0.0.1 /admin.php/Auth/baseToolSrcLBS.html
INFO: [ app_init ] --START--
INFO: Run Behavior\BuildLiteBehavior [ RunTime:0.000018s ]
INFO: [ app_init ] --END-- [ RunTime:0.000488s ]
INFO: [ app_begin ] --START--
INFO: Run Behavior\ReadHtmlCacheBehavior [ RunTime:0.001088s ]
INFO: [ app_begin ] --END-- [ RunTime:0.001177s ]
NOTIC: [2048] Declaration of Admin\Model\AdminModel::add() should be compatible with Think\Model::add($data = '', $options = Array, $replace = false) H:\www\project\Application\Admin\Model\AdminModel.class.php 第 6 行.
NOTIC: [2048] Declaration of Admin\Model\AdminModel::delete() should be compatible with Think\Model::delete($options = Array) H:\www\project\Application\Admin\Model\AdminModel.class.php 第 6 行.
SQL: SHOW COLUMNS FROM `admin` [ RunTime:0.0441s ]
SQL: SHOW COLUMNS FROM `admin` [ RunTime:0.0155s ]
SQL: SELECT * FROM `admin` WHERE `id` = 1 LIMIT 1   [ RunTime:0.0005s ]
NOTIC: [8] Use of undefined constant CURLOPT_GET - assumed 'CURLOPT_GET' H:\www\project\Application\Admin\Controller\AuthController.class.php 第 106 行.
NOTIC: [2] curl_setopt() expects parameter 2 to be long, string given H:\www\project\Application\Admin\Controller\AuthController.class.php 第 106 行.

