[ 2019-03-01T10:36:43+08:00 ] 127.0.0.1 /admin.php/Index/index.html
INFO: [ app_init ] --START--
INFO: Run Behavior\BuildLiteBehavior [ RunTime:0.000012s ]
INFO: [ app_init ] --END-- [ RunTime:0.002021s ]
INFO: [ app_begin ] --START--
INFO: Run Behavior\ReadHtmlCacheBehavior [ RunTime:0.000946s ]
INFO: [ app_begin ] --END-- [ RunTime:0.001001s ]
NOTIC: [8] Undefined index: id H:\www\project\Application\Admin\Controller\BaseController.class.php 第 11 行.
INFO: [ view_parse ] --START--
INFO: [ template_filter ] --START--
INFO: Run Behavior\ContentReplaceBehavior [ RunTime:0.000851s ]
INFO: [ template_filter ] --END-- [ RunTime:0.000909s ]
INFO: Run Behavior\ParseTemplateBehavior [ RunTime:0.008871s ]
INFO: [ view_parse ] --END-- [ RunTime:0.008925s ]
INFO: [ view_filter ] --START--
INFO: Run Behavior\WriteHtmlCacheBehavior [ RunTime:0.001085s ]
INFO: [ view_filter ] --END-- [ RunTime:0.001127s ]

[ 2019-03-01T10:36:46+08:00 ] 127.0.0.1 /admin.php/Login/login.html
INFO: [ app_init ] --START--
INFO: Run Behavior\BuildLiteBehavior [ RunTime:0.000011s ]
INFO: [ app_init ] --END-- [ RunTime:0.000420s ]
INFO: [ app_begin ] --START--
INFO: Run Behavior\ReadHtmlCacheBehavior [ RunTime:0.000578s ]
INFO: [ app_begin ] --END-- [ RunTime:0.000635s ]
NOTIC: [8] A session had already been started - ignoring session_start() H:\www\project\ThinkPHP\Common\functions.php 第 1272 行.
INFO: [ view_parse ] --START--
INFO: [ template_filter ] --START--
INFO: Run Behavior\ContentReplaceBehavior [ RunTime:0.000043s ]
INFO: [ template_filter ] --END-- [ RunTime:0.000082s ]
INFO: Run Behavior\ParseTemplateBehavior [ RunTime:0.006773s ]
INFO: [ view_parse ] --END-- [ RunTime:0.006820s ]
INFO: [ view_filter ] --START--
INFO: Run Behavior\WriteHtmlCacheBehavior [ RunTime:0.000442s ]
INFO: [ view_filter ] --END-- [ RunTime:0.000491s ]
INFO: [ app_end ] --START--
INFO: Run Behavior\ShowPageTraceBehavior [ RunTime:0.001196s ]
INFO: [ app_end ] --END-- [ RunTime:0.001240s ]

[ 2019-03-01T10:37:01+08:00 ] 127.0.0.1 /admin.php/Login/ajax_login.html
INFO: [ app_init ] --START--
INFO: Run Behavior\BuildLiteBehavior [ RunTime:0.000011s ]
INFO: [ app_init ] --END-- [ RunTime:0.000465s ]
INFO: [ app_begin ] --START--
INFO: Run Behavior\ReadHtmlCacheBehavior [ RunTime:0.000814s ]
INFO: [ app_begin ] --END-- [ RunTime:0.000872s ]
SQL: SHOW COLUMNS FROM `admin` [ RunTime:0.0771s ]
SQL: SELECT * FROM `admin` WHERE `password_md5` = 'a8f283efb0a7639652c9f09012f43cbb' LIMIT 1   [ RunTime:0.0006s ]
SQL: UPDATE `admin` SET `this_login_time`='1551407821',`this_login_ip`='127.0.0.1',`last_login_time`='1550735739',`last_login_ip`='127.0.0.1' WHERE `id` = 1 [ RunTime:0.0007s ]

[ 2019-03-01T10:37:01+08:00 ] 127.0.0.1 /admin.php/Index/index.html
INFO: [ app_init ] --START--
INFO: Run Behavior\BuildLiteBehavior [ RunTime:0.000011s ]
INFO: [ app_init ] --END-- [ RunTime:0.000408s ]
INFO: [ app_begin ] --START--
INFO: Run Behavior\ReadHtmlCacheBehavior [ RunTime:0.000552s ]
INFO: [ app_begin ] --END-- [ RunTime:0.000604s ]
NOTIC: [2048] Declaration of Admin\Model\AdminModel::add() should be compatible with Think\Model::add($data = '', $options = Array, $replace = false) H:\www\project\Application\Admin\Model\AdminModel.class.php 第 6 行.
NOTIC: [2048] Declaration of Admin\Model\AdminModel::delete() should be compatible with Think\Model::delete($options = Array) H:\www\project\Application\Admin\Model\AdminModel.class.php 第 6 行.
SQL: SHOW COLUMNS FROM `admin` [ RunTime:0.0188s ]
SQL: SHOW COLUMNS FROM `admin` [ RunTime:0.0096s ]
SQL: SELECT * FROM `admin` WHERE `id` = 1 LIMIT 1   [ RunTime:0.0005s ]
SQL: SELECT * FROM `admin` WHERE `id` = 1 LIMIT 1   [ RunTime:0.0003s ]
INFO: [ view_parse ] --START--
INFO: [ template_filter ] --START--
INFO: Run Behavior\ContentReplaceBehavior [ RunTime:0.000042s ]
INFO: [ template_filter ] --END-- [ RunTime:0.000085s ]
NOTIC: [8] Use of undefined constant Poetry - assumed 'Poetry' H:\www\project\Application\Runtime\Cache\Admin\b595b808c2ebeeeb0478ffc30bb4e87a.php 第 56 行.
NOTIC: [8] Use of undefined constant Poetry - assumed 'Poetry' H:\www\project\Application\Runtime\Cache\Admin\b595b808c2ebeeeb0478ffc30bb4e87a.php 第 61 行.
NOTIC: [8] Undefined variable: url H:\www\project\Application\Runtime\Cache\Admin\b595b808c2ebeeeb0478ffc30bb4e87a.php 第 63 行.
NOTIC: [8] Undefined variable: url H:\www\project\Application\Runtime\Cache\Admin\b595b808c2ebeeeb0478ffc30bb4e87a.php 第 66 行.
NOTIC: [8] Use of undefined constant Auth - assumed 'Auth' H:\www\project\Application\Runtime\Cache\Admin\b595b808c2ebeeeb0478ffc30bb4e87a.php 第 72 行.
NOTIC: [8] Use of undefined constant Auth - assumed 'Auth' H:\www\project\Application\Runtime\Cache\Admin\b595b808c2ebeeeb0478ffc30bb4e87a.php 第 77 行.
NOTIC: [8] Undefined variable: url H:\www\project\Application\Runtime\Cache\Admin\b595b808c2ebeeeb0478ffc30bb4e87a.php 第 79 行.
NOTIC: [8] Undefined variable: url H:\www\project\Application\Runtime\Cache\Admin\b595b808c2ebeeeb0478ffc30bb4e87a.php 第 82 行.
NOTIC: [8] Undefined variable: url H:\www\project\Application\Runtime\Cache\Admin\b595b808c2ebeeeb0478ffc30bb4e87a.php 第 85 行.
NOTIC: [8] Undefined variable: url H:\www\project\Application\Runtime\Cache\Admin\b595b808c2ebeeeb0478ffc30bb4e87a.php 第 88 行.
NOTIC: [8] Undefined variable: url H:\www\project\Application\Runtime\Cache\Admin\b595b808c2ebeeeb0478ffc30bb4e87a.php 第 91 行.
NOTIC: [8] Undefined variable: url H:\www\project\Application\Runtime\Cache\Admin\b595b808c2ebeeeb0478ffc30bb4e87a.php 第 94 行.
NOTIC: [8] Use of undefined constant System - assumed 'System' H:\www\project\Application\Runtime\Cache\Admin\b595b808c2ebeeeb0478ffc30bb4e87a.php 第 100 行.
NOTIC: [8] Use of undefined constant System - assumed 'System' H:\www\project\Application\Runtime\Cache\Admin\b595b808c2ebeeeb0478ffc30bb4e87a.php 第 105 行.
NOTIC: [8] Undefined variable: url H:\www\project\Application\Runtime\Cache\Admin\b595b808c2ebeeeb0478ffc30bb4e87a.php 第 107 行.
NOTIC: [8] Undefined variable: url H:\www\project\Application\Runtime\Cache\Admin\b595b808c2ebeeeb0478ffc30bb4e87a.php 第 110 行.
NOTIC: [8] Undefined variable: two H:\www\project\Application\Runtime\Cache\Admin\b595b808c2ebeeeb0478ffc30bb4e87a.php 第 130 行.
NOTIC: [8] Undefined variable: three H:\www\project\Application\Runtime\Cache\Admin\b595b808c2ebeeeb0478ffc30bb4e87a.php 第 133 行.
NOTIC: [8] Undefined variable: four H:\www\project\Application\Runtime\Cache\Admin\b595b808c2ebeeeb0478ffc30bb4e87a.php 第 136 行.
INFO: Run Behavior\ParseTemplateBehavior [ RunTime:0.016226s ]
INFO: [ view_parse ] --END-- [ RunTime:0.016268s ]
INFO: [ view_filter ] --START--
INFO: Run Behavior\WriteHtmlCacheBehavior [ RunTime:0.000570s ]
INFO: [ view_filter ] --END-- [ RunTime:0.000602s ]
INFO: [ app_end ] --START--
INFO: Run Behavior\ShowPageTraceBehavior [ RunTime:0.000624s ]
INFO: [ app_end ] --END-- [ RunTime:0.000656s ]

[ 2019-03-01T10:37:21+08:00 ] 127.0.0.1 /admin.php/System/banner.html
INFO: [ app_init ] --START--
INFO: Run Behavior\BuildLiteBehavior [ RunTime:0.000012s ]
INFO: [ app_init ] --END-- [ RunTime:0.000550s ]
INFO: [ app_begin ] --START--
INFO: Run Behavior\ReadHtmlCacheBehavior [ RunTime:0.000655s ]
INFO: [ app_begin ] --END-- [ RunTime:0.000705s ]
NOTIC: [2048] Declaration of Admin\Model\AdminModel::add() should be compatible with Think\Model::add($data = '', $options = Array, $replace = false) H:\www\project\Application\Admin\Model\AdminModel.class.php 第 6 行.
NOTIC: [2048] Declaration of Admin\Model\AdminModel::delete() should be compatible with Think\Model::delete($options = Array) H:\www\project\Application\Admin\Model\AdminModel.class.php 第 6 行.
SQL: SHOW COLUMNS FROM `admin` [ RunTime:0.0331s ]
SQL: SHOW COLUMNS FROM `admin` [ RunTime:0.0120s ]
SQL: SELECT * FROM `admin` WHERE `id` = 1 LIMIT 1   [ RunTime:0.0004s ]
NOTIC: [2048] Declaration of Admin\Model\BannerModel::add() should be compatible with Think\Model::add($data = '', $options = Array, $replace = false) H:\www\project\Application\Admin\Model\BannerModel.class.php 第 43 行.
SQL: SHOW COLUMNS FROM `banner` [ RunTime:0.0123s ]
SQL: SHOW COLUMNS FROM `banner` [ RunTime:0.0113s ]
SQL: SELECT * FROM `banner` WHERE `id` = 1 LIMIT 1   [ RunTime:0.0004s ]
INFO: [ view_parse ] --START--
INFO: [ template_filter ] --START--
INFO: Run Behavior\ContentReplaceBehavior [ RunTime:0.000050s ]
INFO: [ template_filter ] --END-- [ RunTime:0.000104s ]
NOTIC: [8] Use of undefined constant Poetry - assumed 'Poetry' H:\www\project\Application\Runtime\Cache\Admin\5943422376a73e9aaa32a77a06f34ae9.php 第 58 行.
NOTIC: [8] Use of undefined constant Poetry - assumed 'Poetry' H:\www\project\Application\Runtime\Cache\Admin\5943422376a73e9aaa32a77a06f34ae9.php 第 63 行.
NOTIC: [8] Use of undefined constant Auth - assumed 'Auth' H:\www\project\Application\Runtime\Cache\Admin\5943422376a73e9aaa32a77a06f34ae9.php 第 74 行.
NOTIC: [8] Use of undefined constant Auth - assumed 'Auth' H:\www\project\Application\Runtime\Cache\Admin\5943422376a73e9aaa32a77a06f34ae9.php 第 79 行.
NOTIC: [8] Use of undefined constant System - assumed 'System' H:\www\project\Application\Runtime\Cache\Admin\5943422376a73e9aaa32a77a06f34ae9.php 第 102 行.
NOTIC: [8] Use of undefined constant System - assumed 'System' H:\www\project\Application\Runtime\Cache\Admin\5943422376a73e9aaa32a77a06f34ae9.php 第 107 行.
NOTIC: [8] Undefined variable: three H:\www\project\Application\Runtime\Cache\Admin\5943422376a73e9aaa32a77a06f34ae9.php 第 135 行.
NOTIC: [8] Undefined variable: four H:\www\project\Application\Runtime\Cache\Admin\5943422376a73e9aaa32a77a06f34ae9.php 第 138 行.
INFO: Run Behavior\ParseTemplateBehavior [ RunTime:0.012430s ]
INFO: [ view_parse ] --END-- [ RunTime:0.012479s ]
INFO: [ view_filter ] --START--
INFO: Run Behavior\WriteHtmlCacheBehavior [ RunTime:0.000536s ]
INFO: [ view_filter ] --END-- [ RunTime:0.000565s ]
INFO: [ app_end ] --START--
INFO: Run Behavior\ShowPageTraceBehavior [ RunTime:0.000630s ]
INFO: [ app_end ] --END-- [ RunTime:0.000665s ]

[ 2019-03-01T16:12:29+08:00 ] 127.0.0.1 /admin.php/Auth/admin.html
INFO: [ app_init ] --START--
INFO: Run Behavior\BuildLiteBehavior [ RunTime:0.000013s ]
INFO: [ app_init ] --END-- [ RunTime:0.001734s ]
INFO: [ app_begin ] --START--
INFO: Run Behavior\ReadHtmlCacheBehavior [ RunTime:0.006246s ]
INFO: [ app_begin ] --END-- [ RunTime:0.006317s ]
NOTIC: [2048] Declaration of Admin\Model\AdminModel::add() should be compatible with Think\Model::add($data = '', $options = Array, $replace = false) H:\www\project\Application\Admin\Model\AdminModel.class.php 第 6 行.
NOTIC: [2048] Declaration of Admin\Model\AdminModel::delete() should be compatible with Think\Model::delete($options = Array) H:\www\project\Application\Admin\Model\AdminModel.class.php 第 6 行.
SQL: SHOW COLUMNS FROM `admin` [ RunTime:0.0154s ]
SQL: SHOW COLUMNS FROM `admin` [ RunTime:0.0110s ]
SQL: SELECT * FROM `admin` WHERE `id` = 1 LIMIT 1   [ RunTime:0.0005s ]
NOTIC: [2048] Declaration of Admin\Model\AdminGroupModel::add() should be compatible with Think\Model::add($data = '', $options = Array, $replace = false) H:\www\project\Application\Admin\Model\AdminGroupModel.class.php 第 42 行.
SQL: SHOW COLUMNS FROM `admin_group` [ RunTime:0.0302s ]
SQL: SELECT COUNT(*) AS tp_count FROM `admin` LIMIT 1   [ RunTime:0.0032s ]
SQL: SELECT * FROM `admin` ORDER BY id asc  [ RunTime:0.0005s ]
SQL: SHOW COLUMNS FROM `admin_group` [ RunTime:0.0220s ]
SQL: SELECT * FROM `admin_group` WHERE `id` = 1 LIMIT 1   [ RunTime:0.0004s ]
INFO: [ view_parse ] --START--
INFO: [ template_filter ] --START--
INFO: Run Behavior\ContentReplaceBehavior [ RunTime:0.000134s ]
INFO: [ template_filter ] --END-- [ RunTime:0.000184s ]
NOTIC: [8] Use of undefined constant Poetry - assumed 'Poetry' H:\www\project\Application\Runtime\Cache\Admin\570ae7973d58f77a3f5ecdd9d3c49818.php 第 53 行.
NOTIC: [8] Use of undefined constant Poetry - assumed 'Poetry' H:\www\project\Application\Runtime\Cache\Admin\570ae7973d58f77a3f5ecdd9d3c49818.php 第 58 行.
NOTIC: [8] Use of undefined constant Auth - assumed 'Auth' H:\www\project\Application\Runtime\Cache\Admin\570ae7973d58f77a3f5ecdd9d3c49818.php 第 69 行.
NOTIC: [8] Use of undefined constant Auth - assumed 'Auth' H:\www\project\Application\Runtime\Cache\Admin\570ae7973d58f77a3f5ecdd9d3c49818.php 第 74 行.
NOTIC: [8] Use of undefined constant System - assumed 'System' H:\www\project\Application\Runtime\Cache\Admin\570ae7973d58f77a3f5ecdd9d3c49818.php 第 97 行.
NOTIC: [8] Use of undefined constant System - assumed 'System' H:\www\project\Application\Runtime\Cache\Admin\570ae7973d58f77a3f5ecdd9d3c49818.php 第 102 行.
NOTIC: [8] Undefined variable: three H:\www\project\Application\Runtime\Cache\Admin\570ae7973d58f77a3f5ecdd9d3c49818.php 第 130 行.
NOTIC: [8] Undefined variable: four H:\www\project\Application\Runtime\Cache\Admin\570ae7973d58f77a3f5ecdd9d3c49818.php 第 133 行.
INFO: Run Behavior\ParseTemplateBehavior [ RunTime:0.018294s ]
INFO: [ view_parse ] --END-- [ RunTime:0.018341s ]
INFO: [ view_filter ] --START--
INFO: Run Behavior\WriteHtmlCacheBehavior [ RunTime:0.001701s ]
INFO: [ view_filter ] --END-- [ RunTime:0.001743s ]
INFO: [ app_end ] --START--
INFO: Run Behavior\ShowPageTraceBehavior [ RunTime:0.001017s ]
INFO: [ app_end ] --END-- [ RunTime:0.001055s ]

[ 2019-03-01T16:12:31+08:00 ] 127.0.0.1 /admin.php/Auth/adminAddEdit.html
INFO: [ app_init ] --START--
INFO: Run Behavior\BuildLiteBehavior [ RunTime:0.000014s ]
INFO: [ app_init ] --END-- [ RunTime:0.000856s ]
INFO: [ app_begin ] --START--
INFO: Run Behavior\ReadHtmlCacheBehavior [ RunTime:0.001505s ]
INFO: [ app_begin ] --END-- [ RunTime:0.001565s ]
NOTIC: [2048] Declaration of Admin\Model\AdminModel::add() should be compatible with Think\Model::add($data = '', $options = Array, $replace = false) H:\www\project\Application\Admin\Model\AdminModel.class.php 第 6 行.
NOTIC: [2048] Declaration of Admin\Model\AdminModel::delete() should be compatible with Think\Model::delete($options = Array) H:\www\project\Application\Admin\Model\AdminModel.class.php 第 6 行.
SQL: SHOW COLUMNS FROM `admin` [ RunTime:0.0517s ]
SQL: SHOW COLUMNS FROM `admin` [ RunTime:0.0770s ]
SQL: SELECT * FROM `admin` WHERE `id` = 1 LIMIT 1   [ RunTime:0.0005s ]
NOTIC: [2048] Declaration of Admin\Model\AdminGroupModel::add() should be compatible with Think\Model::add($data = '', $options = Array, $replace = false) H:\www\project\Application\Admin\Model\AdminGroupModel.class.php 第 42 行.
SQL: SHOW COLUMNS FROM `admin_group` [ RunTime:0.0169s ]
SQL: SELECT * FROM `admin` WHERE `id` = 0 LIMIT 1   [ RunTime:0.0004s ]
SQL: SHOW COLUMNS FROM `admin_group` [ RunTime:0.0089s ]
SQL: SELECT * FROM `admin_group` WHERE `status` = 1 ORDER BY id asc  [ RunTime:0.0018s ]
INFO: [ view_parse ] --START--
INFO: [ template_filter ] --START--
INFO: Run Behavior\ContentReplaceBehavior [ RunTime:0.000164s ]
INFO: [ template_filter ] --END-- [ RunTime:0.000213s ]
NOTIC: [8] Use of undefined constant Poetry - assumed 'Poetry' H:\www\project\Application\Runtime\Cache\Admin\82234b947eea7b938b645c7e3de30397.php 第 56 行.
NOTIC: [8] Use of undefined constant Poetry - assumed 'Poetry' H:\www\project\Application\Runtime\Cache\Admin\82234b947eea7b938b645c7e3de30397.php 第 61 行.
NOTIC: [8] Use of undefined constant Auth - assumed 'Auth' H:\www\project\Application\Runtime\Cache\Admin\82234b947eea7b938b645c7e3de30397.php 第 72 行.
NOTIC: [8] Use of undefined constant Auth - assumed 'Auth' H:\www\project\Application\Runtime\Cache\Admin\82234b947eea7b938b645c7e3de30397.php 第 77 行.
NOTIC: [8] Use of undefined constant System - assumed 'System' H:\www\project\Application\Runtime\Cache\Admin\82234b947eea7b938b645c7e3de30397.php 第 100 行.
NOTIC: [8] Use of undefined constant System - assumed 'System' H:\www\project\Application\Runtime\Cache\Admin\82234b947eea7b938b645c7e3de30397.php 第 105 行.
NOTIC: [8] Undefined variable: four H:\www\project\Application\Runtime\Cache\Admin\82234b947eea7b938b645c7e3de30397.php 第 136 行.
NOTIC: [8] Undefined variable: store_info H:\www\project\Application\Runtime\Cache\Admin\82234b947eea7b938b645c7e3de30397.php 第 215 行.
NOTIC: [8] Undefined variable: file_info H:\www\project\Application\Runtime\Cache\Admin\82234b947eea7b938b645c7e3de30397.php 第 217 行.
NOTIC: [8] Undefined variable: store_info H:\www\project\Application\Runtime\Cache\Admin\82234b947eea7b938b645c7e3de30397.php 第 221 行.
INFO: Run Behavior\ParseTemplateBehavior [ RunTime:0.019488s ]
INFO: [ view_parse ] --END-- [ RunTime:0.019537s ]
INFO: [ view_filter ] --START--
INFO: Run Behavior\WriteHtmlCacheBehavior [ RunTime:0.000819s ]
INFO: [ view_filter ] --END-- [ RunTime:0.000858s ]
INFO: [ app_end ] --START--
INFO: Run Behavior\ShowPageTraceBehavior [ RunTime:0.001375s ]
INFO: [ app_end ] --END-- [ RunTime:0.001474s ]

[ 2019-03-01T16:13:47+08:00 ] 127.0.0.1 /admin.php/Auth/admin.html
INFO: [ app_init ] --START--
INFO: Run Behavior\BuildLiteBehavior [ RunTime:0.000814s ]
INFO: [ app_init ] --END-- [ RunTime:0.013155s ]
INFO: [ app_begin ] --START--
INFO: Run Behavior\ReadHtmlCacheBehavior [ RunTime:0.013052s ]
INFO: [ app_begin ] --END-- [ RunTime:0.013213s ]
NOTIC: [2048] Declaration of Admin\Model\AdminModel::add() should be compatible with Think\Model::add($data = '', $options = Array, $replace = false) H:\www\project\Application\Admin\Model\AdminModel.class.php 第 6 行.
NOTIC: [2048] Declaration of Admin\Model\AdminModel::delete() should be compatible with Think\Model::delete($options = Array) H:\www\project\Application\Admin\Model\AdminModel.class.php 第 6 行.
SQL: SHOW COLUMNS FROM `admin` [ RunTime:0.0404s ]
SQL: SHOW COLUMNS FROM `admin` [ RunTime:0.0336s ]
SQL: SELECT * FROM `admin` WHERE `id` = 1 LIMIT 1   [ RunTime:0.0005s ]
NOTIC: [2048] Declaration of Admin\Model\AdminGroupModel::add() should be compatible with Think\Model::add($data = '', $options = Array, $replace = false) H:\www\project\Application\Admin\Model\AdminGroupModel.class.php 第 42 行.
SQL: SHOW COLUMNS FROM `admin_group` [ RunTime:0.0486s ]
SQL: SELECT COUNT(*) AS tp_count FROM `admin` LIMIT 1   [ RunTime:0.0008s ]
SQL: SELECT * FROM `admin` ORDER BY id asc  [ RunTime:0.0186s ]
SQL: SHOW COLUMNS FROM `admin_group` [ RunTime:0.0121s ]
SQL: SELECT * FROM `admin_group` WHERE `id` = 1 LIMIT 1   [ RunTime:0.0004s ]
INFO: [ view_parse ] --START--
INFO: [ template_filter ] --START--
INFO: Run Behavior\ContentReplaceBehavior [ RunTime:0.000076s ]
INFO: [ template_filter ] --END-- [ RunTime:0.000127s ]
NOTIC: [8] Use of undefined constant Poetry - assumed 'Poetry' H:\www\project\Application\Runtime\Cache\Admin\570ae7973d58f77a3f5ecdd9d3c49818.php 第 53 行.
NOTIC: [8] Use of undefined constant Poetry - assumed 'Poetry' H:\www\project\Application\Runtime\Cache\Admin\570ae7973d58f77a3f5ecdd9d3c49818.php 第 58 行.
NOTIC: [8] Use of undefined constant Auth - assumed 'Auth' H:\www\project\Application\Runtime\Cache\Admin\570ae7973d58f77a3f5ecdd9d3c49818.php 第 69 行.
NOTIC: [8] Use of undefined constant Auth - assumed 'Auth' H:\www\project\Application\Runtime\Cache\Admin\570ae7973d58f77a3f5ecdd9d3c49818.php 第 74 行.
NOTIC: [8] Use of undefined constant System - assumed 'System' H:\www\project\Application\Runtime\Cache\Admin\570ae7973d58f77a3f5ecdd9d3c49818.php 第 97 行.
NOTIC: [8] Use of undefined constant System - assumed 'System' H:\www\project\Application\Runtime\Cache\Admin\570ae7973d58f77a3f5ecdd9d3c49818.php 第 102 行.
NOTIC: [8] Undefined variable: three H:\www\project\Application\Runtime\Cache\Admin\570ae7973d58f77a3f5ecdd9d3c49818.php 第 130 行.
NOTIC: [8] Undefined variable: four H:\www\project\Application\Runtime\Cache\Admin\570ae7973d58f77a3f5ecdd9d3c49818.php 第 133 行.
INFO: Run Behavior\ParseTemplateBehavior [ RunTime:0.014566s ]
INFO: [ view_parse ] --END-- [ RunTime:0.014617s ]
INFO: [ view_filter ] --START--
INFO: Run Behavior\WriteHtmlCacheBehavior [ RunTime:0.000709s ]
INFO: [ view_filter ] --END-- [ RunTime:0.000741s ]
INFO: [ app_end ] --START--
INFO: Run Behavior\ShowPageTraceBehavior [ RunTime:0.000735s ]
INFO: [ app_end ] --END-- [ RunTime:0.000766s ]

[ 2019-03-01T16:14:11+08:00 ] 127.0.0.1 /admin.php/Poetry/poem.html
INFO: [ app_init ] --START--
INFO: Run Behavior\BuildLiteBehavior [ RunTime:0.000010s ]
INFO: [ app_init ] --END-- [ RunTime:0.000455s ]
INFO: [ app_begin ] --START--
INFO: Run Behavior\ReadHtmlCacheBehavior [ RunTime:0.000874s ]
INFO: [ app_begin ] --END-- [ RunTime:0.000930s ]
NOTIC: [2048] Declaration of Admin\Model\AdminModel::add() should be compatible with Think\Model::add($data = '', $options = Array, $replace = false) H:\www\project\Application\Admin\Model\AdminModel.class.php 第 6 行.
NOTIC: [2048] Declaration of Admin\Model\AdminModel::delete() should be compatible with Think\Model::delete($options = Array) H:\www\project\Application\Admin\Model\AdminModel.class.php 第 6 行.
SQL: SHOW COLUMNS FROM `admin` [ RunTime:0.0157s ]
SQL: SHOW COLUMNS FROM `admin` [ RunTime:0.0325s ]
SQL: SELECT * FROM `admin` WHERE `id` = 1 LIMIT 1   [ RunTime:0.0016s ]
NOTIC: [2048] Declaration of Admin\Model\ScgfModel::add() should be compatible with Think\Model::add($data = '', $options = Array, $replace = false) H:\www\project\Application\Admin\Model\ScgfModel.class.php 第 43 行.
SQL: SHOW COLUMNS FROM `scgf` [ RunTime:0.0867s ]
SQL: SHOW COLUMNS FROM `scgf` [ RunTime:0.0223s ]
SQL: SELECT COUNT(*) AS tp_count FROM `scgf` WHERE `type` = 1 AND `status` <> -1 LIMIT 1   [ RunTime:0.0034s ]
SQL: SELECT * FROM `scgf` WHERE `type` = 1 AND `status` <> -1 ORDER BY id desc LIMIT 0,1   [ RunTime:0.0029s ]
INFO: [ view_parse ] --START--
INFO: [ template_filter ] --START--
INFO: Run Behavior\ContentReplaceBehavior [ RunTime:0.000089s ]
INFO: [ template_filter ] --END-- [ RunTime:0.000192s ]
NOTIC: [8] Use of undefined constant Poetry - assumed 'Poetry' H:\www\project\Application\Runtime\Cache\Admin\e9ceb4cd81e6707cd7c25ef2270532ae.php 第 53 行.
NOTIC: [8] Use of undefined constant Poetry - assumed 'Poetry' H:\www\project\Application\Runtime\Cache\Admin\e9ceb4cd81e6707cd7c25ef2270532ae.php 第 58 行.
NOTIC: [8] Use of undefined constant Auth - assumed 'Auth' H:\www\project\Application\Runtime\Cache\Admin\e9ceb4cd81e6707cd7c25ef2270532ae.php 第 69 行.
NOTIC: [8] Use of undefined constant Auth - assumed 'Auth' H:\www\project\Application\Runtime\Cache\Admin\e9ceb4cd81e6707cd7c25ef2270532ae.php 第 74 行.
NOTIC: [8] Use of undefined constant System - assumed 'System' H:\www\project\Application\Runtime\Cache\Admin\e9ceb4cd81e6707cd7c25ef2270532ae.php 第 97 行.
NOTIC: [8] Use of undefined constant System - assumed 'System' H:\www\project\Application\Runtime\Cache\Admin\e9ceb4cd81e6707cd7c25ef2270532ae.php 第 102 行.
NOTIC: [8] Undefined variable: three H:\www\project\Application\Runtime\Cache\Admin\e9ceb4cd81e6707cd7c25ef2270532ae.php 第 130 行.
NOTIC: [8] Undefined variable: four H:\www\project\Application\Runtime\Cache\Admin\e9ceb4cd81e6707cd7c25ef2270532ae.php 第 133 行.
INFO: Run Behavior\ParseTemplateBehavior [ RunTime:0.047393s ]
INFO: [ view_parse ] --END-- [ RunTime:0.047775s ]
INFO: [ view_filter ] --START--
INFO: Run Behavior\WriteHtmlCacheBehavior [ RunTime:0.007294s ]
INFO: [ view_filter ] --END-- [ RunTime:0.007345s ]
INFO: [ app_end ] --START--
INFO: Run Behavior\ShowPageTraceBehavior [ RunTime:0.001010s ]
INFO: [ app_end ] --END-- [ RunTime:0.001076s ]

[ 2019-03-01T16:14:55+08:00 ] 127.0.0.1 /admin.php/Poetry/poemDetail/id/1/type/1.html
INFO: [ app_init ] --START--
INFO: Run Behavior\BuildLiteBehavior [ RunTime:0.000012s ]
INFO: [ app_init ] --END-- [ RunTime:0.000522s ]
INFO: [ app_begin ] --START--
INFO: Run Behavior\ReadHtmlCacheBehavior [ RunTime:0.001154s ]
INFO: [ app_begin ] --END-- [ RunTime:0.001219s ]
NOTIC: [2048] Declaration of Admin\Model\AdminModel::add() should be compatible with Think\Model::add($data = '', $options = Array, $replace = false) H:\www\project\Application\Admin\Model\AdminModel.class.php 第 6 行.
NOTIC: [2048] Declaration of Admin\Model\AdminModel::delete() should be compatible with Think\Model::delete($options = Array) H:\www\project\Application\Admin\Model\AdminModel.class.php 第 6 行.
SQL: SHOW COLUMNS FROM `admin` [ RunTime:0.0120s ]
SQL: SHOW COLUMNS FROM `admin` [ RunTime:0.0065s ]
SQL: SELECT * FROM `admin` WHERE `id` = 1 LIMIT 1   [ RunTime:0.0004s ]
NOTIC: [2048] Declaration of Admin\Model\ScgfModel::add() should be compatible with Think\Model::add($data = '', $options = Array, $replace = false) H:\www\project\Application\Admin\Model\ScgfModel.class.php 第 43 行.
SQL: SHOW COLUMNS FROM `scgf` [ RunTime:0.0098s ]
SQL: SHOW COLUMNS FROM `scgf` [ RunTime:0.0139s ]
SQL: SELECT * FROM `scgf` WHERE `id` = 1 LIMIT 1   [ RunTime:0.0016s ]
INFO: [ view_parse ] --START--
INFO: [ template_filter ] --START--
INFO: Run Behavior\ContentReplaceBehavior [ RunTime:0.000047s ]
INFO: [ template_filter ] --END-- [ RunTime:0.000088s ]
NOTIC: [8] Use of undefined constant Poetry - assumed 'Poetry' H:\www\project\Application\Runtime\Cache\Admin\57573b93927849c4974739c750821a30.php 第 56 行.
NOTIC: [8] Use of undefined constant Poetry - assumed 'Poetry' H:\www\project\Application\Runtime\Cache\Admin\57573b93927849c4974739c750821a30.php 第 61 行.
NOTIC: [8] Use of undefined constant Auth - assumed 'Auth' H:\www\project\Application\Runtime\Cache\Admin\57573b93927849c4974739c750821a30.php 第 72 行.
NOTIC: [8] Use of undefined constant Auth - assumed 'Auth' H:\www\project\Application\Runtime\Cache\Admin\57573b93927849c4974739c750821a30.php 第 77 行.
NOTIC: [8] Use of undefined constant System - assumed 'System' H:\www\project\Application\Runtime\Cache\Admin\57573b93927849c4974739c750821a30.php 第 100 行.
NOTIC: [8] Use of undefined constant System - assumed 'System' H:\www\project\Application\Runtime\Cache\Admin\57573b93927849c4974739c750821a30.php 第 105 行.
NOTIC: [8] Undefined variable: four H:\www\project\Application\Runtime\Cache\Admin\57573b93927849c4974739c750821a30.php 第 136 行.
INFO: Run Behavior\ParseTemplateBehavior [ RunTime:0.033505s ]
INFO: [ view_parse ] --END-- [ RunTime:0.033564s ]
INFO: [ view_filter ] --START--
INFO: Run Behavior\WriteHtmlCacheBehavior [ RunTime:0.001005s ]
INFO: [ view_filter ] --END-- [ RunTime:0.001045s ]
INFO: [ app_end ] --START--
INFO: Run Behavior\ShowPageTraceBehavior [ RunTime:0.001865s ]
INFO: [ app_end ] --END-- [ RunTime:0.001981s ]

